[2.242s] DEBUG:colcon:Command line arguments: ['/usr/local/bin/colcon', 'build']
[2.243s] DEBUG:colcon:Parsed command line arguments: Namespace(allow_overriding=[], ament_cmake_args=None, base_paths=['.'], build_base='build', catkin_cmake_args=None, catkin_skip_building_tests=False, cmake_args=None, cmake_clean_cache=False, cmake_clean_first=False, cmake_force_configure=False, cmake_target=None, cmake_target_skip_unavailable=False, continue_on_error=False, event_handlers=None, executor='parallel', ignore_user_meta=False, install_base='install', log_base=None, log_level=None, main=<bound method BuildVerb.main of <colcon_core.verb.build.BuildVerb object at 0x7fc4a7082c10>>, merge_install=False, metas=['./colcon.meta'], packages_above=None, packages_above_and_dependencies=None, packages_above_depth=None, packages_end=None, packages_ignore=None, packages_ignore_regex=None, packages_select=None, packages_select_build_failed=False, packages_select_by_dep=None, packages_select_regex=None, packages_select_test_failures=False, packages_skip=None, packages_skip_build_finished=False, packages_skip_by_dep=None, packages_skip_regex=None, packages_skip_test_passed=False, packages_skip_up_to=None, packages_start=None, packages_up_to=None, packages_up_to_regex=None, parallel_workers=2, paths=None, symlink_install=False, test_result_base=None, verb_extension=<colcon_core.verb.build.BuildVerb object at 0x7fc4a7082c10>, verb_name='build', verb_parser=<colcon_defaults.argument_parser.defaults.DefaultArgumentsDecorator object at 0x7fc4a70931c0>)
[2.333s] Level 1:colcon.colcon_core.package_discovery:discover_packages(colcon_meta) check parameters
[2.334s] Level 1:colcon.colcon_core.package_discovery:discover_packages(recursive) check parameters
[2.334s] Level 1:colcon.colcon_core.package_discovery:discover_packages(ignore) check parameters
[2.334s] Level 1:colcon.colcon_core.package_discovery:discover_packages(path) check parameters
[2.334s] Level 1:colcon.colcon_core.package_discovery:discover_packages(colcon_meta) discover
[2.335s] Level 1:colcon.colcon_core.package_discovery:discover_packages(recursive) discover
[2.335s] INFO:colcon.colcon_core.package_discovery:Crawling recursively for packages in '/home/aggregator/ros2_ws'
[2.335s] Level 1:colcon.colcon_core.package_identification:_identify(.) by extensions ['ignore', 'ignore_ament_install']
[2.335s] Level 1:colcon.colcon_core.package_identification:_identify(.) by extension 'ignore'
[2.336s] Level 1:colcon.colcon_core.package_identification:_identify(.) by extension 'ignore_ament_install'
[2.336s] Level 1:colcon.colcon_core.package_identification:_identify(.) by extensions ['colcon_pkg']
[2.336s] Level 1:colcon.colcon_core.package_identification:_identify(.) by extension 'colcon_pkg'
[2.336s] Level 1:colcon.colcon_core.package_identification:_identify(.) by extensions ['colcon_meta']
[2.336s] Level 1:colcon.colcon_core.package_identification:_identify(.) by extension 'colcon_meta'
[2.336s] Level 1:colcon.colcon_core.package_identification:_identify(.) by extensions ['ros']
[2.336s] Level 1:colcon.colcon_core.package_identification:_identify(.) by extension 'ros'
[2.406s] Level 1:colcon.colcon_core.package_identification:_identify(.) by extensions ['cmake', 'python']
[2.406s] Level 1:colcon.colcon_core.package_identification:_identify(.) by extension 'cmake'
[2.406s] Level 1:colcon.colcon_core.package_identification:_identify(.) by extension 'python'
[2.406s] Level 1:colcon.colcon_core.package_identification:_identify(.) by extensions ['python_setup_py']
[2.406s] Level 1:colcon.colcon_core.package_identification:_identify(.) by extension 'python_setup_py'
[2.407s] Level 1:colcon.colcon_core.package_identification:_identify(build) by extensions ['ignore', 'ignore_ament_install']
[2.407s] Level 1:colcon.colcon_core.package_identification:_identify(build) by extension 'ignore'
[2.407s] Level 1:colcon.colcon_core.package_identification:_identify(build) ignored
[2.408s] Level 1:colcon.colcon_core.package_identification:_identify(install) by extensions ['ignore', 'ignore_ament_install']
[2.408s] Level 1:colcon.colcon_core.package_identification:_identify(install) by extension 'ignore'
[2.408s] Level 1:colcon.colcon_core.package_identification:_identify(install) ignored
[2.408s] Level 1:colcon.colcon_core.package_identification:_identify(log) by extensions ['ignore', 'ignore_ament_install']
[2.409s] Level 1:colcon.colcon_core.package_identification:_identify(log) by extension 'ignore'
[2.409s] Level 1:colcon.colcon_core.package_identification:_identify(log) ignored
[2.409s] Level 1:colcon.colcon_core.package_identification:_identify(src) by extensions ['ignore', 'ignore_ament_install']
[2.409s] Level 1:colcon.colcon_core.package_identification:_identify(src) by extension 'ignore'
[2.410s] Level 1:colcon.colcon_core.package_identification:_identify(src) by extension 'ignore_ament_install'
[2.410s] Level 1:colcon.colcon_core.package_identification:_identify(src) by extensions ['colcon_pkg']
[2.410s] Level 1:colcon.colcon_core.package_identification:_identify(src) by extension 'colcon_pkg'
[2.410s] Level 1:colcon.colcon_core.package_identification:_identify(src) by extensions ['colcon_meta']
[2.410s] Level 1:colcon.colcon_core.package_identification:_identify(src) by extension 'colcon_meta'
[2.411s] Level 1:colcon.colcon_core.package_identification:_identify(src) by extensions ['ros']
[2.411s] Level 1:colcon.colcon_core.package_identification:_identify(src) by extension 'ros'
[2.411s] Level 1:colcon.colcon_core.package_identification:_identify(src) by extensions ['cmake', 'python']
[2.411s] Level 1:colcon.colcon_core.package_identification:_identify(src) by extension 'cmake'
[2.411s] Level 1:colcon.colcon_core.package_identification:_identify(src) by extension 'python'
[2.411s] Level 1:colcon.colcon_core.package_identification:_identify(src) by extensions ['python_setup_py']
[2.411s] Level 1:colcon.colcon_core.package_identification:_identify(src) by extension 'python_setup_py'
[2.412s] Level 1:colcon.colcon_core.package_identification:_identify(src/perception_navigation) by extensions ['ignore', 'ignore_ament_install']
[2.412s] Level 1:colcon.colcon_core.package_identification:_identify(src/perception_navigation) by extension 'ignore'
[2.412s] Level 1:colcon.colcon_core.package_identification:_identify(src/perception_navigation) by extension 'ignore_ament_install'
[2.413s] Level 1:colcon.colcon_core.package_identification:_identify(src/perception_navigation) by extensions ['colcon_pkg']
[2.413s] Level 1:colcon.colcon_core.package_identification:_identify(src/perception_navigation) by extension 'colcon_pkg'
[2.413s] Level 1:colcon.colcon_core.package_identification:_identify(src/perception_navigation) by extensions ['colcon_meta']
[2.413s] Level 1:colcon.colcon_core.package_identification:_identify(src/perception_navigation) by extension 'colcon_meta'
[2.413s] Level 1:colcon.colcon_core.package_identification:_identify(src/perception_navigation) by extensions ['ros']
[2.413s] Level 1:colcon.colcon_core.package_identification:_identify(src/perception_navigation) by extension 'ros'
[2.460s] DEBUG:colcon.colcon_core.package_identification:Package 'src/perception_navigation' with type 'ros.ament_python' and name 'perception_navigation'
[2.461s] Level 1:colcon.colcon_core.package_identification:_identify(src/py_pubsub) by extensions ['ignore', 'ignore_ament_install']
[2.461s] Level 1:colcon.colcon_core.package_identification:_identify(src/py_pubsub) by extension 'ignore'
[2.461s] Level 1:colcon.colcon_core.package_identification:_identify(src/py_pubsub) by extension 'ignore_ament_install'
[2.462s] Level 1:colcon.colcon_core.package_identification:_identify(src/py_pubsub) by extensions ['colcon_pkg']
[2.462s] Level 1:colcon.colcon_core.package_identification:_identify(src/py_pubsub) by extension 'colcon_pkg'
[2.462s] Level 1:colcon.colcon_core.package_identification:_identify(src/py_pubsub) by extensions ['colcon_meta']
[2.462s] Level 1:colcon.colcon_core.package_identification:_identify(src/py_pubsub) by extension 'colcon_meta'
[2.462s] Level 1:colcon.colcon_core.package_identification:_identify(src/py_pubsub) by extensions ['ros']
[2.462s] Level 1:colcon.colcon_core.package_identification:_identify(src/py_pubsub) by extension 'ros'
[2.465s] DEBUG:colcon.colcon_core.package_identification:Package 'src/py_pubsub' with type 'ros.ament_python' and name 'py_pubsub'
[2.466s] Level 1:colcon.colcon_core.package_identification:_identify(src/realsense-ros) by extensions ['ignore', 'ignore_ament_install']
[2.467s] Level 1:colcon.colcon_core.package_identification:_identify(src/realsense-ros) by extension 'ignore'
[2.467s] Level 1:colcon.colcon_core.package_identification:_identify(src/realsense-ros) by extension 'ignore_ament_install'
[2.467s] Level 1:colcon.colcon_core.package_identification:_identify(src/realsense-ros) by extensions ['colcon_pkg']
[2.467s] Level 1:colcon.colcon_core.package_identification:_identify(src/realsense-ros) by extension 'colcon_pkg'
[2.467s] Level 1:colcon.colcon_core.package_identification:_identify(src/realsense-ros) by extensions ['colcon_meta']
[2.467s] Level 1:colcon.colcon_core.package_identification:_identify(src/realsense-ros) by extension 'colcon_meta'
[2.468s] Level 1:colcon.colcon_core.package_identification:_identify(src/realsense-ros) by extensions ['ros']
[2.468s] Level 1:colcon.colcon_core.package_identification:_identify(src/realsense-ros) by extension 'ros'
[2.469s] Level 1:colcon.colcon_core.package_identification:_identify(src/realsense-ros) by extensions ['cmake', 'python']
[2.470s] Level 1:colcon.colcon_core.package_identification:_identify(src/realsense-ros) by extension 'cmake'
[2.470s] Level 1:colcon.colcon_core.package_identification:_identify(src/realsense-ros) by extension 'python'
[2.470s] Level 1:colcon.colcon_core.package_identification:_identify(src/realsense-ros) by extensions ['python_setup_py']
[2.470s] Level 1:colcon.colcon_core.package_identification:_identify(src/realsense-ros) by extension 'python_setup_py'
[2.471s] Level 1:colcon.colcon_core.package_identification:_identify(src/realsense-ros/realsense2_camera) by extensions ['ignore', 'ignore_ament_install']
[2.471s] Level 1:colcon.colcon_core.package_identification:_identify(src/realsense-ros/realsense2_camera) by extension 'ignore'
[2.471s] Level 1:colcon.colcon_core.package_identification:_identify(src/realsense-ros/realsense2_camera) by extension 'ignore_ament_install'
[2.471s] Level 1:colcon.colcon_core.package_identification:_identify(src/realsense-ros/realsense2_camera) by extensions ['colcon_pkg']
[2.471s] Level 1:colcon.colcon_core.package_identification:_identify(src/realsense-ros/realsense2_camera) by extension 'colcon_pkg'
[2.472s] Level 1:colcon.colcon_core.package_identification:_identify(src/realsense-ros/realsense2_camera) by extensions ['colcon_meta']
[2.472s] Level 1:colcon.colcon_core.package_identification:_identify(src/realsense-ros/realsense2_camera) by extension 'colcon_meta'
[2.472s] Level 1:colcon.colcon_core.package_identification:_identify(src/realsense-ros/realsense2_camera) by extensions ['ros']
[2.472s] Level 1:colcon.colcon_core.package_identification:_identify(src/realsense-ros/realsense2_camera) by extension 'ros'
[2.479s] DEBUG:colcon.colcon_core.package_identification:Package 'src/realsense-ros/realsense2_camera' with type 'ros.ament_cmake' and name 'realsense2_camera'
[2.479s] Level 1:colcon.colcon_core.package_identification:_identify(src/realsense-ros/realsense2_camera_msgs) by extensions ['ignore', 'ignore_ament_install']
[2.480s] Level 1:colcon.colcon_core.package_identification:_identify(src/realsense-ros/realsense2_camera_msgs) by extension 'ignore'
[2.480s] Level 1:colcon.colcon_core.package_identification:_identify(src/realsense-ros/realsense2_camera_msgs) by extension 'ignore_ament_install'
[2.480s] Level 1:colcon.colcon_core.package_identification:_identify(src/realsense-ros/realsense2_camera_msgs) by extensions ['colcon_pkg']
[2.480s] Level 1:colcon.colcon_core.package_identification:_identify(src/realsense-ros/realsense2_camera_msgs) by extension 'colcon_pkg'
[2.481s] Level 1:colcon.colcon_core.package_identification:_identify(src/realsense-ros/realsense2_camera_msgs) by extensions ['colcon_meta']
[2.481s] Level 1:colcon.colcon_core.package_identification:_identify(src/realsense-ros/realsense2_camera_msgs) by extension 'colcon_meta'
[2.481s] Level 1:colcon.colcon_core.package_identification:_identify(src/realsense-ros/realsense2_camera_msgs) by extensions ['ros']
[2.481s] Level 1:colcon.colcon_core.package_identification:_identify(src/realsense-ros/realsense2_camera_msgs) by extension 'ros'
[2.484s] DEBUG:colcon.colcon_core.package_identification:Package 'src/realsense-ros/realsense2_camera_msgs' with type 'ros.ament_cmake' and name 'realsense2_camera_msgs'
[2.484s] Level 1:colcon.colcon_core.package_identification:_identify(src/realsense-ros/realsense2_description) by extensions ['ignore', 'ignore_ament_install']
[2.485s] Level 1:colcon.colcon_core.package_identification:_identify(src/realsense-ros/realsense2_description) by extension 'ignore'
[2.485s] Level 1:colcon.colcon_core.package_identification:_identify(src/realsense-ros/realsense2_description) by extension 'ignore_ament_install'
[2.485s] Level 1:colcon.colcon_core.package_identification:_identify(src/realsense-ros/realsense2_description) by extensions ['colcon_pkg']
[2.485s] Level 1:colcon.colcon_core.package_identification:_identify(src/realsense-ros/realsense2_description) by extension 'colcon_pkg'
[2.485s] Level 1:colcon.colcon_core.package_identification:_identify(src/realsense-ros/realsense2_description) by extensions ['colcon_meta']
[2.486s] Level 1:colcon.colcon_core.package_identification:_identify(src/realsense-ros/realsense2_description) by extension 'colcon_meta'
[2.486s] Level 1:colcon.colcon_core.package_identification:_identify(src/realsense-ros/realsense2_description) by extensions ['ros']
[2.486s] Level 1:colcon.colcon_core.package_identification:_identify(src/realsense-ros/realsense2_description) by extension 'ros'
[2.489s] DEBUG:colcon.colcon_core.package_identification:Package 'src/realsense-ros/realsense2_description' with type 'ros.ament_cmake' and name 'realsense2_description'
[2.489s] Level 1:colcon.colcon_core.package_identification:_identify(src/realsense-ros/scripts) by extensions ['ignore', 'ignore_ament_install']
[2.490s] Level 1:colcon.colcon_core.package_identification:_identify(src/realsense-ros/scripts) by extension 'ignore'
[2.490s] Level 1:colcon.colcon_core.package_identification:_identify(src/realsense-ros/scripts) by extension 'ignore_ament_install'
[2.490s] Level 1:colcon.colcon_core.package_identification:_identify(src/realsense-ros/scripts) by extensions ['colcon_pkg']
[2.490s] Level 1:colcon.colcon_core.package_identification:_identify(src/realsense-ros/scripts) by extension 'colcon_pkg'
[2.491s] Level 1:colcon.colcon_core.package_identification:_identify(src/realsense-ros/scripts) by extensions ['colcon_meta']
[2.491s] Level 1:colcon.colcon_core.package_identification:_identify(src/realsense-ros/scripts) by extension 'colcon_meta'
[2.491s] Level 1:colcon.colcon_core.package_identification:_identify(src/realsense-ros/scripts) by extensions ['ros']
[2.491s] Level 1:colcon.colcon_core.package_identification:_identify(src/realsense-ros/scripts) by extension 'ros'
[2.491s] Level 1:colcon.colcon_core.package_identification:_identify(src/realsense-ros/scripts) by extensions ['cmake', 'python']
[2.492s] Level 1:colcon.colcon_core.package_identification:_identify(src/realsense-ros/scripts) by extension 'cmake'
[2.492s] Level 1:colcon.colcon_core.package_identification:_identify(src/realsense-ros/scripts) by extension 'python'
[2.492s] Level 1:colcon.colcon_core.package_identification:_identify(src/realsense-ros/scripts) by extensions ['python_setup_py']
[2.492s] Level 1:colcon.colcon_core.package_identification:_identify(src/realsense-ros/scripts) by extension 'python_setup_py'
[2.492s] Level 1:colcon.colcon_core.package_discovery:discover_packages(recursive) using defaults
[2.492s] Level 1:colcon.colcon_core.package_discovery:discover_packages(ignore) discover
[2.492s] Level 1:colcon.colcon_core.package_discovery:discover_packages(ignore) using defaults
[2.493s] Level 1:colcon.colcon_core.package_discovery:discover_packages(path) discover
[2.493s] Level 1:colcon.colcon_core.package_discovery:discover_packages(path) using defaults
[2.687s] Level 1:colcon.colcon_core.package_discovery:discover_packages(prefix_path) check parameters
[2.687s] Level 1:colcon.colcon_core.package_discovery:discover_packages(prefix_path) discover
[2.748s] DEBUG:colcon.colcon_installed_package_information.package_discovery:Found 5 installed packages in /home/aggregator/ros2_ws/install
[2.748s] Level 1:colcon.colcon_core.package_discovery:discover_packages(prefix_path) using defaults
[2.884s] Level 5:colcon.colcon_core.verb:set package 'perception_navigation' build argument 'cmake_args' from command line to 'None'
[2.885s] Level 5:colcon.colcon_core.verb:set package 'perception_navigation' build argument 'cmake_target' from command line to 'None'
[2.885s] Level 5:colcon.colcon_core.verb:set package 'perception_navigation' build argument 'cmake_target_skip_unavailable' from command line to 'False'
[2.885s] Level 5:colcon.colcon_core.verb:set package 'perception_navigation' build argument 'cmake_clean_cache' from command line to 'False'
[2.885s] Level 5:colcon.colcon_core.verb:set package 'perception_navigation' build argument 'cmake_clean_first' from command line to 'False'
[2.885s] Level 5:colcon.colcon_core.verb:set package 'perception_navigation' build argument 'cmake_force_configure' from command line to 'False'
[2.885s] Level 5:colcon.colcon_core.verb:set package 'perception_navigation' build argument 'ament_cmake_args' from command line to 'None'
[2.886s] Level 5:colcon.colcon_core.verb:set package 'perception_navigation' build argument 'catkin_cmake_args' from command line to 'None'
[2.886s] Level 5:colcon.colcon_core.verb:set package 'perception_navigation' build argument 'catkin_skip_building_tests' from command line to 'False'
[2.886s] DEBUG:colcon.colcon_core.verb:Building package 'perception_navigation' with the following arguments: {'ament_cmake_args': None, 'build_base': '/home/aggregator/ros2_ws/build/perception_navigation', 'catkin_cmake_args': None, 'catkin_skip_building_tests': False, 'cmake_args': None, 'cmake_clean_cache': False, 'cmake_clean_first': False, 'cmake_force_configure': False, 'cmake_target': None, 'cmake_target_skip_unavailable': False, 'install_base': '/home/aggregator/ros2_ws/install/perception_navigation', 'merge_install': False, 'path': '/home/aggregator/ros2_ws/src/perception_navigation', 'symlink_install': False, 'test_result_base': None}
[2.941s] Level 5:colcon.colcon_core.verb:set package 'py_pubsub' build argument 'cmake_args' from command line to 'None'
[2.941s] Level 5:colcon.colcon_core.verb:set package 'py_pubsub' build argument 'cmake_target' from command line to 'None'
[2.941s] Level 5:colcon.colcon_core.verb:set package 'py_pubsub' build argument 'cmake_target_skip_unavailable' from command line to 'False'
[2.942s] Level 5:colcon.colcon_core.verb:set package 'py_pubsub' build argument 'cmake_clean_cache' from command line to 'False'
[2.942s] Level 5:colcon.colcon_core.verb:set package 'py_pubsub' build argument 'cmake_clean_first' from command line to 'False'
[2.942s] Level 5:colcon.colcon_core.verb:set package 'py_pubsub' build argument 'cmake_force_configure' from command line to 'False'
[2.942s] Level 5:colcon.colcon_core.verb:set package 'py_pubsub' build argument 'ament_cmake_args' from command line to 'None'
[2.942s] Level 5:colcon.colcon_core.verb:set package 'py_pubsub' build argument 'catkin_cmake_args' from command line to 'None'
[2.942s] Level 5:colcon.colcon_core.verb:set package 'py_pubsub' build argument 'catkin_skip_building_tests' from command line to 'False'
[2.942s] DEBUG:colcon.colcon_core.verb:Building package 'py_pubsub' with the following arguments: {'ament_cmake_args': None, 'build_base': '/home/aggregator/ros2_ws/build/py_pubsub', 'catkin_cmake_args': None, 'catkin_skip_building_tests': False, 'cmake_args': None, 'cmake_clean_cache': False, 'cmake_clean_first': False, 'cmake_force_configure': False, 'cmake_target': None, 'cmake_target_skip_unavailable': False, 'install_base': '/home/aggregator/ros2_ws/install/py_pubsub', 'merge_install': False, 'path': '/home/aggregator/ros2_ws/src/py_pubsub', 'symlink_install': False, 'test_result_base': None}
[3.000s] Level 5:colcon.colcon_core.verb:set package 'realsense2_camera_msgs' build argument 'cmake_args' from command line to 'None'
[3.000s] Level 5:colcon.colcon_core.verb:set package 'realsense2_camera_msgs' build argument 'cmake_target' from command line to 'None'
[3.000s] Level 5:colcon.colcon_core.verb:set package 'realsense2_camera_msgs' build argument 'cmake_target_skip_unavailable' from command line to 'False'
[3.000s] Level 5:colcon.colcon_core.verb:set package 'realsense2_camera_msgs' build argument 'cmake_clean_cache' from command line to 'False'
[3.000s] Level 5:colcon.colcon_core.verb:set package 'realsense2_camera_msgs' build argument 'cmake_clean_first' from command line to 'False'
[3.000s] Level 5:colcon.colcon_core.verb:set package 'realsense2_camera_msgs' build argument 'cmake_force_configure' from command line to 'False'
[3.000s] Level 5:colcon.colcon_core.verb:set package 'realsense2_camera_msgs' build argument 'ament_cmake_args' from command line to 'None'
[3.000s] Level 5:colcon.colcon_core.verb:set package 'realsense2_camera_msgs' build argument 'catkin_cmake_args' from command line to 'None'
[3.001s] Level 5:colcon.colcon_core.verb:set package 'realsense2_camera_msgs' build argument 'catkin_skip_building_tests' from command line to 'False'
[3.001s] DEBUG:colcon.colcon_core.verb:Building package 'realsense2_camera_msgs' with the following arguments: {'ament_cmake_args': None, 'build_base': '/home/aggregator/ros2_ws/build/realsense2_camera_msgs', 'catkin_cmake_args': None, 'catkin_skip_building_tests': False, 'cmake_args': None, 'cmake_clean_cache': False, 'cmake_clean_first': False, 'cmake_force_configure': False, 'cmake_target': None, 'cmake_target_skip_unavailable': False, 'install_base': '/home/aggregator/ros2_ws/install/realsense2_camera_msgs', 'merge_install': False, 'path': '/home/aggregator/ros2_ws/src/realsense-ros/realsense2_camera_msgs', 'symlink_install': False, 'test_result_base': None}
[3.051s] Level 5:colcon.colcon_core.verb:set package 'realsense2_camera' build argument 'cmake_args' from command line to 'None'
[3.051s] Level 5:colcon.colcon_core.verb:set package 'realsense2_camera' build argument 'cmake_target' from command line to 'None'
[3.051s] Level 5:colcon.colcon_core.verb:set package 'realsense2_camera' build argument 'cmake_target_skip_unavailable' from command line to 'False'
[3.051s] Level 5:colcon.colcon_core.verb:set package 'realsense2_camera' build argument 'cmake_clean_cache' from command line to 'False'
[3.052s] Level 5:colcon.colcon_core.verb:set package 'realsense2_camera' build argument 'cmake_clean_first' from command line to 'False'
[3.052s] Level 5:colcon.colcon_core.verb:set package 'realsense2_camera' build argument 'cmake_force_configure' from command line to 'False'
[3.052s] Level 5:colcon.colcon_core.verb:set package 'realsense2_camera' build argument 'ament_cmake_args' from command line to 'None'
[3.052s] Level 5:colcon.colcon_core.verb:set package 'realsense2_camera' build argument 'catkin_cmake_args' from command line to 'None'
[3.052s] Level 5:colcon.colcon_core.verb:set package 'realsense2_camera' build argument 'catkin_skip_building_tests' from command line to 'False'
[3.052s] DEBUG:colcon.colcon_core.verb:Building package 'realsense2_camera' with the following arguments: {'ament_cmake_args': None, 'build_base': '/home/aggregator/ros2_ws/build/realsense2_camera', 'catkin_cmake_args': None, 'catkin_skip_building_tests': False, 'cmake_args': None, 'cmake_clean_cache': False, 'cmake_clean_first': False, 'cmake_force_configure': False, 'cmake_target': None, 'cmake_target_skip_unavailable': False, 'install_base': '/home/aggregator/ros2_ws/install/realsense2_camera', 'merge_install': False, 'path': '/home/aggregator/ros2_ws/src/realsense-ros/realsense2_camera', 'symlink_install': False, 'test_result_base': None}
[3.078s] Level 5:colcon.colcon_core.verb:set package 'realsense2_description' build argument 'cmake_args' from command line to 'None'
[3.078s] Level 5:colcon.colcon_core.verb:set package 'realsense2_description' build argument 'cmake_target' from command line to 'None'
[3.078s] Level 5:colcon.colcon_core.verb:set package 'realsense2_description' build argument 'cmake_target_skip_unavailable' from command line to 'False'
[3.078s] Level 5:colcon.colcon_core.verb:set package 'realsense2_description' build argument 'cmake_clean_cache' from command line to 'False'
[3.078s] Level 5:colcon.colcon_core.verb:set package 'realsense2_description' build argument 'cmake_clean_first' from command line to 'False'
[3.078s] Level 5:colcon.colcon_core.verb:set package 'realsense2_description' build argument 'cmake_force_configure' from command line to 'False'
[3.078s] Level 5:colcon.colcon_core.verb:set package 'realsense2_description' build argument 'ament_cmake_args' from command line to 'None'
[3.079s] Level 5:colcon.colcon_core.verb:set package 'realsense2_description' build argument 'catkin_cmake_args' from command line to 'None'
[3.079s] Level 5:colcon.colcon_core.verb:set package 'realsense2_description' build argument 'catkin_skip_building_tests' from command line to 'False'
[3.079s] DEBUG:colcon.colcon_core.verb:Building package 'realsense2_description' with the following arguments: {'ament_cmake_args': None, 'build_base': '/home/aggregator/ros2_ws/build/realsense2_description', 'catkin_cmake_args': None, 'catkin_skip_building_tests': False, 'cmake_args': None, 'cmake_clean_cache': False, 'cmake_clean_first': False, 'cmake_force_configure': False, 'cmake_target': None, 'cmake_target_skip_unavailable': False, 'install_base': '/home/aggregator/ros2_ws/install/realsense2_description', 'merge_install': False, 'path': '/home/aggregator/ros2_ws/src/realsense-ros/realsense2_description', 'symlink_install': False, 'test_result_base': None}
[3.085s] INFO:colcon.colcon_core.executor:Executing jobs using 'parallel' executor
[3.126s] DEBUG:colcon.colcon_parallel_executor.executor.parallel:run_until_complete
[3.127s] INFO:colcon.colcon_ros.task.ament_cmake.build:Building ROS package in '/home/aggregator/ros2_ws/src/realsense-ros/realsense2_camera_msgs' with build type 'ament_cmake'
[3.127s] INFO:colcon.colcon_cmake.task.cmake.build:Building CMake package in '/home/aggregator/ros2_ws/src/realsense-ros/realsense2_camera_msgs'
[3.160s] INFO:colcon.colcon_core.plugin_system:Skipping extension 'colcon_core.shell.bat': Not used on non-Windows systems
[3.160s] INFO:colcon.colcon_core.shell:Skip shell extension 'powershell' for command environment: Not usable outside of PowerShell
[3.161s] DEBUG:colcon.colcon_core.shell:Skip shell extension 'dsv' for command environment
[3.175s] DEBUG:colcon.colcon_core.shell:Ignoring prefix path '/opt/ros/foxy'
[3.219s] INFO:colcon.colcon_ros.task.ament_python.build:Building ROS package in '/home/aggregator/ros2_ws/src/perception_navigation' with build type 'ament_python'
[3.220s] Level 1:colcon.colcon_core.shell:create_environment_hook('perception_navigation', 'ament_prefix_path')
[3.240s] INFO:colcon.colcon_core.shell:Creating environment hook '/home/aggregator/ros2_ws/install/perception_navigation/share/perception_navigation/hook/ament_prefix_path.ps1'
[3.244s] INFO:colcon.colcon_core.shell:Creating environment descriptor '/home/aggregator/ros2_ws/install/perception_navigation/share/perception_navigation/hook/ament_prefix_path.dsv'
[3.248s] INFO:colcon.colcon_core.shell:Creating environment hook '/home/aggregator/ros2_ws/install/perception_navigation/share/perception_navigation/hook/ament_prefix_path.sh'
[3.271s] INFO:colcon.colcon_core.shell:Skip shell extension 'powershell' for command environment: Not usable outside of PowerShell
[3.271s] DEBUG:colcon.colcon_core.shell:Skip shell extension 'dsv' for command environment
[3.289s] DEBUG:colcon.colcon_core.shell:Ignoring prefix path '/opt/ros/foxy'
[3.314s] DEBUG:colcon.colcon_core.event_handler.log_command:Invoking command in '/home/aggregator/ros2_ws/build/realsense2_camera_msgs': CMAKE_PREFIX_PATH=${CMAKE_PREFIX_PATH}:/home/aggregator/ros2_ws/install/py_pubsub:/home/aggregator/ros2_ws/install/perception_navigation:/opt/ros/foxy /usr/bin/cmake /home/aggregator/ros2_ws/src/realsense-ros/realsense2_camera_msgs -DCMAKE_INSTALL_PREFIX=/home/aggregator/ros2_ws/install/realsense2_camera_msgs
[4.423s] INFO:colcon.colcon_core.task.python.build:Building Python package in '/home/aggregator/ros2_ws/src/perception_navigation'
[4.442s] INFO:colcon.colcon_core.shell:Skip shell extension 'powershell' for command environment: Not usable outside of PowerShell
[4.442s] DEBUG:colcon.colcon_core.shell:Skip shell extension 'dsv' for command environment
[4.458s] DEBUG:colcon.colcon_core.shell:Ignoring prefix path '/opt/ros/foxy'
[4.489s] DEBUG:colcon.colcon_core.event_handler.log_command:Invoking command in '/home/aggregator/ros2_ws/build/perception_navigation': PYTHONPATH=/home/aggregator/ros2_ws/install/perception_navigation/lib/python3.8/site-packages:${PYTHONPATH} /usr/bin/python3 setup.py develop --prefix /home/aggregator/ros2_ws/install/perception_navigation --uninstall --editable --build-directory /home/aggregator/ros2_ws/build/perception_navigation/build
[6.088s] DEBUG:colcon.colcon_core.event_handler.log_command:Invoked command in '/home/aggregator/ros2_ws/build/perception_navigation' returned '0': PYTHONPATH=/home/aggregator/ros2_ws/install/perception_navigation/lib/python3.8/site-packages:${PYTHONPATH} /usr/bin/python3 setup.py develop --prefix /home/aggregator/ros2_ws/install/perception_navigation --uninstall --editable --build-directory /home/aggregator/ros2_ws/build/perception_navigation/build
[6.090s] DEBUG:colcon.colcon_core.event_handler.log_command:Invoking command in '/home/aggregator/ros2_ws/src/perception_navigation': PYTHONPATH=/home/aggregator/ros2_ws/install/perception_navigation/lib/python3.8/site-packages:${PYTHONPATH} /usr/bin/python3 setup.py egg_info --egg-base ../../build/perception_navigation build --build-base /home/aggregator/ros2_ws/build/perception_navigation/build install --prefix /home/aggregator/ros2_ws/install/perception_navigation --record /home/aggregator/ros2_ws/build/perception_navigation/install.log --single-version-externally-managed
[7.258s] DEBUG:colcon.colcon_core.event_handler.log_command:Invoked command in '/home/aggregator/ros2_ws/src/perception_navigation' returned '0': PYTHONPATH=/home/aggregator/ros2_ws/install/perception_navigation/lib/python3.8/site-packages:${PYTHONPATH} /usr/bin/python3 setup.py egg_info --egg-base ../../build/perception_navigation build --build-base /home/aggregator/ros2_ws/build/perception_navigation/build install --prefix /home/aggregator/ros2_ws/install/perception_navigation --record /home/aggregator/ros2_ws/build/perception_navigation/install.log --single-version-externally-managed
[7.280s] Level 1:colcon.colcon_core.environment:checking '/home/aggregator/ros2_ws/install/perception_navigation' for CMake module files
[7.282s] Level 1:colcon.colcon_core.environment:checking '/home/aggregator/ros2_ws/install/perception_navigation' for CMake config files
[7.284s] Level 1:colcon.colcon_core.environment:checking '/home/aggregator/ros2_ws/install/perception_navigation/lib'
[7.285s] Level 1:colcon.colcon_core.environment:checking '/home/aggregator/ros2_ws/install/perception_navigation/bin'
[7.286s] Level 1:colcon.colcon_core.environment:checking '/home/aggregator/ros2_ws/install/perception_navigation/lib/pkgconfig/perception_navigation.pc'
[7.286s] Level 1:colcon.colcon_core.environment:checking '/home/aggregator/ros2_ws/install/perception_navigation/lib/python3.8/site-packages'
[7.286s] Level 1:colcon.colcon_core.shell:create_environment_hook('perception_navigation', 'pythonpath')
[7.303s] INFO:colcon.colcon_core.shell:Creating environment hook '/home/aggregator/ros2_ws/install/perception_navigation/share/perception_navigation/hook/pythonpath.ps1'
[7.305s] INFO:colcon.colcon_core.shell:Creating environment descriptor '/home/aggregator/ros2_ws/install/perception_navigation/share/perception_navigation/hook/pythonpath.dsv'
[7.307s] INFO:colcon.colcon_core.shell:Creating environment hook '/home/aggregator/ros2_ws/install/perception_navigation/share/perception_navigation/hook/pythonpath.sh'
[7.310s] Level 1:colcon.colcon_core.environment:create_environment_scripts_only(perception_navigation)
[7.327s] INFO:colcon.colcon_core.shell:Creating package script '/home/aggregator/ros2_ws/install/perception_navigation/share/perception_navigation/package.ps1'
[7.330s] INFO:colcon.colcon_core.shell:Creating package descriptor '/home/aggregator/ros2_ws/install/perception_navigation/share/perception_navigation/package.dsv'
[7.332s] INFO:colcon.colcon_core.shell:Creating package script '/home/aggregator/ros2_ws/install/perception_navigation/share/perception_navigation/package.sh'
[7.336s] INFO:colcon.colcon_core.shell:Creating package script '/home/aggregator/ros2_ws/install/perception_navigation/share/perception_navigation/package.bash'
[7.341s] INFO:colcon.colcon_core.shell:Creating package script '/home/aggregator/ros2_ws/install/perception_navigation/share/perception_navigation/package.zsh'
[7.343s] Level 1:colcon.colcon_core.environment:create_file_with_runtime_dependencies(/home/aggregator/ros2_ws/install/perception_navigation/share/colcon-core/packages/perception_navigation)
[7.345s] INFO:colcon.colcon_ros.task.ament_python.build:Building ROS package in '/home/aggregator/ros2_ws/src/py_pubsub' with build type 'ament_python'
[7.346s] Level 1:colcon.colcon_core.shell:create_environment_hook('py_pubsub', 'ament_prefix_path')
[7.366s] INFO:colcon.colcon_core.shell:Creating environment hook '/home/aggregator/ros2_ws/install/py_pubsub/share/py_pubsub/hook/ament_prefix_path.ps1'
[7.369s] INFO:colcon.colcon_core.shell:Creating environment descriptor '/home/aggregator/ros2_ws/install/py_pubsub/share/py_pubsub/hook/ament_prefix_path.dsv'
[7.370s] INFO:colcon.colcon_core.shell:Creating environment hook '/home/aggregator/ros2_ws/install/py_pubsub/share/py_pubsub/hook/ament_prefix_path.sh'
[7.389s] INFO:colcon.colcon_core.shell:Skip shell extension 'powershell' for command environment: Not usable outside of PowerShell
[7.389s] DEBUG:colcon.colcon_core.shell:Skip shell extension 'dsv' for command environment
[7.406s] DEBUG:colcon.colcon_core.shell:Ignoring prefix path '/opt/ros/foxy'
[8.305s] INFO:colcon.colcon_core.task.python.build:Building Python package in '/home/aggregator/ros2_ws/src/py_pubsub'
[8.325s] INFO:colcon.colcon_core.shell:Skip shell extension 'powershell' for command environment: Not usable outside of PowerShell
[8.325s] DEBUG:colcon.colcon_core.shell:Skip shell extension 'dsv' for command environment
[8.343s] DEBUG:colcon.colcon_core.shell:Ignoring prefix path '/opt/ros/foxy'
[8.365s] DEBUG:colcon.colcon_core.event_handler.log_command:Invoked command in '/home/aggregator/ros2_ws/build/realsense2_camera_msgs' returned '0': CMAKE_PREFIX_PATH=${CMAKE_PREFIX_PATH}:/home/aggregator/ros2_ws/install/py_pubsub:/home/aggregator/ros2_ws/install/perception_navigation:/opt/ros/foxy /usr/bin/cmake /home/aggregator/ros2_ws/src/realsense-ros/realsense2_camera_msgs -DCMAKE_INSTALL_PREFIX=/home/aggregator/ros2_ws/install/realsense2_camera_msgs
[8.368s] DEBUG:colcon.colcon_core.event_handler.log_command:Invoking command in '/home/aggregator/ros2_ws/build/realsense2_camera_msgs': CMAKE_PREFIX_PATH=${CMAKE_PREFIX_PATH}:/home/aggregator/ros2_ws/install/py_pubsub:/home/aggregator/ros2_ws/install/perception_navigation:/opt/ros/foxy /usr/bin/cmake --build /home/aggregator/ros2_ws/build/realsense2_camera_msgs -- -j2 -l2
[8.386s] DEBUG:colcon.colcon_core.event_handler.log_command:Invoking command in '/home/aggregator/ros2_ws/build/py_pubsub': PYTHONPATH=/home/aggregator/ros2_ws/install/py_pubsub/lib/python3.8/site-packages:${PYTHONPATH} /usr/bin/python3 setup.py develop --prefix /home/aggregator/ros2_ws/install/py_pubsub --uninstall --editable --build-directory /home/aggregator/ros2_ws/build/py_pubsub/build
[9.271s] DEBUG:colcon.colcon_core.event_handler.log_command:Invoked command in '/home/aggregator/ros2_ws/build/realsense2_camera_msgs' returned '0': CMAKE_PREFIX_PATH=${CMAKE_PREFIX_PATH}:/home/aggregator/ros2_ws/install/py_pubsub:/home/aggregator/ros2_ws/install/perception_navigation:/opt/ros/foxy /usr/bin/cmake --build /home/aggregator/ros2_ws/build/realsense2_camera_msgs -- -j2 -l2
[9.703s] DEBUG:colcon.colcon_core.event_handler.log_command:Invoking command in '/home/aggregator/ros2_ws/build/realsense2_camera_msgs': CMAKE_PREFIX_PATH=${CMAKE_PREFIX_PATH}:/home/aggregator/ros2_ws/install/py_pubsub:/home/aggregator/ros2_ws/install/perception_navigation:/opt/ros/foxy /usr/bin/cmake --install /home/aggregator/ros2_ws/build/realsense2_camera_msgs
[10.130s] Level 1:colcon.colcon_core.environment:create_environment_scripts_only(realsense2_camera_msgs)
[10.131s] DEBUG:colcon.colcon_core.event_handler.log_command:Invoked command in '/home/aggregator/ros2_ws/build/realsense2_camera_msgs' returned '0': CMAKE_PREFIX_PATH=${CMAKE_PREFIX_PATH}:/home/aggregator/ros2_ws/install/py_pubsub:/home/aggregator/ros2_ws/install/perception_navigation:/opt/ros/foxy /usr/bin/cmake --install /home/aggregator/ros2_ws/build/realsense2_camera_msgs
[10.154s] Level 1:colcon.colcon_core.environment:checking '/home/aggregator/ros2_ws/install/realsense2_camera_msgs' for CMake module files
[10.156s] Level 1:colcon.colcon_core.environment:checking '/home/aggregator/ros2_ws/install/realsense2_camera_msgs' for CMake config files
[10.159s] Level 1:colcon.colcon_core.shell:create_environment_hook('realsense2_camera_msgs', 'cmake_prefix_path')
[10.177s] INFO:colcon.colcon_core.shell:Creating environment hook '/home/aggregator/ros2_ws/install/realsense2_camera_msgs/share/realsense2_camera_msgs/hook/cmake_prefix_path.ps1'
[10.179s] INFO:colcon.colcon_core.shell:Creating environment descriptor '/home/aggregator/ros2_ws/install/realsense2_camera_msgs/share/realsense2_camera_msgs/hook/cmake_prefix_path.dsv'
[10.180s] INFO:colcon.colcon_core.shell:Creating environment hook '/home/aggregator/ros2_ws/install/realsense2_camera_msgs/share/realsense2_camera_msgs/hook/cmake_prefix_path.sh'
[10.184s] Level 1:colcon.colcon_core.environment:checking '/home/aggregator/ros2_ws/install/realsense2_camera_msgs/lib'
[10.185s] Level 1:colcon.colcon_core.shell:create_environment_hook('realsense2_camera_msgs', 'ld_library_path_lib')
[10.205s] INFO:colcon.colcon_core.shell:Creating environment hook '/home/aggregator/ros2_ws/install/realsense2_camera_msgs/share/realsense2_camera_msgs/hook/ld_library_path_lib.ps1'
[10.208s] INFO:colcon.colcon_core.shell:Creating environment descriptor '/home/aggregator/ros2_ws/install/realsense2_camera_msgs/share/realsense2_camera_msgs/hook/ld_library_path_lib.dsv'
[10.209s] INFO:colcon.colcon_core.shell:Creating environment hook '/home/aggregator/ros2_ws/install/realsense2_camera_msgs/share/realsense2_camera_msgs/hook/ld_library_path_lib.sh'
[10.211s] Level 1:colcon.colcon_core.environment:checking '/home/aggregator/ros2_ws/install/realsense2_camera_msgs/bin'
[10.211s] Level 1:colcon.colcon_core.environment:checking '/home/aggregator/ros2_ws/install/realsense2_camera_msgs/lib/pkgconfig/realsense2_camera_msgs.pc'
[10.212s] Level 1:colcon.colcon_core.environment:checking '/home/aggregator/ros2_ws/install/realsense2_camera_msgs/lib/python3.8/site-packages'
[10.212s] Level 1:colcon.colcon_core.shell:create_environment_hook('realsense2_camera_msgs', 'pythonpath')
[10.230s] INFO:colcon.colcon_core.shell:Creating environment hook '/home/aggregator/ros2_ws/install/realsense2_camera_msgs/share/realsense2_camera_msgs/hook/pythonpath.ps1'
[10.232s] INFO:colcon.colcon_core.shell:Creating environment descriptor '/home/aggregator/ros2_ws/install/realsense2_camera_msgs/share/realsense2_camera_msgs/hook/pythonpath.dsv'
[10.233s] INFO:colcon.colcon_core.shell:Creating environment hook '/home/aggregator/ros2_ws/install/realsense2_camera_msgs/share/realsense2_camera_msgs/hook/pythonpath.sh'
[10.253s] INFO:colcon.colcon_core.shell:Creating package script '/home/aggregator/ros2_ws/install/realsense2_camera_msgs/share/realsense2_camera_msgs/package.ps1'
[10.255s] INFO:colcon.colcon_core.shell:Creating package descriptor '/home/aggregator/ros2_ws/install/realsense2_camera_msgs/share/realsense2_camera_msgs/package.dsv'
[10.257s] INFO:colcon.colcon_core.shell:Creating package script '/home/aggregator/ros2_ws/install/realsense2_camera_msgs/share/realsense2_camera_msgs/package.sh'
[10.259s] INFO:colcon.colcon_core.shell:Creating package script '/home/aggregator/ros2_ws/install/realsense2_camera_msgs/share/realsense2_camera_msgs/package.bash'
[10.261s] INFO:colcon.colcon_core.shell:Creating package script '/home/aggregator/ros2_ws/install/realsense2_camera_msgs/share/realsense2_camera_msgs/package.zsh'
[10.262s] Level 1:colcon.colcon_core.environment:create_file_with_runtime_dependencies(/home/aggregator/ros2_ws/install/realsense2_camera_msgs/share/colcon-core/packages/realsense2_camera_msgs)
[10.279s] DEBUG:colcon.colcon_core.event_handler.log_command:Invoked command in '/home/aggregator/ros2_ws/build/py_pubsub' returned '0': PYTHONPATH=/home/aggregator/ros2_ws/install/py_pubsub/lib/python3.8/site-packages:${PYTHONPATH} /usr/bin/python3 setup.py develop --prefix /home/aggregator/ros2_ws/install/py_pubsub --uninstall --editable --build-directory /home/aggregator/ros2_ws/build/py_pubsub/build
[10.281s] DEBUG:colcon.colcon_core.event_handler.log_command:Invoking command in '/home/aggregator/ros2_ws/src/py_pubsub': PYTHONPATH=/home/aggregator/ros2_ws/install/py_pubsub/lib/python3.8/site-packages:${PYTHONPATH} /usr/bin/python3 setup.py egg_info --egg-base ../../build/py_pubsub build --build-base /home/aggregator/ros2_ws/build/py_pubsub/build install --prefix /home/aggregator/ros2_ws/install/py_pubsub --record /home/aggregator/ros2_ws/build/py_pubsub/install.log --single-version-externally-managed
[10.992s] Level 1:colcon.colcon_core.environment:create_environment_scripts_only(realsense2_camera_msgs)
[11.010s] Level 1:colcon.colcon_core.environment:checking '/home/aggregator/ros2_ws/install/realsense2_camera_msgs' for CMake module files
[11.013s] Level 1:colcon.colcon_core.environment:checking '/home/aggregator/ros2_ws/install/realsense2_camera_msgs' for CMake config files
[11.016s] Level 1:colcon.colcon_core.shell:create_environment_hook('realsense2_camera_msgs', 'cmake_prefix_path')
[11.033s] INFO:colcon.colcon_core.shell:Creating environment hook '/home/aggregator/ros2_ws/install/realsense2_camera_msgs/share/realsense2_camera_msgs/hook/cmake_prefix_path.ps1'
[11.035s] INFO:colcon.colcon_core.shell:Creating environment descriptor '/home/aggregator/ros2_ws/install/realsense2_camera_msgs/share/realsense2_camera_msgs/hook/cmake_prefix_path.dsv'
[11.037s] INFO:colcon.colcon_core.shell:Creating environment hook '/home/aggregator/ros2_ws/install/realsense2_camera_msgs/share/realsense2_camera_msgs/hook/cmake_prefix_path.sh'
[11.039s] Level 1:colcon.colcon_core.environment:checking '/home/aggregator/ros2_ws/install/realsense2_camera_msgs/lib'
[11.039s] Level 1:colcon.colcon_core.shell:create_environment_hook('realsense2_camera_msgs', 'ld_library_path_lib')
[11.057s] INFO:colcon.colcon_core.shell:Creating environment hook '/home/aggregator/ros2_ws/install/realsense2_camera_msgs/share/realsense2_camera_msgs/hook/ld_library_path_lib.ps1'
[11.058s] INFO:colcon.colcon_core.shell:Creating environment descriptor '/home/aggregator/ros2_ws/install/realsense2_camera_msgs/share/realsense2_camera_msgs/hook/ld_library_path_lib.dsv'
[11.060s] INFO:colcon.colcon_core.shell:Creating environment hook '/home/aggregator/ros2_ws/install/realsense2_camera_msgs/share/realsense2_camera_msgs/hook/ld_library_path_lib.sh'
[11.062s] Level 1:colcon.colcon_core.environment:checking '/home/aggregator/ros2_ws/install/realsense2_camera_msgs/bin'
[11.062s] Level 1:colcon.colcon_core.environment:checking '/home/aggregator/ros2_ws/install/realsense2_camera_msgs/lib/pkgconfig/realsense2_camera_msgs.pc'
[11.062s] Level 1:colcon.colcon_core.environment:checking '/home/aggregator/ros2_ws/install/realsense2_camera_msgs/lib/python3.8/site-packages'
[11.062s] Level 1:colcon.colcon_core.shell:create_environment_hook('realsense2_camera_msgs', 'pythonpath')
[11.081s] INFO:colcon.colcon_core.shell:Creating environment hook '/home/aggregator/ros2_ws/install/realsense2_camera_msgs/share/realsense2_camera_msgs/hook/pythonpath.ps1'
[11.083s] INFO:colcon.colcon_core.shell:Creating environment descriptor '/home/aggregator/ros2_ws/install/realsense2_camera_msgs/share/realsense2_camera_msgs/hook/pythonpath.dsv'
[11.084s] INFO:colcon.colcon_core.shell:Creating environment hook '/home/aggregator/ros2_ws/install/realsense2_camera_msgs/share/realsense2_camera_msgs/hook/pythonpath.sh'
[11.105s] INFO:colcon.colcon_core.shell:Creating package script '/home/aggregator/ros2_ws/install/realsense2_camera_msgs/share/realsense2_camera_msgs/package.ps1'
[11.107s] INFO:colcon.colcon_core.shell:Creating package descriptor '/home/aggregator/ros2_ws/install/realsense2_camera_msgs/share/realsense2_camera_msgs/package.dsv'
[11.109s] INFO:colcon.colcon_core.shell:Creating package script '/home/aggregator/ros2_ws/install/realsense2_camera_msgs/share/realsense2_camera_msgs/package.sh'
[11.112s] INFO:colcon.colcon_core.shell:Creating package script '/home/aggregator/ros2_ws/install/realsense2_camera_msgs/share/realsense2_camera_msgs/package.bash'
[11.114s] INFO:colcon.colcon_core.shell:Creating package script '/home/aggregator/ros2_ws/install/realsense2_camera_msgs/share/realsense2_camera_msgs/package.zsh'
[11.115s] Level 1:colcon.colcon_core.environment:create_file_with_runtime_dependencies(/home/aggregator/ros2_ws/install/realsense2_camera_msgs/share/colcon-core/packages/realsense2_camera_msgs)
[11.119s] INFO:colcon.colcon_ros.task.ament_cmake.build:Building ROS package in '/home/aggregator/ros2_ws/src/realsense-ros/realsense2_camera' with build type 'ament_cmake'
[11.119s] INFO:colcon.colcon_cmake.task.cmake.build:Building CMake package in '/home/aggregator/ros2_ws/src/realsense-ros/realsense2_camera'
[11.136s] INFO:colcon.colcon_core.shell:Skip shell extension 'powershell' for command environment: Not usable outside of PowerShell
[11.137s] DEBUG:colcon.colcon_core.shell:Skip shell extension 'dsv' for command environment
[11.152s] DEBUG:colcon.colcon_core.shell:Ignoring prefix path '/opt/ros/foxy'
[11.182s] DEBUG:colcon.colcon_core.event_handler.log_command:Invoking command in '/home/aggregator/ros2_ws/build/realsense2_camera': CMAKE_PREFIX_PATH=/home/aggregator/ros2_ws/install/realsense2_camera_msgs:/home/aggregator/ros2_ws/install/realsense2_description:/home/aggregator/ros2_ws/install/realsense2_camera:/home/aggregator/ros2_ws/install/py_pubsub:/home/aggregator/ros2_ws/install/perception_navigation:/opt/ros/foxy LD_LIBRARY_PATH=/home/aggregator/ros2_ws/install/realsense2_camera_msgs/lib:/home/aggregator/ros2_ws/install/realsense2_camera/lib:/opt/ros/foxy/opt/yaml_cpp_vendor/lib:/opt/ros/foxy/opt/rviz_ogre_vendor/lib:/opt/ros/foxy/lib/x86_64-linux-gnu:/opt/ros/foxy/lib /usr/bin/cmake /home/aggregator/ros2_ws/src/realsense-ros/realsense2_camera -DCMAKE_INSTALL_PREFIX=/home/aggregator/ros2_ws/install/realsense2_camera
[11.860s] DEBUG:colcon.colcon_core.event_handler.log_command:Invoked command in '/home/aggregator/ros2_ws/src/py_pubsub' returned '0': PYTHONPATH=/home/aggregator/ros2_ws/install/py_pubsub/lib/python3.8/site-packages:${PYTHONPATH} /usr/bin/python3 setup.py egg_info --egg-base ../../build/py_pubsub build --build-base /home/aggregator/ros2_ws/build/py_pubsub/build install --prefix /home/aggregator/ros2_ws/install/py_pubsub --record /home/aggregator/ros2_ws/build/py_pubsub/install.log --single-version-externally-managed
[11.873s] Level 1:colcon.colcon_core.environment:checking '/home/aggregator/ros2_ws/install/py_pubsub' for CMake module files
[11.875s] Level 1:colcon.colcon_core.environment:checking '/home/aggregator/ros2_ws/install/py_pubsub' for CMake config files
[11.877s] Level 1:colcon.colcon_core.environment:checking '/home/aggregator/ros2_ws/install/py_pubsub/lib'
[11.877s] Level 1:colcon.colcon_core.environment:checking '/home/aggregator/ros2_ws/install/py_pubsub/bin'
[11.878s] Level 1:colcon.colcon_core.environment:checking '/home/aggregator/ros2_ws/install/py_pubsub/lib/pkgconfig/py_pubsub.pc'
[11.878s] Level 1:colcon.colcon_core.environment:checking '/home/aggregator/ros2_ws/install/py_pubsub/lib/python3.8/site-packages'
[11.878s] Level 1:colcon.colcon_core.shell:create_environment_hook('py_pubsub', 'pythonpath')
[11.896s] INFO:colcon.colcon_core.shell:Creating environment hook '/home/aggregator/ros2_ws/install/py_pubsub/share/py_pubsub/hook/pythonpath.ps1'
[11.898s] INFO:colcon.colcon_core.shell:Creating environment descriptor '/home/aggregator/ros2_ws/install/py_pubsub/share/py_pubsub/hook/pythonpath.dsv'
[11.900s] INFO:colcon.colcon_core.shell:Creating environment hook '/home/aggregator/ros2_ws/install/py_pubsub/share/py_pubsub/hook/pythonpath.sh'
[11.902s] Level 1:colcon.colcon_core.environment:create_environment_scripts_only(py_pubsub)
[11.920s] INFO:colcon.colcon_core.shell:Creating package script '/home/aggregator/ros2_ws/install/py_pubsub/share/py_pubsub/package.ps1'
[11.922s] INFO:colcon.colcon_core.shell:Creating package descriptor '/home/aggregator/ros2_ws/install/py_pubsub/share/py_pubsub/package.dsv'
[11.923s] INFO:colcon.colcon_core.shell:Creating package script '/home/aggregator/ros2_ws/install/py_pubsub/share/py_pubsub/package.sh'
[11.925s] INFO:colcon.colcon_core.shell:Creating package script '/home/aggregator/ros2_ws/install/py_pubsub/share/py_pubsub/package.bash'
[11.927s] INFO:colcon.colcon_core.shell:Creating package script '/home/aggregator/ros2_ws/install/py_pubsub/share/py_pubsub/package.zsh'
[11.928s] Level 1:colcon.colcon_core.environment:create_file_with_runtime_dependencies(/home/aggregator/ros2_ws/install/py_pubsub/share/colcon-core/packages/py_pubsub)
[11.932s] INFO:colcon.colcon_ros.task.ament_cmake.build:Building ROS package in '/home/aggregator/ros2_ws/src/realsense-ros/realsense2_description' with build type 'ament_cmake'
[11.933s] INFO:colcon.colcon_cmake.task.cmake.build:Building CMake package in '/home/aggregator/ros2_ws/src/realsense-ros/realsense2_description'
[11.951s] INFO:colcon.colcon_core.shell:Skip shell extension 'powershell' for command environment: Not usable outside of PowerShell
[11.951s] DEBUG:colcon.colcon_core.shell:Skip shell extension 'dsv' for command environment
[11.967s] DEBUG:colcon.colcon_core.shell:Ignoring prefix path '/opt/ros/foxy'
[11.997s] DEBUG:colcon.colcon_core.event_handler.log_command:Invoking command in '/home/aggregator/ros2_ws/build/realsense2_description': CMAKE_PREFIX_PATH=/home/aggregator/ros2_ws/install/realsense2_camera_msgs:/home/aggregator/ros2_ws/install/realsense2_description:/home/aggregator/ros2_ws/install/realsense2_camera:/home/aggregator/ros2_ws/install/py_pubsub:/home/aggregator/ros2_ws/install/perception_navigation:/opt/ros/foxy LD_LIBRARY_PATH=/home/aggregator/ros2_ws/install/realsense2_camera_msgs/lib:/home/aggregator/ros2_ws/install/realsense2_camera/lib:/opt/ros/foxy/opt/yaml_cpp_vendor/lib:/opt/ros/foxy/opt/rviz_ogre_vendor/lib:/opt/ros/foxy/lib/x86_64-linux-gnu:/opt/ros/foxy/lib /usr/bin/cmake /home/aggregator/ros2_ws/src/realsense-ros/realsense2_description -DCMAKE_INSTALL_PREFIX=/home/aggregator/ros2_ws/install/realsense2_description
[13.129s] DEBUG:colcon.colcon_core.event_handler.log_command:Invoked command in '/home/aggregator/ros2_ws/build/realsense2_description' returned '0': CMAKE_PREFIX_PATH=/home/aggregator/ros2_ws/install/realsense2_camera_msgs:/home/aggregator/ros2_ws/install/realsense2_description:/home/aggregator/ros2_ws/install/realsense2_camera:/home/aggregator/ros2_ws/install/py_pubsub:/home/aggregator/ros2_ws/install/perception_navigation:/opt/ros/foxy LD_LIBRARY_PATH=/home/aggregator/ros2_ws/install/realsense2_camera_msgs/lib:/home/aggregator/ros2_ws/install/realsense2_camera/lib:/opt/ros/foxy/opt/yaml_cpp_vendor/lib:/opt/ros/foxy/opt/rviz_ogre_vendor/lib:/opt/ros/foxy/lib/x86_64-linux-gnu:/opt/ros/foxy/lib /usr/bin/cmake /home/aggregator/ros2_ws/src/realsense-ros/realsense2_description -DCMAKE_INSTALL_PREFIX=/home/aggregator/ros2_ws/install/realsense2_description
[13.131s] DEBUG:colcon.colcon_core.event_handler.log_command:Invoking command in '/home/aggregator/ros2_ws/build/realsense2_description': CMAKE_PREFIX_PATH=/home/aggregator/ros2_ws/install/realsense2_camera_msgs:/home/aggregator/ros2_ws/install/realsense2_description:/home/aggregator/ros2_ws/install/realsense2_camera:/home/aggregator/ros2_ws/install/py_pubsub:/home/aggregator/ros2_ws/install/perception_navigation:/opt/ros/foxy LD_LIBRARY_PATH=/home/aggregator/ros2_ws/install/realsense2_camera_msgs/lib:/home/aggregator/ros2_ws/install/realsense2_camera/lib:/opt/ros/foxy/opt/yaml_cpp_vendor/lib:/opt/ros/foxy/opt/rviz_ogre_vendor/lib:/opt/ros/foxy/lib/x86_64-linux-gnu:/opt/ros/foxy/lib /usr/bin/cmake --build /home/aggregator/ros2_ws/build/realsense2_description -- -j2 -l2
[13.249s] DEBUG:colcon.colcon_core.event_handler.log_command:Invoked command in '/home/aggregator/ros2_ws/build/realsense2_description' returned '0': CMAKE_PREFIX_PATH=/home/aggregator/ros2_ws/install/realsense2_camera_msgs:/home/aggregator/ros2_ws/install/realsense2_description:/home/aggregator/ros2_ws/install/realsense2_camera:/home/aggregator/ros2_ws/install/py_pubsub:/home/aggregator/ros2_ws/install/perception_navigation:/opt/ros/foxy LD_LIBRARY_PATH=/home/aggregator/ros2_ws/install/realsense2_camera_msgs/lib:/home/aggregator/ros2_ws/install/realsense2_camera/lib:/opt/ros/foxy/opt/yaml_cpp_vendor/lib:/opt/ros/foxy/opt/rviz_ogre_vendor/lib:/opt/ros/foxy/lib/x86_64-linux-gnu:/opt/ros/foxy/lib /usr/bin/cmake --build /home/aggregator/ros2_ws/build/realsense2_description -- -j2 -l2
[13.312s] DEBUG:colcon.colcon_core.event_handler.log_command:Invoking command in '/home/aggregator/ros2_ws/build/realsense2_description': CMAKE_PREFIX_PATH=/home/aggregator/ros2_ws/install/realsense2_camera_msgs:/home/aggregator/ros2_ws/install/realsense2_description:/home/aggregator/ros2_ws/install/realsense2_camera:/home/aggregator/ros2_ws/install/py_pubsub:/home/aggregator/ros2_ws/install/perception_navigation:/opt/ros/foxy LD_LIBRARY_PATH=/home/aggregator/ros2_ws/install/realsense2_camera_msgs/lib:/home/aggregator/ros2_ws/install/realsense2_camera/lib:/opt/ros/foxy/opt/yaml_cpp_vendor/lib:/opt/ros/foxy/opt/rviz_ogre_vendor/lib:/opt/ros/foxy/lib/x86_64-linux-gnu:/opt/ros/foxy/lib /usr/bin/cmake --install /home/aggregator/ros2_ws/build/realsense2_description
[13.490s] Level 1:colcon.colcon_core.environment:create_environment_scripts_only(realsense2_description)
[13.500s] DEBUG:colcon.colcon_core.event_handler.log_command:Invoked command in '/home/aggregator/ros2_ws/build/realsense2_description' returned '0': CMAKE_PREFIX_PATH=/home/aggregator/ros2_ws/install/realsense2_camera_msgs:/home/aggregator/ros2_ws/install/realsense2_description:/home/aggregator/ros2_ws/install/realsense2_camera:/home/aggregator/ros2_ws/install/py_pubsub:/home/aggregator/ros2_ws/install/perception_navigation:/opt/ros/foxy LD_LIBRARY_PATH=/home/aggregator/ros2_ws/install/realsense2_camera_msgs/lib:/home/aggregator/ros2_ws/install/realsense2_camera/lib:/opt/ros/foxy/opt/yaml_cpp_vendor/lib:/opt/ros/foxy/opt/rviz_ogre_vendor/lib:/opt/ros/foxy/lib/x86_64-linux-gnu:/opt/ros/foxy/lib /usr/bin/cmake --install /home/aggregator/ros2_ws/build/realsense2_description
[13.510s] Level 1:colcon.colcon_core.environment:checking '/home/aggregator/ros2_ws/install/realsense2_description' for CMake module files
[13.512s] Level 1:colcon.colcon_core.environment:checking '/home/aggregator/ros2_ws/install/realsense2_description' for CMake config files
[13.514s] Level 1:colcon.colcon_core.shell:create_environment_hook('realsense2_description', 'cmake_prefix_path')
[13.531s] INFO:colcon.colcon_core.shell:Creating environment hook '/home/aggregator/ros2_ws/install/realsense2_description/share/realsense2_description/hook/cmake_prefix_path.ps1'
[13.533s] INFO:colcon.colcon_core.shell:Creating environment descriptor '/home/aggregator/ros2_ws/install/realsense2_description/share/realsense2_description/hook/cmake_prefix_path.dsv'
[13.534s] INFO:colcon.colcon_core.shell:Creating environment hook '/home/aggregator/ros2_ws/install/realsense2_description/share/realsense2_description/hook/cmake_prefix_path.sh'
[13.537s] Level 1:colcon.colcon_core.environment:checking '/home/aggregator/ros2_ws/install/realsense2_description/bin'
[13.537s] Level 1:colcon.colcon_core.environment:checking '/home/aggregator/ros2_ws/install/realsense2_description/lib/pkgconfig/realsense2_description.pc'
[13.537s] Level 1:colcon.colcon_core.environment:checking '/home/aggregator/ros2_ws/install/realsense2_description/lib/python3.8/site-packages'
[13.555s] INFO:colcon.colcon_core.shell:Creating package script '/home/aggregator/ros2_ws/install/realsense2_description/share/realsense2_description/package.ps1'
[13.558s] INFO:colcon.colcon_core.shell:Creating package descriptor '/home/aggregator/ros2_ws/install/realsense2_description/share/realsense2_description/package.dsv'
[13.559s] INFO:colcon.colcon_core.shell:Creating package script '/home/aggregator/ros2_ws/install/realsense2_description/share/realsense2_description/package.sh'
[13.561s] INFO:colcon.colcon_core.shell:Creating package script '/home/aggregator/ros2_ws/install/realsense2_description/share/realsense2_description/package.bash'
[13.563s] INFO:colcon.colcon_core.shell:Creating package script '/home/aggregator/ros2_ws/install/realsense2_description/share/realsense2_description/package.zsh'
[13.564s] Level 1:colcon.colcon_core.environment:create_file_with_runtime_dependencies(/home/aggregator/ros2_ws/install/realsense2_description/share/colcon-core/packages/realsense2_description)
[13.646s] Level 1:colcon.colcon_core.environment:create_environment_scripts_only(realsense2_description)
[13.664s] Level 1:colcon.colcon_core.environment:checking '/home/aggregator/ros2_ws/install/realsense2_description' for CMake module files
[13.666s] Level 1:colcon.colcon_core.environment:checking '/home/aggregator/ros2_ws/install/realsense2_description' for CMake config files
[13.667s] Level 1:colcon.colcon_core.shell:create_environment_hook('realsense2_description', 'cmake_prefix_path')
[13.685s] INFO:colcon.colcon_core.shell:Creating environment hook '/home/aggregator/ros2_ws/install/realsense2_description/share/realsense2_description/hook/cmake_prefix_path.ps1'
[13.687s] INFO:colcon.colcon_core.shell:Creating environment descriptor '/home/aggregator/ros2_ws/install/realsense2_description/share/realsense2_description/hook/cmake_prefix_path.dsv'
[13.689s] INFO:colcon.colcon_core.shell:Creating environment hook '/home/aggregator/ros2_ws/install/realsense2_description/share/realsense2_description/hook/cmake_prefix_path.sh'
[13.692s] Level 1:colcon.colcon_core.environment:checking '/home/aggregator/ros2_ws/install/realsense2_description/bin'
[13.692s] Level 1:colcon.colcon_core.environment:checking '/home/aggregator/ros2_ws/install/realsense2_description/lib/pkgconfig/realsense2_description.pc'
[13.692s] Level 1:colcon.colcon_core.environment:checking '/home/aggregator/ros2_ws/install/realsense2_description/lib/python3.8/site-packages'
[13.709s] INFO:colcon.colcon_core.shell:Creating package script '/home/aggregator/ros2_ws/install/realsense2_description/share/realsense2_description/package.ps1'
[13.712s] INFO:colcon.colcon_core.shell:Creating package descriptor '/home/aggregator/ros2_ws/install/realsense2_description/share/realsense2_description/package.dsv'
[13.714s] INFO:colcon.colcon_core.shell:Creating package script '/home/aggregator/ros2_ws/install/realsense2_description/share/realsense2_description/package.sh'
[13.716s] INFO:colcon.colcon_core.shell:Creating package script '/home/aggregator/ros2_ws/install/realsense2_description/share/realsense2_description/package.bash'
[13.718s] INFO:colcon.colcon_core.shell:Creating package script '/home/aggregator/ros2_ws/install/realsense2_description/share/realsense2_description/package.zsh'
[13.719s] Level 1:colcon.colcon_core.environment:create_file_with_runtime_dependencies(/home/aggregator/ros2_ws/install/realsense2_description/share/colcon-core/packages/realsense2_description)
[17.095s] DEBUG:colcon.colcon_core.event_handler.log_command:Invoked command in '/home/aggregator/ros2_ws/build/realsense2_camera' returned '0': CMAKE_PREFIX_PATH=/home/aggregator/ros2_ws/install/realsense2_camera_msgs:/home/aggregator/ros2_ws/install/realsense2_description:/home/aggregator/ros2_ws/install/realsense2_camera:/home/aggregator/ros2_ws/install/py_pubsub:/home/aggregator/ros2_ws/install/perception_navigation:/opt/ros/foxy LD_LIBRARY_PATH=/home/aggregator/ros2_ws/install/realsense2_camera_msgs/lib:/home/aggregator/ros2_ws/install/realsense2_camera/lib:/opt/ros/foxy/opt/yaml_cpp_vendor/lib:/opt/ros/foxy/opt/rviz_ogre_vendor/lib:/opt/ros/foxy/lib/x86_64-linux-gnu:/opt/ros/foxy/lib /usr/bin/cmake /home/aggregator/ros2_ws/src/realsense-ros/realsense2_camera -DCMAKE_INSTALL_PREFIX=/home/aggregator/ros2_ws/install/realsense2_camera
[17.104s] DEBUG:colcon.colcon_core.event_handler.log_command:Invoking command in '/home/aggregator/ros2_ws/build/realsense2_camera': CMAKE_PREFIX_PATH=/home/aggregator/ros2_ws/install/realsense2_camera_msgs:/home/aggregator/ros2_ws/install/realsense2_description:/home/aggregator/ros2_ws/install/realsense2_camera:/home/aggregator/ros2_ws/install/py_pubsub:/home/aggregator/ros2_ws/install/perception_navigation:/opt/ros/foxy LD_LIBRARY_PATH=/home/aggregator/ros2_ws/install/realsense2_camera_msgs/lib:/home/aggregator/ros2_ws/install/realsense2_camera/lib:/opt/ros/foxy/opt/yaml_cpp_vendor/lib:/opt/ros/foxy/opt/rviz_ogre_vendor/lib:/opt/ros/foxy/lib/x86_64-linux-gnu:/opt/ros/foxy/lib /usr/bin/cmake --build /home/aggregator/ros2_ws/build/realsense2_camera -- -j2 -l2
[17.441s] DEBUG:colcon.colcon_core.event_handler.log_command:Invoked command in '/home/aggregator/ros2_ws/build/realsense2_camera' returned '0': CMAKE_PREFIX_PATH=/home/aggregator/ros2_ws/install/realsense2_camera_msgs:/home/aggregator/ros2_ws/install/realsense2_description:/home/aggregator/ros2_ws/install/realsense2_camera:/home/aggregator/ros2_ws/install/py_pubsub:/home/aggregator/ros2_ws/install/perception_navigation:/opt/ros/foxy LD_LIBRARY_PATH=/home/aggregator/ros2_ws/install/realsense2_camera_msgs/lib:/home/aggregator/ros2_ws/install/realsense2_camera/lib:/opt/ros/foxy/opt/yaml_cpp_vendor/lib:/opt/ros/foxy/opt/rviz_ogre_vendor/lib:/opt/ros/foxy/lib/x86_64-linux-gnu:/opt/ros/foxy/lib /usr/bin/cmake --build /home/aggregator/ros2_ws/build/realsense2_camera -- -j2 -l2
[17.601s] DEBUG:colcon.colcon_core.event_handler.log_command:Invoking command in '/home/aggregator/ros2_ws/build/realsense2_camera': CMAKE_PREFIX_PATH=/home/aggregator/ros2_ws/install/realsense2_camera_msgs:/home/aggregator/ros2_ws/install/realsense2_description:/home/aggregator/ros2_ws/install/realsense2_camera:/home/aggregator/ros2_ws/install/py_pubsub:/home/aggregator/ros2_ws/install/perception_navigation:/opt/ros/foxy LD_LIBRARY_PATH=/home/aggregator/ros2_ws/install/realsense2_camera_msgs/lib:/home/aggregator/ros2_ws/install/realsense2_camera/lib:/opt/ros/foxy/opt/yaml_cpp_vendor/lib:/opt/ros/foxy/opt/rviz_ogre_vendor/lib:/opt/ros/foxy/lib/x86_64-linux-gnu:/opt/ros/foxy/lib /usr/bin/cmake --install /home/aggregator/ros2_ws/build/realsense2_camera
[17.759s] Level 1:colcon.colcon_core.environment:create_environment_scripts_only(realsense2_camera)
[17.780s] Level 1:colcon.colcon_core.environment:checking '/home/aggregator/ros2_ws/install/realsense2_camera' for CMake module files
[17.782s] DEBUG:colcon.colcon_core.event_handler.log_command:Invoked command in '/home/aggregator/ros2_ws/build/realsense2_camera' returned '0': CMAKE_PREFIX_PATH=/home/aggregator/ros2_ws/install/realsense2_camera_msgs:/home/aggregator/ros2_ws/install/realsense2_description:/home/aggregator/ros2_ws/install/realsense2_camera:/home/aggregator/ros2_ws/install/py_pubsub:/home/aggregator/ros2_ws/install/perception_navigation:/opt/ros/foxy LD_LIBRARY_PATH=/home/aggregator/ros2_ws/install/realsense2_camera_msgs/lib:/home/aggregator/ros2_ws/install/realsense2_camera/lib:/opt/ros/foxy/opt/yaml_cpp_vendor/lib:/opt/ros/foxy/opt/rviz_ogre_vendor/lib:/opt/ros/foxy/lib/x86_64-linux-gnu:/opt/ros/foxy/lib /usr/bin/cmake --install /home/aggregator/ros2_ws/build/realsense2_camera
[17.784s] Level 1:colcon.colcon_core.environment:checking '/home/aggregator/ros2_ws/install/realsense2_camera' for CMake config files
[17.785s] Level 1:colcon.colcon_core.shell:create_environment_hook('realsense2_camera', 'cmake_prefix_path')
[17.805s] INFO:colcon.colcon_core.shell:Creating environment hook '/home/aggregator/ros2_ws/install/realsense2_camera/share/realsense2_camera/hook/cmake_prefix_path.ps1'
[17.807s] INFO:colcon.colcon_core.shell:Creating environment descriptor '/home/aggregator/ros2_ws/install/realsense2_camera/share/realsense2_camera/hook/cmake_prefix_path.dsv'
[17.809s] INFO:colcon.colcon_core.shell:Creating environment hook '/home/aggregator/ros2_ws/install/realsense2_camera/share/realsense2_camera/hook/cmake_prefix_path.sh'
[17.812s] Level 1:colcon.colcon_core.environment:checking '/home/aggregator/ros2_ws/install/realsense2_camera/lib'
[17.813s] Level 1:colcon.colcon_core.shell:create_environment_hook('realsense2_camera', 'ld_library_path_lib')
[17.832s] INFO:colcon.colcon_core.shell:Creating environment hook '/home/aggregator/ros2_ws/install/realsense2_camera/share/realsense2_camera/hook/ld_library_path_lib.ps1'
[17.833s] INFO:colcon.colcon_core.shell:Creating environment descriptor '/home/aggregator/ros2_ws/install/realsense2_camera/share/realsense2_camera/hook/ld_library_path_lib.dsv'
[17.835s] INFO:colcon.colcon_core.shell:Creating environment hook '/home/aggregator/ros2_ws/install/realsense2_camera/share/realsense2_camera/hook/ld_library_path_lib.sh'
[17.837s] Level 1:colcon.colcon_core.environment:checking '/home/aggregator/ros2_ws/install/realsense2_camera/bin'
[17.838s] Level 1:colcon.colcon_core.environment:checking '/home/aggregator/ros2_ws/install/realsense2_camera/lib/pkgconfig/realsense2_camera.pc'
[17.838s] Level 1:colcon.colcon_core.environment:checking '/home/aggregator/ros2_ws/install/realsense2_camera/lib/python3.8/site-packages'
[17.856s] INFO:colcon.colcon_core.shell:Creating package script '/home/aggregator/ros2_ws/install/realsense2_camera/share/realsense2_camera/package.ps1'
[17.858s] INFO:colcon.colcon_core.shell:Creating package descriptor '/home/aggregator/ros2_ws/install/realsense2_camera/share/realsense2_camera/package.dsv'
[17.860s] INFO:colcon.colcon_core.shell:Creating package script '/home/aggregator/ros2_ws/install/realsense2_camera/share/realsense2_camera/package.sh'
[17.862s] INFO:colcon.colcon_core.shell:Creating package script '/home/aggregator/ros2_ws/install/realsense2_camera/share/realsense2_camera/package.bash'
[17.864s] INFO:colcon.colcon_core.shell:Creating package script '/home/aggregator/ros2_ws/install/realsense2_camera/share/realsense2_camera/package.zsh'
[17.866s] Level 1:colcon.colcon_core.environment:create_file_with_runtime_dependencies(/home/aggregator/ros2_ws/install/realsense2_camera/share/colcon-core/packages/realsense2_camera)
[18.053s] Level 1:colcon.colcon_core.environment:create_environment_scripts_only(realsense2_camera)
[18.071s] Level 1:colcon.colcon_core.environment:checking '/home/aggregator/ros2_ws/install/realsense2_camera' for CMake module files
[18.073s] Level 1:colcon.colcon_core.environment:checking '/home/aggregator/ros2_ws/install/realsense2_camera' for CMake config files
[18.074s] Level 1:colcon.colcon_core.shell:create_environment_hook('realsense2_camera', 'cmake_prefix_path')
[18.094s] INFO:colcon.colcon_core.shell:Creating environment hook '/home/aggregator/ros2_ws/install/realsense2_camera/share/realsense2_camera/hook/cmake_prefix_path.ps1'
[18.097s] INFO:colcon.colcon_core.shell:Creating environment descriptor '/home/aggregator/ros2_ws/install/realsense2_camera/share/realsense2_camera/hook/cmake_prefix_path.dsv'
[18.099s] INFO:colcon.colcon_core.shell:Creating environment hook '/home/aggregator/ros2_ws/install/realsense2_camera/share/realsense2_camera/hook/cmake_prefix_path.sh'
[18.101s] Level 1:colcon.colcon_core.environment:checking '/home/aggregator/ros2_ws/install/realsense2_camera/lib'
[18.101s] Level 1:colcon.colcon_core.shell:create_environment_hook('realsense2_camera', 'ld_library_path_lib')
[18.120s] INFO:colcon.colcon_core.shell:Creating environment hook '/home/aggregator/ros2_ws/install/realsense2_camera/share/realsense2_camera/hook/ld_library_path_lib.ps1'
[18.123s] INFO:colcon.colcon_core.shell:Creating environment descriptor '/home/aggregator/ros2_ws/install/realsense2_camera/share/realsense2_camera/hook/ld_library_path_lib.dsv'
[18.125s] INFO:colcon.colcon_core.shell:Creating environment hook '/home/aggregator/ros2_ws/install/realsense2_camera/share/realsense2_camera/hook/ld_library_path_lib.sh'
[18.127s] Level 1:colcon.colcon_core.environment:checking '/home/aggregator/ros2_ws/install/realsense2_camera/bin'
[18.127s] Level 1:colcon.colcon_core.environment:checking '/home/aggregator/ros2_ws/install/realsense2_camera/lib/pkgconfig/realsense2_camera.pc'
[18.128s] Level 1:colcon.colcon_core.environment:checking '/home/aggregator/ros2_ws/install/realsense2_camera/lib/python3.8/site-packages'
[18.147s] INFO:colcon.colcon_core.shell:Creating package script '/home/aggregator/ros2_ws/install/realsense2_camera/share/realsense2_camera/package.ps1'
[18.149s] INFO:colcon.colcon_core.shell:Creating package descriptor '/home/aggregator/ros2_ws/install/realsense2_camera/share/realsense2_camera/package.dsv'
[18.151s] INFO:colcon.colcon_core.shell:Creating package script '/home/aggregator/ros2_ws/install/realsense2_camera/share/realsense2_camera/package.sh'
[18.154s] INFO:colcon.colcon_core.shell:Creating package script '/home/aggregator/ros2_ws/install/realsense2_camera/share/realsense2_camera/package.bash'
[18.156s] INFO:colcon.colcon_core.shell:Creating package script '/home/aggregator/ros2_ws/install/realsense2_camera/share/realsense2_camera/package.zsh'
[18.158s] Level 1:colcon.colcon_core.environment:create_file_with_runtime_dependencies(/home/aggregator/ros2_ws/install/realsense2_camera/share/colcon-core/packages/realsense2_camera)
[18.160s] DEBUG:colcon.colcon_parallel_executor.executor.parallel:closing loop
[18.161s] DEBUG:colcon.colcon_parallel_executor.executor.parallel:loop closed
[18.163s] DEBUG:colcon.colcon_parallel_executor.executor.parallel:run_until_complete finished with '0'
[18.163s] DEBUG:colcon.colcon_core.event_reactor:joining thread
[18.197s] INFO:colcon.colcon_core.plugin_system:Skipping extension 'colcon_notification.desktop_notification.terminal_notifier': Not used on non-Darwin systems
[18.198s] INFO:colcon.colcon_core.plugin_system:Skipping extension 'colcon_notification.desktop_notification.win32': Not used on non-Windows systems
[18.198s] INFO:colcon.colcon_notification.desktop_notification:Sending desktop notification using 'notify2'
[18.260s] DEBUG:colcon.colcon_core.event_reactor:joined thread
[18.279s] INFO:colcon.colcon_core.shell:Creating prefix script '/home/aggregator/ros2_ws/install/local_setup.ps1'
[18.283s] INFO:colcon.colcon_core.shell:Creating prefix util module '/home/aggregator/ros2_ws/install/_local_setup_util_ps1.py'
[18.287s] INFO:colcon.colcon_core.shell:Creating prefix chain script '/home/aggregator/ros2_ws/install/setup.ps1'
[18.304s] INFO:colcon.colcon_core.shell:Creating prefix script '/home/aggregator/ros2_ws/install/local_setup.sh'
[18.306s] INFO:colcon.colcon_core.shell:Creating prefix util module '/home/aggregator/ros2_ws/install/_local_setup_util_sh.py'
[18.308s] INFO:colcon.colcon_core.shell:Creating prefix chain script '/home/aggregator/ros2_ws/install/setup.sh'
[18.324s] INFO:colcon.colcon_core.shell:Creating prefix script '/home/aggregator/ros2_ws/install/local_setup.bash'
[18.327s] INFO:colcon.colcon_core.shell:Creating prefix chain script '/home/aggregator/ros2_ws/install/setup.bash'
[18.345s] INFO:colcon.colcon_core.shell:Creating prefix script '/home/aggregator/ros2_ws/install/local_setup.zsh'
[18.348s] INFO:colcon.colcon_core.shell:Creating prefix chain script '/home/aggregator/ros2_ws/install/setup.zsh'
