[1.017s] Invoking command in '/home/aggregator/ros2_ws/build/py_pubsub': PYTHONPATH=/home/aggregator/ros2_ws/install/py_pubsub/lib/python3.8/site-packages:${PYTHONPATH} /usr/bin/python3 setup.py develop --prefix /home/aggregator/ros2_ws/install/py_pubsub --uninstall --editable --build-directory /home/aggregator/ros2_ws/build/py_pubsub/build
[2.093s] running develop
[2.769s] Removing /home/aggregator/ros2_ws/install/py_pubsub/lib/python3.8/site-packages/py-pubsub.egg-link (link to .)
[2.911s] Invoked command in '/home/aggregator/ros2_ws/build/py_pubsub' returned '0': PYTHONPATH=/home/aggregator/ros2_ws/install/py_pubsub/lib/python3.8/site-packages:${PYTHONPATH} /usr/bin/python3 setup.py develop --prefix /home/aggregator/ros2_ws/install/py_pubsub --uninstall --editable --build-directory /home/aggregator/ros2_ws/build/py_pubsub/build
[2.913s] Invoking command in '/home/aggregator/ros2_ws/src/py_pubsub': PYTHONPATH=/home/aggregator/ros2_ws/install/py_pubsub/lib/python3.8/site-packages:${PYTHONPATH} /usr/bin/python3 setup.py egg_info --egg-base ../../build/py_pubsub build --build-base /home/aggregator/ros2_ws/build/py_pubsub/build install --prefix /home/aggregator/ros2_ws/install/py_pubsub --record /home/aggregator/ros2_ws/build/py_pubsub/install.log --single-version-externally-managed
[4.108s] running egg_info
[4.111s] writing ../../build/py_pubsub/py_pubsub.egg-info/PKG-INFO
[4.113s] writing dependency_links to ../../build/py_pubsub/py_pubsub.egg-info/dependency_links.txt
[4.115s] writing entry points to ../../build/py_pubsub/py_pubsub.egg-info/entry_points.txt
[4.116s] writing requirements to ../../build/py_pubsub/py_pubsub.egg-info/requires.txt
[4.117s] writing top-level names to ../../build/py_pubsub/py_pubsub.egg-info/top_level.txt
[4.300s] reading manifest file '../../build/py_pubsub/py_pubsub.egg-info/SOURCES.txt'
[4.305s] writing manifest file '../../build/py_pubsub/py_pubsub.egg-info/SOURCES.txt'
[4.306s] running build
[4.306s] running build_py
[4.309s] running install
[4.312s] running install_lib
[4.316s] creating /home/aggregator/ros2_ws/install/py_pubsub/lib/python3.8/site-packages/py_pubsub
[4.317s] copying /home/aggregator/ros2_ws/build/py_pubsub/build/lib/py_pubsub/__init__.py -> /home/aggregator/ros2_ws/install/py_pubsub/lib/python3.8/site-packages/py_pubsub
[4.318s] copying /home/aggregator/ros2_ws/build/py_pubsub/build/lib/py_pubsub/intel_cam_subber.py -> /home/aggregator/ros2_ws/install/py_pubsub/lib/python3.8/site-packages/py_pubsub
[4.320s] copying /home/aggregator/ros2_ws/build/py_pubsub/build/lib/py_pubsub/publisher_member_function.py -> /home/aggregator/ros2_ws/install/py_pubsub/lib/python3.8/site-packages/py_pubsub
[4.322s] copying /home/aggregator/ros2_ws/build/py_pubsub/build/lib/py_pubsub/subscriber_member_function.py -> /home/aggregator/ros2_ws/install/py_pubsub/lib/python3.8/site-packages/py_pubsub
[4.325s] byte-compiling /home/aggregator/ros2_ws/install/py_pubsub/lib/python3.8/site-packages/py_pubsub/__init__.py to __init__.cpython-38.pyc
[4.330s] byte-compiling /home/aggregator/ros2_ws/install/py_pubsub/lib/python3.8/site-packages/py_pubsub/intel_cam_subber.py to intel_cam_subber.cpython-38.pyc
[4.332s] byte-compiling /home/aggregator/ros2_ws/install/py_pubsub/lib/python3.8/site-packages/py_pubsub/publisher_member_function.py to publisher_member_function.cpython-38.pyc
[4.335s] byte-compiling /home/aggregator/ros2_ws/install/py_pubsub/lib/python3.8/site-packages/py_pubsub/subscriber_member_function.py to subscriber_member_function.cpython-38.pyc
[4.337s] running install_data
[4.339s] running install_egg_info
[4.345s] Copying ../../build/py_pubsub/py_pubsub.egg-info to /home/aggregator/ros2_ws/install/py_pubsub/lib/python3.8/site-packages/py_pubsub-0.0.0-py3.8.egg-info
[4.351s] running install_scripts
[4.407s] Installing intel_cam_subber script to /home/aggregator/ros2_ws/install/py_pubsub/lib/py_pubsub
[4.409s] Installing listener script to /home/aggregator/ros2_ws/install/py_pubsub/lib/py_pubsub
[4.410s] Installing talker script to /home/aggregator/ros2_ws/install/py_pubsub/lib/py_pubsub
[4.412s] writing list of installed files to '/home/aggregator/ros2_ws/build/py_pubsub/install.log'
[4.491s] Invoked command in '/home/aggregator/ros2_ws/src/py_pubsub' returned '0': PYTHONPATH=/home/aggregator/ros2_ws/install/py_pubsub/lib/python3.8/site-packages:${PYTHONPATH} /usr/bin/python3 setup.py egg_info --egg-base ../../build/py_pubsub build --build-base /home/aggregator/ros2_ws/build/py_pubsub/build install --prefix /home/aggregator/ros2_ws/install/py_pubsub --record /home/aggregator/ros2_ws/build/py_pubsub/install.log --single-version-externally-managed
