[0.122s] Invoking command in '/home/aggregator/ros2_ws/build/realsense2_camera': AMENT_PREFIX_PATH=/home/aggregator/ros2_ws/install/realsense2_camera_msgs:${AMENT_PREFIX_PATH} CMAKE_PREFIX_PATH=/home/aggregator/ros2_ws/install/realsense2_camera_msgs:/opt/ros/foxy LD_LIBRARY_PATH=/home/aggregator/ros2_ws/install/realsense2_camera_msgs/lib:${LD_LIBRARY_PATH} PYTHONPATH=/home/aggregator/ros2_ws/install/realsense2_camera_msgs/lib/python3.8/site-packages:${PYTHONPATH} /usr/bin/cmake /home/aggregator/ros2_ws/src/realsense-ros/realsense2_camera -DAMENT_CMAKE_SYMLINK_INSTALL=1 -DCMAKE_INSTALL_PREFIX=/home/aggregator/ros2_ws/install/realsense2_camera
[0.186s] -- Create Release Build.
[0.186s] -- Found ament_cmake: 0.9.11 (/opt/ros/foxy/share/ament_cmake/cmake)
[0.269s] -- Using PYTHON_EXECUTABLE: /usr/bin/python3
[1.088s] -- Override CMake install command with custom implementation using symlinks instead of copying resources
[1.110s] -- Found builtin_interfaces: 1.0.0 (/opt/ros/foxy/share/builtin_interfaces/cmake)
[1.187s] -- Using all available rosidl_typesupport_c: rosidl_typesupport_fastrtps_c;rosidl_typesupport_introspection_c
[1.202s] -- Found rosidl_adapter: 1.3.0 (/opt/ros/foxy/share/rosidl_adapter/cmake)
[1.580s] -- Using all available rosidl_typesupport_cpp: rosidl_typesupport_fastrtps_cpp;rosidl_typesupport_introspection_cpp
[1.707s] -- Found cv_bridge: 3.0.6 (/opt/ros/foxy/share/cv_bridge/cmake)
[2.776s] -- Found image_transport: 2.4.0 (/opt/ros/foxy/share/image_transport/cmake)
[2.979s] -- Found rmw_implementation_cmake: 1.0.3 (/opt/ros/foxy/share/rmw_implementation_cmake/cmake)
[2.986s] -- Using RMW implementation 'rmw_fastrtps_cpp' as default
[4.680s] -- Found rclcpp_components: 2.4.2 (/opt/ros/foxy/share/rclcpp_components/cmake)
[4.914s] -- Found realsense2_camera_msgs: 4.51.1 (/home/aggregator/ros2_ws/install/realsense2_camera_msgs/share/realsense2_camera_msgs/cmake)
[5.096s] -- Found nav_msgs: 2.0.5 (/opt/ros/foxy/share/nav_msgs/cmake)
[5.400s] -- Found tf2_ros: 0.13.13 (/opt/ros/foxy/share/tf2_ros/cmake)
[6.542s] -- Found diagnostic_updater: 2.0.8 (/opt/ros/foxy/share/diagnostic_updater/cmake)
[6.799s] -- Build for ROS2 Foxy
[7.368s] -- Configuring done
[7.530s] -- Generating done
[7.543s] -- Build files have been written to: /home/aggregator/ros2_ws/build/realsense2_camera
[7.578s] Invoked command in '/home/aggregator/ros2_ws/build/realsense2_camera' returned '0': AMENT_PREFIX_PATH=/home/aggregator/ros2_ws/install/realsense2_camera_msgs:${AMENT_PREFIX_PATH} CMAKE_PREFIX_PATH=/home/aggregator/ros2_ws/install/realsense2_camera_msgs:/opt/ros/foxy LD_LIBRARY_PATH=/home/aggregator/ros2_ws/install/realsense2_camera_msgs/lib:${LD_LIBRARY_PATH} PYTHONPATH=/home/aggregator/ros2_ws/install/realsense2_camera_msgs/lib/python3.8/site-packages:${PYTHONPATH} /usr/bin/cmake /home/aggregator/ros2_ws/src/realsense-ros/realsense2_camera -DAMENT_CMAKE_SYMLINK_INSTALL=1 -DCMAKE_INSTALL_PREFIX=/home/aggregator/ros2_ws/install/realsense2_camera
[7.588s] Invoking command in '/home/aggregator/ros2_ws/build/realsense2_camera': AMENT_PREFIX_PATH=/home/aggregator/ros2_ws/install/realsense2_camera_msgs:${AMENT_PREFIX_PATH} CMAKE_PREFIX_PATH=/home/aggregator/ros2_ws/install/realsense2_camera_msgs:/opt/ros/foxy LD_LIBRARY_PATH=/home/aggregator/ros2_ws/install/realsense2_camera_msgs/lib:${LD_LIBRARY_PATH} PYTHONPATH=/home/aggregator/ros2_ws/install/realsense2_camera_msgs/lib/python3.8/site-packages:${PYTHONPATH} /usr/bin/cmake --build /home/aggregator/ros2_ws/build/realsense2_camera -- -j2 -l2
[7.834s] [  6%] [32m[1mLinking CXX executable realsense2_camera_node[0m
[7.905s] [ 12%] [32m[1mLinking CXX shared library librealsense2_camera.so[0m
[10.163s] [ 18%] Built target realsense2_camera_node
[27.889s] [100%] Built target realsense2_camera
[27.949s] Invoked command in '/home/aggregator/ros2_ws/build/realsense2_camera' returned '0': AMENT_PREFIX_PATH=/home/aggregator/ros2_ws/install/realsense2_camera_msgs:${AMENT_PREFIX_PATH} CMAKE_PREFIX_PATH=/home/aggregator/ros2_ws/install/realsense2_camera_msgs:/opt/ros/foxy LD_LIBRARY_PATH=/home/aggregator/ros2_ws/install/realsense2_camera_msgs/lib:${LD_LIBRARY_PATH} PYTHONPATH=/home/aggregator/ros2_ws/install/realsense2_camera_msgs/lib/python3.8/site-packages:${PYTHONPATH} /usr/bin/cmake --build /home/aggregator/ros2_ws/build/realsense2_camera -- -j2 -l2
[28.185s] Invoking command in '/home/aggregator/ros2_ws/build/realsense2_camera': AMENT_PREFIX_PATH=/home/aggregator/ros2_ws/install/realsense2_camera_msgs:${AMENT_PREFIX_PATH} CMAKE_PREFIX_PATH=/home/aggregator/ros2_ws/install/realsense2_camera_msgs:/opt/ros/foxy LD_LIBRARY_PATH=/home/aggregator/ros2_ws/install/realsense2_camera_msgs/lib:${LD_LIBRARY_PATH} PYTHONPATH=/home/aggregator/ros2_ws/install/realsense2_camera_msgs/lib/python3.8/site-packages:${PYTHONPATH} /usr/bin/cmake --install /home/aggregator/ros2_ws/build/realsense2_camera
[28.218s] -- Install configuration: "Release"
[28.219s] -- Execute custom install script
[28.221s] -- Symlinking: /home/aggregator/ros2_ws/install/realsense2_camera/lib/realsense2_camera/realsense2_camera_node
[28.293s] -- Symlinking: /home/aggregator/ros2_ws/install/realsense2_camera/lib/librealsense2_camera.so
[28.382s] -- Symlinking: /home/aggregator/ros2_ws/install/realsense2_camera/include/base_realsense_node.h
[28.407s] -- Symlinking: /home/aggregator/ros2_ws/install/realsense2_camera/include/constants.h
[28.439s] -- Symlinking: /home/aggregator/ros2_ws/install/realsense2_camera/include/dynamic_params.h
[28.471s] -- Symlinking: /home/aggregator/ros2_ws/install/realsense2_camera/include/image_publisher.h
[28.511s] -- Symlinking: /home/aggregator/ros2_ws/install/realsense2_camera/include/named_filter.h
[28.547s] -- Symlinking: /home/aggregator/ros2_ws/install/realsense2_camera/include/profile_manager.h
[28.571s] -- Symlinking: /home/aggregator/ros2_ws/install/realsense2_camera/include/realsense_node_factory.h
[28.597s] -- Symlinking: /home/aggregator/ros2_ws/install/realsense2_camera/include/ros_param_backend.h
[28.628s] -- Symlinking: /home/aggregator/ros2_ws/install/realsense2_camera/include/ros_sensor.h
[28.660s] -- Symlinking: /home/aggregator/ros2_ws/install/realsense2_camera/include/ros_utils.h
[28.694s] -- Symlinking: /home/aggregator/ros2_ws/install/realsense2_camera/include/sensor_params.h
[28.725s] -- Symlinking: /home/aggregator/ros2_ws/install/realsense2_camera/include/t265_realsense_node.h
[28.803s] -- Symlinking: /home/aggregator/ros2_ws/install/realsense2_camera/share/realsense2_camera/launch/default.rviz
[28.835s] -- Symlinking: /home/aggregator/ros2_ws/install/realsense2_camera/share/realsense2_camera/launch/rs_d400_and_t265_launch.py
[28.866s] -- Symlinking: /home/aggregator/ros2_ws/install/realsense2_camera/share/realsense2_camera/launch/rs_intra_process_demo_launch.py
[28.888s] -- Symlinking: /home/aggregator/ros2_ws/install/realsense2_camera/share/realsense2_camera/launch/rs_launch.py
[28.912s] -- Symlinking: /home/aggregator/ros2_ws/install/realsense2_camera/share/realsense2_camera/launch/rs_multi_camera_launch.py
[28.970s] -- Symlinking: /home/aggregator/ros2_ws/install/realsense2_camera/share/realsense2_camera/environment/library_path.sh
[29.000s] -- Symlinking: /home/aggregator/ros2_ws/install/realsense2_camera/share/realsense2_camera/environment/library_path.dsv
[29.031s] -- Symlinking: /home/aggregator/ros2_ws/install/realsense2_camera/share/ament_index/resource_index/package_run_dependencies/realsense2_camera
[29.060s] -- Symlinking: /home/aggregator/ros2_ws/install/realsense2_camera/share/ament_index/resource_index/parent_prefix_path/realsense2_camera
[29.083s] -- Symlinking: /home/aggregator/ros2_ws/install/realsense2_camera/share/realsense2_camera/environment/ament_prefix_path.sh
[29.112s] -- Symlinking: /home/aggregator/ros2_ws/install/realsense2_camera/share/realsense2_camera/environment/ament_prefix_path.dsv
[29.142s] -- Symlinking: /home/aggregator/ros2_ws/install/realsense2_camera/share/realsense2_camera/environment/path.sh
[29.170s] -- Symlinking: /home/aggregator/ros2_ws/install/realsense2_camera/share/realsense2_camera/environment/path.dsv
[29.197s] -- Symlinking: /home/aggregator/ros2_ws/install/realsense2_camera/share/realsense2_camera/local_setup.bash
[29.226s] -- Symlinking: /home/aggregator/ros2_ws/install/realsense2_camera/share/realsense2_camera/local_setup.sh
[29.254s] -- Symlinking: /home/aggregator/ros2_ws/install/realsense2_camera/share/realsense2_camera/local_setup.zsh
[29.285s] -- Symlinking: /home/aggregator/ros2_ws/install/realsense2_camera/share/realsense2_camera/local_setup.dsv
[29.312s] -- Symlinking: /home/aggregator/ros2_ws/install/realsense2_camera/share/realsense2_camera/package.dsv
[29.382s] -- Symlinking: /home/aggregator/ros2_ws/install/realsense2_camera/share/ament_index/resource_index/packages/realsense2_camera
[29.411s] -- Symlinking: /home/aggregator/ros2_ws/install/realsense2_camera/share/ament_index/resource_index/rclcpp_components/realsense2_camera
[29.443s] -- Symlinking: /home/aggregator/ros2_ws/install/realsense2_camera/share/realsense2_camera/cmake/ament_cmake_export_include_directories-extras.cmake
[29.472s] -- Symlinking: /home/aggregator/ros2_ws/install/realsense2_camera/share/realsense2_camera/cmake/ament_cmake_export_libraries-extras.cmake
[29.624s] -- Symlinking: /home/aggregator/ros2_ws/install/realsense2_camera/share/realsense2_camera/cmake/ament_cmake_export_dependencies-extras.cmake
[29.653s] -- Symlinking: /home/aggregator/ros2_ws/install/realsense2_camera/share/realsense2_camera/cmake/realsense2_cameraConfig.cmake
[29.681s] -- Symlinking: /home/aggregator/ros2_ws/install/realsense2_camera/share/realsense2_camera/cmake/realsense2_cameraConfig-version.cmake
[29.706s] -- Symlinking: /home/aggregator/ros2_ws/install/realsense2_camera/share/realsense2_camera/package.xml
[29.744s] Invoked command in '/home/aggregator/ros2_ws/build/realsense2_camera' returned '0': AMENT_PREFIX_PATH=/home/aggregator/ros2_ws/install/realsense2_camera_msgs:${AMENT_PREFIX_PATH} CMAKE_PREFIX_PATH=/home/aggregator/ros2_ws/install/realsense2_camera_msgs:/opt/ros/foxy LD_LIBRARY_PATH=/home/aggregator/ros2_ws/install/realsense2_camera_msgs/lib:${LD_LIBRARY_PATH} PYTHONPATH=/home/aggregator/ros2_ws/install/realsense2_camera_msgs/lib/python3.8/site-packages:${PYTHONPATH} /usr/bin/cmake --install /home/aggregator/ros2_ws/build/realsense2_camera
