[0.112s] Invoking command in '/home/aggregator/ros2_ws/build/realsense2_camera': AMENT_PREFIX_PATH=/home/aggregator/ros2_ws/install/realsense2_camera_msgs:${AMENT_PREFIX_PATH} CMAKE_PREFIX_PATH=/home/aggregator/ros2_ws/install/realsense2_camera_msgs:/opt/ros/foxy LD_LIBRARY_PATH=/home/aggregator/ros2_ws/install/realsense2_camera_msgs/lib:${LD_LIBRARY_PATH} PYTHONPATH=/home/aggregator/ros2_ws/install/realsense2_camera_msgs/lib/python3.8/site-packages:${PYTHONPATH} /usr/bin/cmake /home/aggregator/ros2_ws/src/realsense-ros/realsense2_camera -DCMAKE_INSTALL_PREFIX=/home/aggregator/ros2_ws/install/realsense2_camera
[0.185s] -- Create Release Build.
[0.186s] -- Found ament_cmake: 0.9.11 (/opt/ros/foxy/share/ament_cmake/cmake)
[0.256s] -- Using PYTHON_EXECUTABLE: /usr/bin/python3
[0.910s] -- Override CMake install command with custom implementation using symlinks instead of copying resources
[0.932s] -- Found builtin_interfaces: 1.0.0 (/opt/ros/foxy/share/builtin_interfaces/cmake)
[1.001s] -- Using all available rosidl_typesupport_c: rosidl_typesupport_fastrtps_c;rosidl_typesupport_introspection_c
[1.013s] -- Found rosidl_adapter: 1.3.0 (/opt/ros/foxy/share/rosidl_adapter/cmake)
[1.354s] -- Using all available rosidl_typesupport_cpp: rosidl_typesupport_fastrtps_cpp;rosidl_typesupport_introspection_cpp
[1.442s] -- Found cv_bridge: 3.0.6 (/opt/ros/foxy/share/cv_bridge/cmake)
[2.061s] -- Found image_transport: 2.4.0 (/opt/ros/foxy/share/image_transport/cmake)
[2.218s] -- Found rmw_implementation_cmake: 1.0.3 (/opt/ros/foxy/share/rmw_implementation_cmake/cmake)
[2.224s] -- Using RMW implementation 'rmw_fastrtps_cpp' as default
[2.923s] -- Found rclcpp_components: 2.4.2 (/opt/ros/foxy/share/rclcpp_components/cmake)
[3.119s] -- Found realsense2_camera_msgs: 4.51.1 (/home/aggregator/ros2_ws/install/realsense2_camera_msgs/share/realsense2_camera_msgs/cmake)
[3.271s] -- Found nav_msgs: 2.0.5 (/opt/ros/foxy/share/nav_msgs/cmake)
[3.529s] -- Found tf2_ros: 0.13.13 (/opt/ros/foxy/share/tf2_ros/cmake)
[4.562s] -- Found diagnostic_updater: 2.0.8 (/opt/ros/foxy/share/diagnostic_updater/cmake)
[4.789s] -- Build for ROS2 Foxy
[5.268s] -- Configuring done
[5.402s] -- Generating done
[5.409s] -- Build files have been written to: /home/aggregator/ros2_ws/build/realsense2_camera
[5.441s] Invoked command in '/home/aggregator/ros2_ws/build/realsense2_camera' returned '0': AMENT_PREFIX_PATH=/home/aggregator/ros2_ws/install/realsense2_camera_msgs:${AMENT_PREFIX_PATH} CMAKE_PREFIX_PATH=/home/aggregator/ros2_ws/install/realsense2_camera_msgs:/opt/ros/foxy LD_LIBRARY_PATH=/home/aggregator/ros2_ws/install/realsense2_camera_msgs/lib:${LD_LIBRARY_PATH} PYTHONPATH=/home/aggregator/ros2_ws/install/realsense2_camera_msgs/lib/python3.8/site-packages:${PYTHONPATH} /usr/bin/cmake /home/aggregator/ros2_ws/src/realsense-ros/realsense2_camera -DCMAKE_INSTALL_PREFIX=/home/aggregator/ros2_ws/install/realsense2_camera
[5.443s] Invoking command in '/home/aggregator/ros2_ws/build/realsense2_camera': AMENT_PREFIX_PATH=/home/aggregator/ros2_ws/install/realsense2_camera_msgs:${AMENT_PREFIX_PATH} CMAKE_PREFIX_PATH=/home/aggregator/ros2_ws/install/realsense2_camera_msgs:/opt/ros/foxy LD_LIBRARY_PATH=/home/aggregator/ros2_ws/install/realsense2_camera_msgs/lib:${LD_LIBRARY_PATH} PYTHONPATH=/home/aggregator/ros2_ws/install/realsense2_camera_msgs/lib/python3.8/site-packages:${PYTHONPATH} /usr/bin/cmake --build /home/aggregator/ros2_ws/build/realsense2_camera -- -j2 -l2
[5.642s] [ 12%] Built target realsense2_camera_node
[5.731s] [100%] Built target realsense2_camera
[5.765s] Invoked command in '/home/aggregator/ros2_ws/build/realsense2_camera' returned '0': AMENT_PREFIX_PATH=/home/aggregator/ros2_ws/install/realsense2_camera_msgs:${AMENT_PREFIX_PATH} CMAKE_PREFIX_PATH=/home/aggregator/ros2_ws/install/realsense2_camera_msgs:/opt/ros/foxy LD_LIBRARY_PATH=/home/aggregator/ros2_ws/install/realsense2_camera_msgs/lib:${LD_LIBRARY_PATH} PYTHONPATH=/home/aggregator/ros2_ws/install/realsense2_camera_msgs/lib/python3.8/site-packages:${PYTHONPATH} /usr/bin/cmake --build /home/aggregator/ros2_ws/build/realsense2_camera -- -j2 -l2
[5.912s] Invoking command in '/home/aggregator/ros2_ws/build/realsense2_camera': AMENT_PREFIX_PATH=/home/aggregator/ros2_ws/install/realsense2_camera_msgs:${AMENT_PREFIX_PATH} CMAKE_PREFIX_PATH=/home/aggregator/ros2_ws/install/realsense2_camera_msgs:/opt/ros/foxy LD_LIBRARY_PATH=/home/aggregator/ros2_ws/install/realsense2_camera_msgs/lib:${LD_LIBRARY_PATH} PYTHONPATH=/home/aggregator/ros2_ws/install/realsense2_camera_msgs/lib/python3.8/site-packages:${PYTHONPATH} /usr/bin/cmake --install /home/aggregator/ros2_ws/build/realsense2_camera
[5.934s] -- Install configuration: "Release"
[5.936s] -- Execute custom install script
[5.974s] -- Up-to-date symlink: /home/aggregator/ros2_ws/install/realsense2_camera/lib/realsense2_camera/realsense2_camera_node
[5.976s] -- Up-to-date symlink: /home/aggregator/ros2_ws/install/realsense2_camera/lib/librealsense2_camera.so
[5.978s] -- Up-to-date symlink: /home/aggregator/ros2_ws/install/realsense2_camera/include/base_realsense_node.h
[5.978s] -- Up-to-date symlink: /home/aggregator/ros2_ws/install/realsense2_camera/include/constants.h
[5.980s] -- Up-to-date symlink: /home/aggregator/ros2_ws/install/realsense2_camera/include/dynamic_params.h
[5.980s] -- Up-to-date symlink: /home/aggregator/ros2_ws/install/realsense2_camera/include/image_publisher.h
[5.980s] -- Up-to-date symlink: /home/aggregator/ros2_ws/install/realsense2_camera/include/named_filter.h
[5.981s] -- Up-to-date symlink: /home/aggregator/ros2_ws/install/realsense2_camera/include/profile_manager.h
[5.982s] -- Up-to-date symlink: /home/aggregator/ros2_ws/install/realsense2_camera/include/realsense_node_factory.h
[5.982s] -- Up-to-date symlink: /home/aggregator/ros2_ws/install/realsense2_camera/include/ros_param_backend.h
[5.983s] -- Up-to-date symlink: /home/aggregator/ros2_ws/install/realsense2_camera/include/ros_sensor.h
[5.984s] -- Up-to-date symlink: /home/aggregator/ros2_ws/install/realsense2_camera/include/ros_utils.h
[5.985s] -- Up-to-date symlink: /home/aggregator/ros2_ws/install/realsense2_camera/include/sensor_params.h
[5.985s] -- Up-to-date symlink: /home/aggregator/ros2_ws/install/realsense2_camera/include/t265_realsense_node.h
[5.987s] -- Up-to-date symlink: /home/aggregator/ros2_ws/install/realsense2_camera/share/realsense2_camera/launch/default.rviz
[5.988s] -- Up-to-date symlink: /home/aggregator/ros2_ws/install/realsense2_camera/share/realsense2_camera/launch/rs_d400_and_t265_launch.py
[5.989s] -- Up-to-date symlink: /home/aggregator/ros2_ws/install/realsense2_camera/share/realsense2_camera/launch/rs_intra_process_demo_launch.py
[5.989s] -- Up-to-date symlink: /home/aggregator/ros2_ws/install/realsense2_camera/share/realsense2_camera/launch/rs_launch.py
[5.990s] -- Up-to-date symlink: /home/aggregator/ros2_ws/install/realsense2_camera/share/realsense2_camera/launch/rs_multi_camera_launch.py
[5.991s] -- Up-to-date symlink: /home/aggregator/ros2_ws/install/realsense2_camera/share/realsense2_camera/environment/library_path.sh
[5.992s] -- Up-to-date symlink: /home/aggregator/ros2_ws/install/realsense2_camera/share/realsense2_camera/environment/library_path.dsv
[5.993s] -- Up-to-date symlink: /home/aggregator/ros2_ws/install/realsense2_camera/share/ament_index/resource_index/package_run_dependencies/realsense2_camera
[5.999s] -- Up-to-date symlink: /home/aggregator/ros2_ws/install/realsense2_camera/share/ament_index/resource_index/parent_prefix_path/realsense2_camera
[6.000s] -- Up-to-date symlink: /home/aggregator/ros2_ws/install/realsense2_camera/share/realsense2_camera/environment/ament_prefix_path.sh
[6.000s] -- Up-to-date symlink: /home/aggregator/ros2_ws/install/realsense2_camera/share/realsense2_camera/environment/ament_prefix_path.dsv
[6.000s] -- Up-to-date symlink: /home/aggregator/ros2_ws/install/realsense2_camera/share/realsense2_camera/environment/path.sh
[6.000s] -- Up-to-date symlink: /home/aggregator/ros2_ws/install/realsense2_camera/share/realsense2_camera/environment/path.dsv
[6.001s] -- Up-to-date symlink: /home/aggregator/ros2_ws/install/realsense2_camera/share/realsense2_camera/local_setup.bash
[6.001s] -- Up-to-date symlink: /home/aggregator/ros2_ws/install/realsense2_camera/share/realsense2_camera/local_setup.sh
[6.001s] -- Up-to-date symlink: /home/aggregator/ros2_ws/install/realsense2_camera/share/realsense2_camera/local_setup.zsh
[6.002s] -- Up-to-date symlink: /home/aggregator/ros2_ws/install/realsense2_camera/share/realsense2_camera/local_setup.dsv
[6.003s] -- Symlinking: /home/aggregator/ros2_ws/install/realsense2_camera/share/realsense2_camera/package.dsv
[6.026s] -- Up-to-date symlink: /home/aggregator/ros2_ws/install/realsense2_camera/share/ament_index/resource_index/packages/realsense2_camera
[6.027s] -- Up-to-date symlink: /home/aggregator/ros2_ws/install/realsense2_camera/share/ament_index/resource_index/rclcpp_components/realsense2_camera
[6.029s] -- Up-to-date symlink: /home/aggregator/ros2_ws/install/realsense2_camera/share/realsense2_camera/cmake/ament_cmake_export_include_directories-extras.cmake
[6.030s] -- Up-to-date symlink: /home/aggregator/ros2_ws/install/realsense2_camera/share/realsense2_camera/cmake/ament_cmake_export_libraries-extras.cmake
[6.030s] -- Up-to-date symlink: /home/aggregator/ros2_ws/install/realsense2_camera/share/realsense2_camera/cmake/ament_cmake_export_dependencies-extras.cmake
[6.032s] -- Up-to-date symlink: /home/aggregator/ros2_ws/install/realsense2_camera/share/realsense2_camera/cmake/realsense2_cameraConfig.cmake
[6.032s] -- Up-to-date symlink: /home/aggregator/ros2_ws/install/realsense2_camera/share/realsense2_camera/cmake/realsense2_cameraConfig-version.cmake
[6.033s] -- Up-to-date symlink: /home/aggregator/ros2_ws/install/realsense2_camera/share/realsense2_camera/package.xml
[6.044s] Invoked command in '/home/aggregator/ros2_ws/build/realsense2_camera' returned '0': AMENT_PREFIX_PATH=/home/aggregator/ros2_ws/install/realsense2_camera_msgs:${AMENT_PREFIX_PATH} CMAKE_PREFIX_PATH=/home/aggregator/ros2_ws/install/realsense2_camera_msgs:/opt/ros/foxy LD_LIBRARY_PATH=/home/aggregator/ros2_ws/install/realsense2_camera_msgs/lib:${LD_LIBRARY_PATH} PYTHONPATH=/home/aggregator/ros2_ws/install/realsense2_camera_msgs/lib/python3.8/site-packages:${PYTHONPATH} /usr/bin/cmake --install /home/aggregator/ros2_ws/build/realsense2_camera
