[0.000000] (-) TimerEvent: {}
[0.000788] (-) JobUnselected: {'identifier': 'realsense2_camera'}
[0.000975] (-) JobUnselected: {'identifier': 'realsense2_camera_msgs'}
[0.001147] (-) JobUnselected: {'identifier': 'realsense2_description'}
[0.001252] (py_pubsub) JobQueued: {'identifier': 'py_pubsub', 'dependencies': OrderedDict()}
[0.003983] (py_pubsub) JobStarted: {'identifier': 'py_pubsub'}
[0.103891] (-) TimerEvent: {}
[0.204685] (-) TimerEvent: {}
[0.305416] (-) TimerEvent: {}
[0.407147] (-) TimerEvent: {}
[0.507811] (-) TimerEvent: {}
[0.608449] (-) TimerEvent: {}
[0.709047] (-) TimerEvent: {}
[0.809659] (-) TimerEvent: {}
[0.910290] (-) TimerEvent: {}
[0.998810] (py_pubsub) Command: {'cmd': ['/usr/bin/python3', 'setup.py', 'egg_info', '--egg-base', '../../build/py_pubsub', 'build', '--build-base', '/home/aggregator/ros2_ws/build/py_pubsub/build', 'install', '--prefix', '/home/aggregator/ros2_ws/install/py_pubsub', '--record', '/home/aggregator/ros2_ws/build/py_pubsub/install.log', '--single-version-externally-managed'], 'cwd': '/home/aggregator/ros2_ws/src/py_pubsub', 'env': {'GJS_DEBUG_TOPICS': 'JS ERROR;JS LOG', 'USER': 'aggregator', 'SSH_AGENT_PID': '1057', 'XDG_SESSION_TYPE': 'x11', 'SHLVL': '1', 'LD_LIBRARY_PATH': '/home/aggregator/ros2_ws/install/realsense2_camera/lib:/home/aggregator/ros2_ws/install/realsense2_camera_msgs/lib:/opt/ros/foxy/opt/yaml_cpp_vendor/lib:/opt/ros/foxy/opt/rviz_ogre_vendor/lib:/opt/ros/foxy/lib/x86_64-linux-gnu:/opt/ros/foxy/lib', 'HOME': '/home/aggregator', 'OLDPWD': '/home/aggregator/ros2_ws/src', 'DESKTOP_SESSION': 'ubuntu', 'ROS_PYTHON_VERSION': '3', 'GNOME_SHELL_SESSION_MODE': 'ubuntu', 'GTK_MODULES': 'gail:atk-bridge', 'MANAGERPID': '800', 'DBUS_SESSION_BUS_ADDRESS': 'unix:path=/run/user/1000/bus', 'COLORTERM': 'truecolor', 'IM_CONFIG_PHASE': '1', 'COLCON_PREFIX_PATH': '/home/aggregator/ros2_ws/install', 'ROS_DISTRO': 'foxy', 'LOGNAME': 'aggregator', 'JOURNAL_STREAM': '8:38953', '_': '/usr/local/bin/colcon', 'ROS_VERSION': '2', 'XDG_SESSION_CLASS': 'user', 'USERNAME': 'aggregator', 'TERM': 'xterm-256color', 'GNOME_DESKTOP_SESSION_ID': 'this-is-deprecated', 'ROS_LOCALHOST_ONLY': '0', 'WINDOWPATH': '2', 'PATH': '/opt/ros/foxy/bin:/usr/local/sbin:/usr/local/bin:/usr/sbin:/usr/bin:/sbin:/bin:/usr/games:/usr/local/games:/snap/bin', 'SESSION_MANAGER': 'local/aggregator-UP-APL01:@/tmp/.ICE-unix/1102,unix/aggregator-UP-APL01:/tmp/.ICE-unix/1102', 'INVOCATION_ID': '1e84644007fa4e20b7778f51317b17c3', 'XDG_MENU_PREFIX': 'gnome-', 'GNOME_TERMINAL_SCREEN': '/org/gnome/Terminal/screen/0924d01e_f12b_49ad_bc8c_9239b6404ee1', 'XDG_RUNTIME_DIR': '/run/user/1000', 'DISPLAY': ':0', 'LANG': 'en_US.UTF-8', 'XDG_CURRENT_DESKTOP': 'ubuntu:GNOME', 'XMODIFIERS': '@im=ibus', 'XDG_SESSION_DESKTOP': 'ubuntu', 'XAUTHORITY': '/run/user/1000/gdm/Xauthority', 'GNOME_TERMINAL_SERVICE': ':1.87', 'SSH_AUTH_SOCK': '/run/user/1000/keyring/ssh', 'AMENT_PREFIX_PATH': '/home/aggregator/ros2_ws/install/realsense2_description:/home/aggregator/ros2_ws/install/realsense2_camera:/home/aggregator/ros2_ws/install/realsense2_camera_msgs:/opt/ros/foxy', 'SHELL': '/bin/bash', 'QT_ACCESSIBILITY': '1', 'GDMSESSION': 'ubuntu', 'GPG_AGENT_INFO': '/run/user/1000/gnupg/S.gpg-agent:0:1', 'GJS_DEBUG_OUTPUT': 'stderr', 'QT_IM_MODULE': 'ibus', 'PWD': '/home/aggregator/ros2_ws/build/py_pubsub', 'LC_ALL': 'en_US.UTF-8', 'XDG_CONFIG_DIRS': '/etc/xdg/xdg-ubuntu:/etc/xdg', 'XDG_DATA_DIRS': '/usr/share/ubuntu:/usr/local/share/:/usr/share/:/var/lib/snapd/desktop', 'PYTHONPATH': '/home/aggregator/ros2_ws/install/py_pubsub/lib/python3.8/site-packages:/home/aggregator/ros2_ws/install/realsense2_camera_msgs/lib/python3.8/site-packages:/opt/ros/foxy/lib/python3.8/site-packages', 'COLCON': '1', 'VTE_VERSION': '6003', 'CMAKE_PREFIX_PATH': '/home/aggregator/ros2_ws/install/realsense2_description:/home/aggregator/ros2_ws/install/realsense2_camera:/home/aggregator/ros2_ws/install/realsense2_camera_msgs'}, 'shell': False}
[1.010580] (-) TimerEvent: {}
[1.111282] (-) TimerEvent: {}
[1.212009] (-) TimerEvent: {}
[1.312635] (-) TimerEvent: {}
[1.413262] (-) TimerEvent: {}
[1.513862] (-) TimerEvent: {}
[1.614564] (-) TimerEvent: {}
[1.715126] (-) TimerEvent: {}
[1.796246] (py_pubsub) StdoutLine: {'line': b'running egg_info\n'}
[1.799160] (py_pubsub) StdoutLine: {'line': b'creating ../../build/py_pubsub/py_pubsub.egg-info\n'}
[1.800542] (py_pubsub) StdoutLine: {'line': b'writing ../../build/py_pubsub/py_pubsub.egg-info/PKG-INFO\n'}
[1.802252] (py_pubsub) StdoutLine: {'line': b'writing dependency_links to ../../build/py_pubsub/py_pubsub.egg-info/dependency_links.txt\n'}
[1.803560] (py_pubsub) StdoutLine: {'line': b'writing entry points to ../../build/py_pubsub/py_pubsub.egg-info/entry_points.txt\n'}
[1.804864] (py_pubsub) StdoutLine: {'line': b'writing requirements to ../../build/py_pubsub/py_pubsub.egg-info/requires.txt\n'}
[1.805857] (py_pubsub) StdoutLine: {'line': b'writing top-level names to ../../build/py_pubsub/py_pubsub.egg-info/top_level.txt\n'}
[1.815289] (py_pubsub) StdoutLine: {'line': b"writing manifest file '../../build/py_pubsub/py_pubsub.egg-info/SOURCES.txt'\n"}
[1.815716] (-) TimerEvent: {}
[1.916255] (-) TimerEvent: {}
[2.013683] (py_pubsub) StdoutLine: {'line': b"reading manifest file '../../build/py_pubsub/py_pubsub.egg-info/SOURCES.txt'\n"}
[2.016204] (py_pubsub) StdoutLine: {'line': b"writing manifest file '../../build/py_pubsub/py_pubsub.egg-info/SOURCES.txt'\n"}
[2.017180] (-) TimerEvent: {}
[2.017485] (py_pubsub) StdoutLine: {'line': b'running build\n'}
[2.018893] (py_pubsub) StdoutLine: {'line': b'running build_py\n'}
[2.020435] (py_pubsub) StdoutLine: {'line': b'creating /home/aggregator/ros2_ws/build/py_pubsub/build\n'}
[2.021161] (py_pubsub) StdoutLine: {'line': b'creating /home/aggregator/ros2_ws/build/py_pubsub/build/lib\n'}
[2.021893] (py_pubsub) StdoutLine: {'line': b'creating /home/aggregator/ros2_ws/build/py_pubsub/build/lib/py_pubsub\n'}
[2.022876] (py_pubsub) StdoutLine: {'line': b'copying py_pubsub/__init__.py -> /home/aggregator/ros2_ws/build/py_pubsub/build/lib/py_pubsub\n'}
[2.024123] (py_pubsub) StdoutLine: {'line': b'copying py_pubsub/publisher_member_function.py -> /home/aggregator/ros2_ws/build/py_pubsub/build/lib/py_pubsub\n'}
[2.025528] (py_pubsub) StdoutLine: {'line': b'copying py_pubsub/subscriber_member_function.py -> /home/aggregator/ros2_ws/build/py_pubsub/build/lib/py_pubsub\n'}
[2.027152] (py_pubsub) StdoutLine: {'line': b'running install\n'}
[2.031383] (py_pubsub) StdoutLine: {'line': b'running install_lib\n'}
[2.036554] (py_pubsub) StdoutLine: {'line': b'creating /home/aggregator/ros2_ws/install/py_pubsub/lib/python3.8/site-packages/py_pubsub\n'}
[2.037492] (py_pubsub) StdoutLine: {'line': b'copying /home/aggregator/ros2_ws/build/py_pubsub/build/lib/py_pubsub/__init__.py -> /home/aggregator/ros2_ws/install/py_pubsub/lib/python3.8/site-packages/py_pubsub\n'}
[2.038764] (py_pubsub) StdoutLine: {'line': b'copying /home/aggregator/ros2_ws/build/py_pubsub/build/lib/py_pubsub/publisher_member_function.py -> /home/aggregator/ros2_ws/install/py_pubsub/lib/python3.8/site-packages/py_pubsub\n'}
[2.042139] (py_pubsub) StdoutLine: {'line': b'copying /home/aggregator/ros2_ws/build/py_pubsub/build/lib/py_pubsub/subscriber_member_function.py -> /home/aggregator/ros2_ws/install/py_pubsub/lib/python3.8/site-packages/py_pubsub\n'}
[2.049877] (py_pubsub) StdoutLine: {'line': b'byte-compiling /home/aggregator/ros2_ws/install/py_pubsub/lib/python3.8/site-packages/py_pubsub/__init__.py to __init__.cpython-38.pyc\n'}
[2.051063] (py_pubsub) StdoutLine: {'line': b'byte-compiling /home/aggregator/ros2_ws/install/py_pubsub/lib/python3.8/site-packages/py_pubsub/publisher_member_function.py to publisher_member_function.cpython-38.pyc\n'}
[2.054223] (py_pubsub) StdoutLine: {'line': b'byte-compiling /home/aggregator/ros2_ws/install/py_pubsub/lib/python3.8/site-packages/py_pubsub/subscriber_member_function.py to subscriber_member_function.cpython-38.pyc\n'}
[2.055563] (py_pubsub) StdoutLine: {'line': b'running install_data\n'}
[2.058267] (py_pubsub) StdoutLine: {'line': b'creating /home/aggregator/ros2_ws/install/py_pubsub/share/ament_index\n'}
[2.058910] (py_pubsub) StdoutLine: {'line': b'creating /home/aggregator/ros2_ws/install/py_pubsub/share/ament_index/resource_index\n'}
[2.060305] (py_pubsub) StdoutLine: {'line': b'creating /home/aggregator/ros2_ws/install/py_pubsub/share/ament_index/resource_index/packages\n'}
[2.060746] (py_pubsub) StdoutLine: {'line': b'copying resource/py_pubsub -> /home/aggregator/ros2_ws/install/py_pubsub/share/ament_index/resource_index/packages\n'}
[2.060981] (py_pubsub) StdoutLine: {'line': b'copying package.xml -> /home/aggregator/ros2_ws/install/py_pubsub/share/py_pubsub\n'}
[2.061195] (py_pubsub) StdoutLine: {'line': b'running install_egg_info\n'}
[2.068918] (py_pubsub) StdoutLine: {'line': b'Copying ../../build/py_pubsub/py_pubsub.egg-info to /home/aggregator/ros2_ws/install/py_pubsub/lib/python3.8/site-packages/py_pubsub-0.0.0-py3.8.egg-info\n'}
[2.072757] (py_pubsub) StdoutLine: {'line': b'running install_scripts\n'}
[2.117355] (-) TimerEvent: {}
[2.136385] (py_pubsub) StdoutLine: {'line': b'Installing listener script to /home/aggregator/ros2_ws/install/py_pubsub/lib/py_pubsub\n'}
[2.137858] (py_pubsub) StdoutLine: {'line': b'Installing talker script to /home/aggregator/ros2_ws/install/py_pubsub/lib/py_pubsub\n'}
[2.139763] (py_pubsub) StdoutLine: {'line': b"writing list of installed files to '/home/aggregator/ros2_ws/build/py_pubsub/install.log'\n"}
[2.217652] (-) TimerEvent: {}
[2.224557] (py_pubsub) CommandEnded: {'returncode': 0}
[2.322915] (-) TimerEvent: {}
[2.379103] (py_pubsub) JobEnded: {'identifier': 'py_pubsub', 'rc': 0}
[2.384085] (-) EventReactorShutdown: {}
