[2.408s] DEBUG:colcon:Command line arguments: ['/usr/local/bin/colcon', 'build', '--packages-select', 'py_pubsub']
[2.409s] DEBUG:colcon:Parsed command line arguments: Namespace(allow_overriding=[], ament_cmake_args=None, base_paths=['.'], build_base='build', catkin_cmake_args=None, catkin_skip_building_tests=False, cmake_args=None, cmake_clean_cache=False, cmake_clean_first=False, cmake_force_configure=False, cmake_target=None, cmake_target_skip_unavailable=False, continue_on_error=False, event_handlers=None, executor='parallel', ignore_user_meta=False, install_base='install', log_base=None, log_level=None, main=<bound method BuildVerb.main of <colcon_core.verb.build.BuildVerb object at 0x7f1d03da7100>>, merge_install=False, metas=['./colcon.meta'], packages_above=None, packages_above_and_dependencies=None, packages_above_depth=None, packages_end=None, packages_ignore=None, packages_ignore_regex=None, packages_select=['py_pubsub'], packages_select_build_failed=False, packages_select_by_dep=None, packages_select_regex=None, packages_select_test_failures=False, packages_skip=None, packages_skip_build_finished=False, packages_skip_by_dep=None, packages_skip_regex=None, packages_skip_test_passed=False, packages_skip_up_to=None, packages_start=None, packages_up_to=None, packages_up_to_regex=None, parallel_workers=2, paths=None, symlink_install=False, test_result_base=None, verb_extension=<colcon_core.verb.build.BuildVerb object at 0x7f1d03da7100>, verb_name='build', verb_parser=<colcon_defaults.argument_parser.defaults.DefaultArgumentsDecorator object at 0x7f1d03da7580>)
[2.476s] Level 1:colcon.colcon_core.package_discovery:discover_packages(colcon_meta) check parameters
[2.476s] Level 1:colcon.colcon_core.package_discovery:discover_packages(recursive) check parameters
[2.477s] Level 1:colcon.colcon_core.package_discovery:discover_packages(ignore) check parameters
[2.477s] Level 1:colcon.colcon_core.package_discovery:discover_packages(path) check parameters
[2.477s] Level 1:colcon.colcon_core.package_discovery:discover_packages(colcon_meta) discover
[2.477s] Level 1:colcon.colcon_core.package_discovery:discover_packages(recursive) discover
[2.477s] INFO:colcon.colcon_core.package_discovery:Crawling recursively for packages in '/home/aggregator/ros2_ws'
[2.478s] Level 1:colcon.colcon_core.package_identification:_identify(.) by extensions ['ignore', 'ignore_ament_install']
[2.478s] Level 1:colcon.colcon_core.package_identification:_identify(.) by extension 'ignore'
[2.478s] Level 1:colcon.colcon_core.package_identification:_identify(.) by extension 'ignore_ament_install'
[2.478s] Level 1:colcon.colcon_core.package_identification:_identify(.) by extensions ['colcon_pkg']
[2.478s] Level 1:colcon.colcon_core.package_identification:_identify(.) by extension 'colcon_pkg'
[2.479s] Level 1:colcon.colcon_core.package_identification:_identify(.) by extensions ['colcon_meta']
[2.479s] Level 1:colcon.colcon_core.package_identification:_identify(.) by extension 'colcon_meta'
[2.479s] Level 1:colcon.colcon_core.package_identification:_identify(.) by extensions ['ros']
[2.479s] Level 1:colcon.colcon_core.package_identification:_identify(.) by extension 'ros'
[2.558s] Level 1:colcon.colcon_core.package_identification:_identify(.) by extensions ['cmake', 'python']
[2.558s] Level 1:colcon.colcon_core.package_identification:_identify(.) by extension 'cmake'
[2.559s] Level 1:colcon.colcon_core.package_identification:_identify(.) by extension 'python'
[2.559s] Level 1:colcon.colcon_core.package_identification:_identify(.) by extensions ['python_setup_py']
[2.559s] Level 1:colcon.colcon_core.package_identification:_identify(.) by extension 'python_setup_py'
[2.559s] Level 1:colcon.colcon_core.package_identification:_identify(build) by extensions ['ignore', 'ignore_ament_install']
[2.560s] Level 1:colcon.colcon_core.package_identification:_identify(build) by extension 'ignore'
[2.560s] Level 1:colcon.colcon_core.package_identification:_identify(build) ignored
[2.562s] Level 1:colcon.colcon_core.package_identification:_identify(install) by extensions ['ignore', 'ignore_ament_install']
[2.563s] Level 1:colcon.colcon_core.package_identification:_identify(install) by extension 'ignore'
[2.563s] Level 1:colcon.colcon_core.package_identification:_identify(install) ignored
[2.563s] Level 1:colcon.colcon_core.package_identification:_identify(log) by extensions ['ignore', 'ignore_ament_install']
[2.564s] Level 1:colcon.colcon_core.package_identification:_identify(log) by extension 'ignore'
[2.564s] Level 1:colcon.colcon_core.package_identification:_identify(log) ignored
[2.564s] Level 1:colcon.colcon_core.package_identification:_identify(src) by extensions ['ignore', 'ignore_ament_install']
[2.565s] Level 1:colcon.colcon_core.package_identification:_identify(src) by extension 'ignore'
[2.565s] Level 1:colcon.colcon_core.package_identification:_identify(src) by extension 'ignore_ament_install'
[2.565s] Level 1:colcon.colcon_core.package_identification:_identify(src) by extensions ['colcon_pkg']
[2.565s] Level 1:colcon.colcon_core.package_identification:_identify(src) by extension 'colcon_pkg'
[2.565s] Level 1:colcon.colcon_core.package_identification:_identify(src) by extensions ['colcon_meta']
[2.565s] Level 1:colcon.colcon_core.package_identification:_identify(src) by extension 'colcon_meta'
[2.566s] Level 1:colcon.colcon_core.package_identification:_identify(src) by extensions ['ros']
[2.566s] Level 1:colcon.colcon_core.package_identification:_identify(src) by extension 'ros'
[2.566s] Level 1:colcon.colcon_core.package_identification:_identify(src) by extensions ['cmake', 'python']
[2.566s] Level 1:colcon.colcon_core.package_identification:_identify(src) by extension 'cmake'
[2.566s] Level 1:colcon.colcon_core.package_identification:_identify(src) by extension 'python'
[2.566s] Level 1:colcon.colcon_core.package_identification:_identify(src) by extensions ['python_setup_py']
[2.566s] Level 1:colcon.colcon_core.package_identification:_identify(src) by extension 'python_setup_py'
[2.567s] Level 1:colcon.colcon_core.package_identification:_identify(src/py_pubsub) by extensions ['ignore', 'ignore_ament_install']
[2.567s] Level 1:colcon.colcon_core.package_identification:_identify(src/py_pubsub) by extension 'ignore'
[2.567s] Level 1:colcon.colcon_core.package_identification:_identify(src/py_pubsub) by extension 'ignore_ament_install'
[2.567s] Level 1:colcon.colcon_core.package_identification:_identify(src/py_pubsub) by extensions ['colcon_pkg']
[2.568s] Level 1:colcon.colcon_core.package_identification:_identify(src/py_pubsub) by extension 'colcon_pkg'
[2.568s] Level 1:colcon.colcon_core.package_identification:_identify(src/py_pubsub) by extensions ['colcon_meta']
[2.568s] Level 1:colcon.colcon_core.package_identification:_identify(src/py_pubsub) by extension 'colcon_meta'
[2.568s] Level 1:colcon.colcon_core.package_identification:_identify(src/py_pubsub) by extensions ['ros']
[2.568s] Level 1:colcon.colcon_core.package_identification:_identify(src/py_pubsub) by extension 'ros'
[2.633s] DEBUG:colcon.colcon_core.package_identification:Package 'src/py_pubsub' with type 'ros.ament_python' and name 'py_pubsub'
[2.636s] Level 1:colcon.colcon_core.package_identification:_identify(src/realsense-ros) by extensions ['ignore', 'ignore_ament_install']
[2.636s] Level 1:colcon.colcon_core.package_identification:_identify(src/realsense-ros) by extension 'ignore'
[2.636s] Level 1:colcon.colcon_core.package_identification:_identify(src/realsense-ros) by extension 'ignore_ament_install'
[2.637s] Level 1:colcon.colcon_core.package_identification:_identify(src/realsense-ros) by extensions ['colcon_pkg']
[2.637s] Level 1:colcon.colcon_core.package_identification:_identify(src/realsense-ros) by extension 'colcon_pkg'
[2.637s] Level 1:colcon.colcon_core.package_identification:_identify(src/realsense-ros) by extensions ['colcon_meta']
[2.637s] Level 1:colcon.colcon_core.package_identification:_identify(src/realsense-ros) by extension 'colcon_meta'
[2.637s] Level 1:colcon.colcon_core.package_identification:_identify(src/realsense-ros) by extensions ['ros']
[2.637s] Level 1:colcon.colcon_core.package_identification:_identify(src/realsense-ros) by extension 'ros'
[2.638s] Level 1:colcon.colcon_core.package_identification:_identify(src/realsense-ros) by extensions ['cmake', 'python']
[2.638s] Level 1:colcon.colcon_core.package_identification:_identify(src/realsense-ros) by extension 'cmake'
[2.638s] Level 1:colcon.colcon_core.package_identification:_identify(src/realsense-ros) by extension 'python'
[2.638s] Level 1:colcon.colcon_core.package_identification:_identify(src/realsense-ros) by extensions ['python_setup_py']
[2.638s] Level 1:colcon.colcon_core.package_identification:_identify(src/realsense-ros) by extension 'python_setup_py'
[2.641s] Level 1:colcon.colcon_core.package_identification:_identify(src/realsense-ros/realsense2_camera) by extensions ['ignore', 'ignore_ament_install']
[2.645s] Level 1:colcon.colcon_core.package_identification:_identify(src/realsense-ros/realsense2_camera) by extension 'ignore'
[2.645s] Level 1:colcon.colcon_core.package_identification:_identify(src/realsense-ros/realsense2_camera) by extension 'ignore_ament_install'
[2.645s] Level 1:colcon.colcon_core.package_identification:_identify(src/realsense-ros/realsense2_camera) by extensions ['colcon_pkg']
[2.646s] Level 1:colcon.colcon_core.package_identification:_identify(src/realsense-ros/realsense2_camera) by extension 'colcon_pkg'
[2.646s] Level 1:colcon.colcon_core.package_identification:_identify(src/realsense-ros/realsense2_camera) by extensions ['colcon_meta']
[2.646s] Level 1:colcon.colcon_core.package_identification:_identify(src/realsense-ros/realsense2_camera) by extension 'colcon_meta'
[2.646s] Level 1:colcon.colcon_core.package_identification:_identify(src/realsense-ros/realsense2_camera) by extensions ['ros']
[2.646s] Level 1:colcon.colcon_core.package_identification:_identify(src/realsense-ros/realsense2_camera) by extension 'ros'
[2.661s] DEBUG:colcon.colcon_core.package_identification:Package 'src/realsense-ros/realsense2_camera' with type 'ros.ament_cmake' and name 'realsense2_camera'
[2.663s] Level 1:colcon.colcon_core.package_identification:_identify(src/realsense-ros/realsense2_camera_msgs) by extensions ['ignore', 'ignore_ament_install']
[2.663s] Level 1:colcon.colcon_core.package_identification:_identify(src/realsense-ros/realsense2_camera_msgs) by extension 'ignore'
[2.663s] Level 1:colcon.colcon_core.package_identification:_identify(src/realsense-ros/realsense2_camera_msgs) by extension 'ignore_ament_install'
[2.664s] Level 1:colcon.colcon_core.package_identification:_identify(src/realsense-ros/realsense2_camera_msgs) by extensions ['colcon_pkg']
[2.664s] Level 1:colcon.colcon_core.package_identification:_identify(src/realsense-ros/realsense2_camera_msgs) by extension 'colcon_pkg'
[2.664s] Level 1:colcon.colcon_core.package_identification:_identify(src/realsense-ros/realsense2_camera_msgs) by extensions ['colcon_meta']
[2.664s] Level 1:colcon.colcon_core.package_identification:_identify(src/realsense-ros/realsense2_camera_msgs) by extension 'colcon_meta'
[2.664s] Level 1:colcon.colcon_core.package_identification:_identify(src/realsense-ros/realsense2_camera_msgs) by extensions ['ros']
[2.664s] Level 1:colcon.colcon_core.package_identification:_identify(src/realsense-ros/realsense2_camera_msgs) by extension 'ros'
[2.667s] DEBUG:colcon.colcon_core.package_identification:Package 'src/realsense-ros/realsense2_camera_msgs' with type 'ros.ament_cmake' and name 'realsense2_camera_msgs'
[2.668s] Level 1:colcon.colcon_core.package_identification:_identify(src/realsense-ros/realsense2_description) by extensions ['ignore', 'ignore_ament_install']
[2.668s] Level 1:colcon.colcon_core.package_identification:_identify(src/realsense-ros/realsense2_description) by extension 'ignore'
[2.668s] Level 1:colcon.colcon_core.package_identification:_identify(src/realsense-ros/realsense2_description) by extension 'ignore_ament_install'
[2.669s] Level 1:colcon.colcon_core.package_identification:_identify(src/realsense-ros/realsense2_description) by extensions ['colcon_pkg']
[2.669s] Level 1:colcon.colcon_core.package_identification:_identify(src/realsense-ros/realsense2_description) by extension 'colcon_pkg'
[2.669s] Level 1:colcon.colcon_core.package_identification:_identify(src/realsense-ros/realsense2_description) by extensions ['colcon_meta']
[2.669s] Level 1:colcon.colcon_core.package_identification:_identify(src/realsense-ros/realsense2_description) by extension 'colcon_meta'
[2.669s] Level 1:colcon.colcon_core.package_identification:_identify(src/realsense-ros/realsense2_description) by extensions ['ros']
[2.669s] Level 1:colcon.colcon_core.package_identification:_identify(src/realsense-ros/realsense2_description) by extension 'ros'
[2.674s] DEBUG:colcon.colcon_core.package_identification:Package 'src/realsense-ros/realsense2_description' with type 'ros.ament_cmake' and name 'realsense2_description'
[2.677s] Level 1:colcon.colcon_core.package_identification:_identify(src/realsense-ros/scripts) by extensions ['ignore', 'ignore_ament_install']
[2.677s] Level 1:colcon.colcon_core.package_identification:_identify(src/realsense-ros/scripts) by extension 'ignore'
[2.678s] Level 1:colcon.colcon_core.package_identification:_identify(src/realsense-ros/scripts) by extension 'ignore_ament_install'
[2.678s] Level 1:colcon.colcon_core.package_identification:_identify(src/realsense-ros/scripts) by extensions ['colcon_pkg']
[2.678s] Level 1:colcon.colcon_core.package_identification:_identify(src/realsense-ros/scripts) by extension 'colcon_pkg'
[2.678s] Level 1:colcon.colcon_core.package_identification:_identify(src/realsense-ros/scripts) by extensions ['colcon_meta']
[2.678s] Level 1:colcon.colcon_core.package_identification:_identify(src/realsense-ros/scripts) by extension 'colcon_meta'
[2.678s] Level 1:colcon.colcon_core.package_identification:_identify(src/realsense-ros/scripts) by extensions ['ros']
[2.678s] Level 1:colcon.colcon_core.package_identification:_identify(src/realsense-ros/scripts) by extension 'ros'
[2.679s] Level 1:colcon.colcon_core.package_identification:_identify(src/realsense-ros/scripts) by extensions ['cmake', 'python']
[2.679s] Level 1:colcon.colcon_core.package_identification:_identify(src/realsense-ros/scripts) by extension 'cmake'
[2.679s] Level 1:colcon.colcon_core.package_identification:_identify(src/realsense-ros/scripts) by extension 'python'
[2.679s] Level 1:colcon.colcon_core.package_identification:_identify(src/realsense-ros/scripts) by extensions ['python_setup_py']
[2.679s] Level 1:colcon.colcon_core.package_identification:_identify(src/realsense-ros/scripts) by extension 'python_setup_py'
[2.680s] Level 1:colcon.colcon_core.package_discovery:discover_packages(recursive) using defaults
[2.680s] Level 1:colcon.colcon_core.package_discovery:discover_packages(ignore) discover
[2.680s] Level 1:colcon.colcon_core.package_discovery:discover_packages(ignore) using defaults
[2.680s] Level 1:colcon.colcon_core.package_discovery:discover_packages(path) discover
[2.680s] Level 1:colcon.colcon_core.package_discovery:discover_packages(path) using defaults
[2.802s] Level 1:colcon.colcon_core.package_discovery:discover_packages(prefix_path) check parameters
[2.802s] Level 1:colcon.colcon_core.package_discovery:discover_packages(prefix_path) discover
[2.831s] DEBUG:colcon.colcon_installed_package_information.package_discovery:Found 3 installed packages in /home/aggregator/ros2_ws/install
[2.832s] Level 1:colcon.colcon_core.package_discovery:discover_packages(prefix_path) using defaults
[2.841s] INFO:colcon.colcon_core.package_selection:Skipping not selected package 'realsense2_camera_msgs' in 'src/realsense-ros/realsense2_camera_msgs'
[2.841s] INFO:colcon.colcon_core.package_selection:Skipping not selected package 'realsense2_camera' in 'src/realsense-ros/realsense2_camera'
[2.841s] INFO:colcon.colcon_core.package_selection:Skipping not selected package 'realsense2_description' in 'src/realsense-ros/realsense2_description'
[2.880s] Level 5:colcon.colcon_core.verb:set package 'py_pubsub' build argument 'cmake_args' from command line to 'None'
[2.881s] Level 5:colcon.colcon_core.verb:set package 'py_pubsub' build argument 'cmake_target' from command line to 'None'
[2.881s] Level 5:colcon.colcon_core.verb:set package 'py_pubsub' build argument 'cmake_target_skip_unavailable' from command line to 'False'
[2.881s] Level 5:colcon.colcon_core.verb:set package 'py_pubsub' build argument 'cmake_clean_cache' from command line to 'False'
[2.881s] Level 5:colcon.colcon_core.verb:set package 'py_pubsub' build argument 'cmake_clean_first' from command line to 'False'
[2.881s] Level 5:colcon.colcon_core.verb:set package 'py_pubsub' build argument 'cmake_force_configure' from command line to 'False'
[2.881s] Level 5:colcon.colcon_core.verb:set package 'py_pubsub' build argument 'ament_cmake_args' from command line to 'None'
[2.881s] Level 5:colcon.colcon_core.verb:set package 'py_pubsub' build argument 'catkin_cmake_args' from command line to 'None'
[2.881s] Level 5:colcon.colcon_core.verb:set package 'py_pubsub' build argument 'catkin_skip_building_tests' from command line to 'False'
[2.881s] DEBUG:colcon.colcon_core.verb:Building package 'py_pubsub' with the following arguments: {'ament_cmake_args': None, 'build_base': '/home/aggregator/ros2_ws/build/py_pubsub', 'catkin_cmake_args': None, 'catkin_skip_building_tests': False, 'cmake_args': None, 'cmake_clean_cache': False, 'cmake_clean_first': False, 'cmake_force_configure': False, 'cmake_target': None, 'cmake_target_skip_unavailable': False, 'install_base': '/home/aggregator/ros2_ws/install/py_pubsub', 'merge_install': False, 'path': '/home/aggregator/ros2_ws/src/py_pubsub', 'symlink_install': False, 'test_result_base': None}
[2.887s] INFO:colcon.colcon_core.executor:Executing jobs using 'parallel' executor
[2.935s] DEBUG:colcon.colcon_parallel_executor.executor.parallel:run_until_complete
[2.936s] INFO:colcon.colcon_ros.task.ament_python.build:Building ROS package in '/home/aggregator/ros2_ws/src/py_pubsub' with build type 'ament_python'
[2.937s] Level 1:colcon.colcon_core.shell:create_environment_hook('py_pubsub', 'ament_prefix_path')
[3.015s] INFO:colcon.colcon_core.plugin_system:Skipping extension 'colcon_core.shell.bat': Not used on non-Windows systems
[3.016s] INFO:colcon.colcon_core.shell:Creating environment hook '/home/aggregator/ros2_ws/install/py_pubsub/share/py_pubsub/hook/ament_prefix_path.ps1'
[3.020s] INFO:colcon.colcon_core.shell:Creating environment descriptor '/home/aggregator/ros2_ws/install/py_pubsub/share/py_pubsub/hook/ament_prefix_path.dsv'
[3.022s] INFO:colcon.colcon_core.shell:Creating environment hook '/home/aggregator/ros2_ws/install/py_pubsub/share/py_pubsub/hook/ament_prefix_path.sh'
[3.049s] INFO:colcon.colcon_core.shell:Skip shell extension 'powershell' for command environment: Not usable outside of PowerShell
[3.050s] DEBUG:colcon.colcon_core.shell:Skip shell extension 'dsv' for command environment
[3.076s] DEBUG:colcon.colcon_core.shell:Ignoring prefix path '/opt/ros/foxy'
[3.880s] INFO:colcon.colcon_core.task.python.build:Building Python package in '/home/aggregator/ros2_ws/src/py_pubsub'
[3.897s] INFO:colcon.colcon_core.shell:Skip shell extension 'powershell' for command environment: Not usable outside of PowerShell
[3.898s] DEBUG:colcon.colcon_core.shell:Skip shell extension 'dsv' for command environment
[3.913s] DEBUG:colcon.colcon_core.shell:Ignoring prefix path '/opt/ros/foxy'
[3.938s] DEBUG:colcon.colcon_core.event_handler.log_command:Invoking command in '/home/aggregator/ros2_ws/src/py_pubsub': PYTHONPATH=/home/aggregator/ros2_ws/install/py_pubsub/lib/python3.8/site-packages:${PYTHONPATH} /usr/bin/python3 setup.py egg_info --egg-base ../../build/py_pubsub build --build-base /home/aggregator/ros2_ws/build/py_pubsub/build install --prefix /home/aggregator/ros2_ws/install/py_pubsub --record /home/aggregator/ros2_ws/build/py_pubsub/install.log --single-version-externally-managed
[5.161s] DEBUG:colcon.colcon_core.event_handler.log_command:Invoked command in '/home/aggregator/ros2_ws/src/py_pubsub' returned '0': PYTHONPATH=/home/aggregator/ros2_ws/install/py_pubsub/lib/python3.8/site-packages:${PYTHONPATH} /usr/bin/python3 setup.py egg_info --egg-base ../../build/py_pubsub build --build-base /home/aggregator/ros2_ws/build/py_pubsub/build install --prefix /home/aggregator/ros2_ws/install/py_pubsub --record /home/aggregator/ros2_ws/build/py_pubsub/install.log --single-version-externally-managed
[5.230s] Level 1:colcon.colcon_core.environment:checking '/home/aggregator/ros2_ws/install/py_pubsub' for CMake module files
[5.232s] Level 1:colcon.colcon_core.environment:checking '/home/aggregator/ros2_ws/install/py_pubsub' for CMake config files
[5.235s] Level 1:colcon.colcon_core.environment:checking '/home/aggregator/ros2_ws/install/py_pubsub/lib'
[5.236s] Level 1:colcon.colcon_core.environment:checking '/home/aggregator/ros2_ws/install/py_pubsub/bin'
[5.237s] Level 1:colcon.colcon_core.environment:checking '/home/aggregator/ros2_ws/install/py_pubsub/lib/pkgconfig/py_pubsub.pc'
[5.237s] Level 1:colcon.colcon_core.environment:checking '/home/aggregator/ros2_ws/install/py_pubsub/lib/python3.8/site-packages'
[5.237s] Level 1:colcon.colcon_core.shell:create_environment_hook('py_pubsub', 'pythonpath')
[5.261s] INFO:colcon.colcon_core.shell:Creating environment hook '/home/aggregator/ros2_ws/install/py_pubsub/share/py_pubsub/hook/pythonpath.ps1'
[5.266s] INFO:colcon.colcon_core.shell:Creating environment descriptor '/home/aggregator/ros2_ws/install/py_pubsub/share/py_pubsub/hook/pythonpath.dsv'
[5.268s] INFO:colcon.colcon_core.shell:Creating environment hook '/home/aggregator/ros2_ws/install/py_pubsub/share/py_pubsub/hook/pythonpath.sh'
[5.269s] Level 1:colcon.colcon_core.environment:create_environment_scripts_only(py_pubsub)
[5.288s] INFO:colcon.colcon_core.shell:Creating package script '/home/aggregator/ros2_ws/install/py_pubsub/share/py_pubsub/package.ps1'
[5.293s] INFO:colcon.colcon_core.shell:Creating package descriptor '/home/aggregator/ros2_ws/install/py_pubsub/share/py_pubsub/package.dsv'
[5.296s] INFO:colcon.colcon_core.shell:Creating package script '/home/aggregator/ros2_ws/install/py_pubsub/share/py_pubsub/package.sh'
[5.300s] INFO:colcon.colcon_core.shell:Creating package script '/home/aggregator/ros2_ws/install/py_pubsub/share/py_pubsub/package.bash'
[5.304s] INFO:colcon.colcon_core.shell:Creating package script '/home/aggregator/ros2_ws/install/py_pubsub/share/py_pubsub/package.zsh'
[5.309s] Level 1:colcon.colcon_core.environment:create_file_with_runtime_dependencies(/home/aggregator/ros2_ws/install/py_pubsub/share/colcon-core/packages/py_pubsub)
[5.313s] DEBUG:colcon.colcon_parallel_executor.executor.parallel:closing loop
[5.317s] DEBUG:colcon.colcon_parallel_executor.executor.parallel:loop closed
[5.317s] DEBUG:colcon.colcon_parallel_executor.executor.parallel:run_until_complete finished with '0'
[5.318s] DEBUG:colcon.colcon_core.event_reactor:joining thread
[5.366s] INFO:colcon.colcon_core.plugin_system:Skipping extension 'colcon_notification.desktop_notification.terminal_notifier': Not used on non-Darwin systems
[5.367s] INFO:colcon.colcon_core.plugin_system:Skipping extension 'colcon_notification.desktop_notification.win32': Not used on non-Windows systems
[5.367s] INFO:colcon.colcon_notification.desktop_notification:Sending desktop notification using 'notify2'
[5.585s] DEBUG:colcon.colcon_core.event_reactor:joined thread
[5.624s] INFO:colcon.colcon_core.shell:Creating prefix script '/home/aggregator/ros2_ws/install/local_setup.ps1'
[5.629s] INFO:colcon.colcon_core.shell:Creating prefix util module '/home/aggregator/ros2_ws/install/_local_setup_util_ps1.py'
[5.634s] INFO:colcon.colcon_core.shell:Creating prefix chain script '/home/aggregator/ros2_ws/install/setup.ps1'
[5.655s] INFO:colcon.colcon_core.shell:Creating prefix script '/home/aggregator/ros2_ws/install/local_setup.sh'
[5.660s] INFO:colcon.colcon_core.shell:Creating prefix util module '/home/aggregator/ros2_ws/install/_local_setup_util_sh.py'
[5.662s] INFO:colcon.colcon_core.shell:Creating prefix chain script '/home/aggregator/ros2_ws/install/setup.sh'
[5.679s] INFO:colcon.colcon_core.shell:Creating prefix script '/home/aggregator/ros2_ws/install/local_setup.bash'
[5.682s] INFO:colcon.colcon_core.shell:Creating prefix chain script '/home/aggregator/ros2_ws/install/setup.bash'
[5.701s] INFO:colcon.colcon_core.shell:Creating prefix script '/home/aggregator/ros2_ws/install/local_setup.zsh'
[5.704s] INFO:colcon.colcon_core.shell:Creating prefix chain script '/home/aggregator/ros2_ws/install/setup.zsh'
