running egg_info
creating ../../build/perception_navigation/perception_navigation.egg-info
writing ../../build/perception_navigation/perception_navigation.egg-info/PKG-INFO
writing dependency_links to ../../build/perception_navigation/perception_navigation.egg-info/dependency_links.txt
writing entry points to ../../build/perception_navigation/perception_navigation.egg-info/entry_points.txt
writing requirements to ../../build/perception_navigation/perception_navigation.egg-info/requires.txt
writing top-level names to ../../build/perception_navigation/perception_navigation.egg-info/top_level.txt
writing manifest file '../../build/perception_navigation/perception_navigation.egg-info/SOURCES.txt'
reading manifest file '../../build/perception_navigation/perception_navigation.egg-info/SOURCES.txt'
writing manifest file '../../build/perception_navigation/perception_navigation.egg-info/SOURCES.txt'
running build
running build_py
creating /home/aggregator/ros2_ws/build/perception_navigation/build
creating /home/aggregator/ros2_ws/build/perception_navigation/build/lib
creating /home/aggregator/ros2_ws/build/perception_navigation/build/lib/perception_navigation
copying perception_navigation/__init__.py -> /home/aggregator/ros2_ws/build/perception_navigation/build/lib/perception_navigation
running install
running install_lib
creating /home/aggregator/ros2_ws/install/perception_navigation/lib/python3.8/site-packages/perception_navigation
copying /home/aggregator/ros2_ws/build/perception_navigation/build/lib/perception_navigation/__init__.py -> /home/aggregator/ros2_ws/install/perception_navigation/lib/python3.8/site-packages/perception_navigation
byte-compiling /home/aggregator/ros2_ws/install/perception_navigation/lib/python3.8/site-packages/perception_navigation/__init__.py to __init__.cpython-38.pyc
running install_data
creating /home/aggregator/ros2_ws/install/perception_navigation/share/ament_index
creating /home/aggregator/ros2_ws/install/perception_navigation/share/ament_index/resource_index
creating /home/aggregator/ros2_ws/install/perception_navigation/share/ament_index/resource_index/packages
copying resource/perception_navigation -> /home/aggregator/ros2_ws/install/perception_navigation/share/ament_index/resource_index/packages
copying package.xml -> /home/aggregator/ros2_ws/install/perception_navigation/share/perception_navigation
running install_egg_info
Copying ../../build/perception_navigation/perception_navigation.egg-info to /home/aggregator/ros2_ws/install/perception_navigation/lib/python3.8/site-packages/perception_navigation-0.0.0-py3.8.egg-info
running install_scripts
writing list of installed files to '/home/aggregator/ros2_ws/build/perception_navigation/install.log'
