[0.084s] Invoking command in '/home/aggregator/ros2_ws/build/realsense2_description': AMENT_PREFIX_PATH=/home/aggregator/ros2_ws/install/realsense2_camera_msgs:${AMENT_PREFIX_PATH} CMAKE_PREFIX_PATH=/home/aggregator/ros2_ws/install/realsense2_camera_msgs:/opt/ros/foxy LD_LIBRARY_PATH=/home/aggregator/ros2_ws/install/realsense2_camera_msgs/lib:${LD_LIBRARY_PATH} PYTHONPATH=/home/aggregator/ros2_ws/install/realsense2_camera_msgs/lib/python3.8/site-packages:${PYTHONPATH} /usr/bin/cmake /home/aggregator/ros2_ws/src/realsense-ros/realsense2_description -DCMAKE_INSTALL_PREFIX=/home/aggregator/ros2_ws/install/realsense2_description
[0.115s] -- Found ament_cmake: 0.9.11 (/opt/ros/foxy/share/ament_cmake/cmake)
[0.177s] -- Using PYTHON_EXECUTABLE: /usr/bin/python3
[0.869s] -- Override CMake install command with custom implementation using symlinks instead of copying resources
[1.083s] -- Configuring done
[1.098s] -- Generating done
[1.100s] -- Build files have been written to: /home/aggregator/ros2_ws/build/realsense2_description
[1.106s] Invoked command in '/home/aggregator/ros2_ws/build/realsense2_description' returned '0': AMENT_PREFIX_PATH=/home/aggregator/ros2_ws/install/realsense2_camera_msgs:${AMENT_PREFIX_PATH} CMAKE_PREFIX_PATH=/home/aggregator/ros2_ws/install/realsense2_camera_msgs:/opt/ros/foxy LD_LIBRARY_PATH=/home/aggregator/ros2_ws/install/realsense2_camera_msgs/lib:${LD_LIBRARY_PATH} PYTHONPATH=/home/aggregator/ros2_ws/install/realsense2_camera_msgs/lib/python3.8/site-packages:${PYTHONPATH} /usr/bin/cmake /home/aggregator/ros2_ws/src/realsense-ros/realsense2_description -DCMAKE_INSTALL_PREFIX=/home/aggregator/ros2_ws/install/realsense2_description
[1.114s] Invoking command in '/home/aggregator/ros2_ws/build/realsense2_description': AMENT_PREFIX_PATH=/home/aggregator/ros2_ws/install/realsense2_camera_msgs:${AMENT_PREFIX_PATH} CMAKE_PREFIX_PATH=/home/aggregator/ros2_ws/install/realsense2_camera_msgs:/opt/ros/foxy LD_LIBRARY_PATH=/home/aggregator/ros2_ws/install/realsense2_camera_msgs/lib:${LD_LIBRARY_PATH} PYTHONPATH=/home/aggregator/ros2_ws/install/realsense2_camera_msgs/lib/python3.8/site-packages:${PYTHONPATH} /usr/bin/cmake --build /home/aggregator/ros2_ws/build/realsense2_description -- -j2 -l2
[1.214s] Invoked command in '/home/aggregator/ros2_ws/build/realsense2_description' returned '0': AMENT_PREFIX_PATH=/home/aggregator/ros2_ws/install/realsense2_camera_msgs:${AMENT_PREFIX_PATH} CMAKE_PREFIX_PATH=/home/aggregator/ros2_ws/install/realsense2_camera_msgs:/opt/ros/foxy LD_LIBRARY_PATH=/home/aggregator/ros2_ws/install/realsense2_camera_msgs/lib:${LD_LIBRARY_PATH} PYTHONPATH=/home/aggregator/ros2_ws/install/realsense2_camera_msgs/lib/python3.8/site-packages:${PYTHONPATH} /usr/bin/cmake --build /home/aggregator/ros2_ws/build/realsense2_description -- -j2 -l2
[1.275s] Invoking command in '/home/aggregator/ros2_ws/build/realsense2_description': AMENT_PREFIX_PATH=/home/aggregator/ros2_ws/install/realsense2_camera_msgs:${AMENT_PREFIX_PATH} CMAKE_PREFIX_PATH=/home/aggregator/ros2_ws/install/realsense2_camera_msgs:/opt/ros/foxy LD_LIBRARY_PATH=/home/aggregator/ros2_ws/install/realsense2_camera_msgs/lib:${LD_LIBRARY_PATH} PYTHONPATH=/home/aggregator/ros2_ws/install/realsense2_camera_msgs/lib/python3.8/site-packages:${PYTHONPATH} /usr/bin/cmake --install /home/aggregator/ros2_ws/build/realsense2_description
[1.301s] -- Install configuration: ""
[1.302s] -- Execute custom install script
[1.349s] -- Up-to-date symlink: /home/aggregator/ros2_ws/install/realsense2_description/share/realsense2_description/launch/launch_utils.py
[1.351s] -- Up-to-date symlink: /home/aggregator/ros2_ws/install/realsense2_description/share/realsense2_description/launch/view_model.launch.py
[1.353s] -- Up-to-date symlink: /home/aggregator/ros2_ws/install/realsense2_description/share/realsense2_description/meshes/d415.stl
[1.355s] -- Up-to-date symlink: /home/aggregator/ros2_ws/install/realsense2_description/share/realsense2_description/meshes/d435.dae
[1.356s] -- Up-to-date symlink: /home/aggregator/ros2_ws/install/realsense2_description/share/realsense2_description/meshes/d455.stl
[1.358s] -- Up-to-date symlink: /home/aggregator/ros2_ws/install/realsense2_description/share/realsense2_description/meshes/l515.dae
[1.359s] -- Up-to-date symlink: /home/aggregator/ros2_ws/install/realsense2_description/share/realsense2_description/meshes/plug.stl
[1.361s] -- Up-to-date symlink: /home/aggregator/ros2_ws/install/realsense2_description/share/realsense2_description/meshes/plug_collision.stl
[1.363s] -- Up-to-date symlink: /home/aggregator/ros2_ws/install/realsense2_description/share/realsense2_description/rviz/urdf.rviz
[1.366s] -- Up-to-date symlink: /home/aggregator/ros2_ws/install/realsense2_description/share/realsense2_description/urdf/_d415.urdf.xacro
[1.367s] -- Up-to-date symlink: /home/aggregator/ros2_ws/install/realsense2_description/share/realsense2_description/urdf/_d435.urdf.xacro
[1.369s] -- Up-to-date symlink: /home/aggregator/ros2_ws/install/realsense2_description/share/realsense2_description/urdf/_d435i.urdf.xacro
[1.371s] -- Up-to-date symlink: /home/aggregator/ros2_ws/install/realsense2_description/share/realsense2_description/urdf/_d435i_imu_modules.urdf.xacro
[1.372s] -- Up-to-date symlink: /home/aggregator/ros2_ws/install/realsense2_description/share/realsense2_description/urdf/_d455.urdf.xacro
[1.374s] -- Up-to-date symlink: /home/aggregator/ros2_ws/install/realsense2_description/share/realsense2_description/urdf/_l515.urdf.xacro
[1.376s] -- Up-to-date symlink: /home/aggregator/ros2_ws/install/realsense2_description/share/realsense2_description/urdf/_materials.urdf.xacro
[1.377s] -- Up-to-date symlink: /home/aggregator/ros2_ws/install/realsense2_description/share/realsense2_description/urdf/_r410.urdf.xacro
[1.379s] -- Up-to-date symlink: /home/aggregator/ros2_ws/install/realsense2_description/share/realsense2_description/urdf/_r430.urdf.xacro
[1.380s] -- Up-to-date symlink: /home/aggregator/ros2_ws/install/realsense2_description/share/realsense2_description/urdf/_usb_plug.urdf.xacro
[1.382s] -- Up-to-date symlink: /home/aggregator/ros2_ws/install/realsense2_description/share/realsense2_description/urdf/test_d415_camera.urdf.xacro
[1.383s] -- Up-to-date symlink: /home/aggregator/ros2_ws/install/realsense2_description/share/realsense2_description/urdf/test_d435_camera.urdf.xacro
[1.385s] -- Up-to-date symlink: /home/aggregator/ros2_ws/install/realsense2_description/share/realsense2_description/urdf/test_d435_multiple_cameras.urdf.xacro
[1.387s] -- Up-to-date symlink: /home/aggregator/ros2_ws/install/realsense2_description/share/realsense2_description/urdf/test_d435i_camera.urdf.xacro
[1.389s] -- Up-to-date symlink: /home/aggregator/ros2_ws/install/realsense2_description/share/realsense2_description/urdf/test_d455_camera.urdf.xacro
[1.391s] -- Up-to-date symlink: /home/aggregator/ros2_ws/install/realsense2_description/share/realsense2_description/urdf/test_l515_camera.urdf.xacro
[1.393s] -- Up-to-date symlink: /home/aggregator/ros2_ws/install/realsense2_description/share/realsense2_description/urdf/test_r410_camera.urdf.xacro
[1.394s] -- Up-to-date symlink: /home/aggregator/ros2_ws/install/realsense2_description/share/realsense2_description/urdf/test_r430_camera.urdf.xacro
[1.396s] -- Up-to-date symlink: /home/aggregator/ros2_ws/install/realsense2_description/share/ament_index/resource_index/package_run_dependencies/realsense2_description
[1.402s] -- Up-to-date symlink: /home/aggregator/ros2_ws/install/realsense2_description/share/ament_index/resource_index/parent_prefix_path/realsense2_description
[1.407s] -- Up-to-date symlink: /home/aggregator/ros2_ws/install/realsense2_description/share/realsense2_description/environment/ament_prefix_path.sh
[1.409s] -- Up-to-date symlink: /home/aggregator/ros2_ws/install/realsense2_description/share/realsense2_description/environment/ament_prefix_path.dsv
[1.411s] -- Up-to-date symlink: /home/aggregator/ros2_ws/install/realsense2_description/share/realsense2_description/environment/path.sh
[1.413s] -- Up-to-date symlink: /home/aggregator/ros2_ws/install/realsense2_description/share/realsense2_description/environment/path.dsv
[1.415s] -- Up-to-date symlink: /home/aggregator/ros2_ws/install/realsense2_description/share/realsense2_description/local_setup.bash
[1.417s] -- Up-to-date symlink: /home/aggregator/ros2_ws/install/realsense2_description/share/realsense2_description/local_setup.sh
[1.419s] -- Up-to-date symlink: /home/aggregator/ros2_ws/install/realsense2_description/share/realsense2_description/local_setup.zsh
[1.421s] -- Up-to-date symlink: /home/aggregator/ros2_ws/install/realsense2_description/share/realsense2_description/local_setup.dsv
[1.423s] -- Symlinking: /home/aggregator/ros2_ws/install/realsense2_description/share/realsense2_description/package.dsv
[1.449s] -- Up-to-date symlink: /home/aggregator/ros2_ws/install/realsense2_description/share/ament_index/resource_index/packages/realsense2_description
[1.450s] -- Up-to-date symlink: /home/aggregator/ros2_ws/install/realsense2_description/share/realsense2_description/cmake/realsense2_descriptionConfig.cmake
[1.452s] -- Up-to-date symlink: /home/aggregator/ros2_ws/install/realsense2_description/share/realsense2_description/cmake/realsense2_descriptionConfig-version.cmake
[1.454s] -- Up-to-date symlink: /home/aggregator/ros2_ws/install/realsense2_description/share/realsense2_description/package.xml
[1.468s] Invoked command in '/home/aggregator/ros2_ws/build/realsense2_description' returned '0': AMENT_PREFIX_PATH=/home/aggregator/ros2_ws/install/realsense2_camera_msgs:${AMENT_PREFIX_PATH} CMAKE_PREFIX_PATH=/home/aggregator/ros2_ws/install/realsense2_camera_msgs:/opt/ros/foxy LD_LIBRARY_PATH=/home/aggregator/ros2_ws/install/realsense2_camera_msgs/lib:${LD_LIBRARY_PATH} PYTHONPATH=/home/aggregator/ros2_ws/install/realsense2_camera_msgs/lib/python3.8/site-packages:${PYTHONPATH} /usr/bin/cmake --install /home/aggregator/ros2_ws/build/realsense2_description
