[0.062s] Invoking command in '/home/aggregator/ros2_ws/build/realsense2_description': AMENT_PREFIX_PATH=/home/aggregator/ros2_ws/install/realsense2_camera_msgs:${AMENT_PREFIX_PATH} CMAKE_PREFIX_PATH=/home/aggregator/ros2_ws/install/realsense2_camera_msgs:/opt/ros/foxy LD_LIBRARY_PATH=/home/aggregator/ros2_ws/install/realsense2_camera_msgs/lib:${LD_LIBRARY_PATH} PYTHONPATH=/home/aggregator/ros2_ws/install/realsense2_camera_msgs/lib/python3.8/site-packages:${PYTHONPATH} /usr/bin/cmake /home/aggregator/ros2_ws/src/realsense-ros/realsense2_description -DCMAKE_INSTALL_PREFIX=/home/aggregator/ros2_ws/install/realsense2_description
[0.283s] -- The C compiler identification is GNU 9.4.0
[0.441s] -- The CXX compiler identification is GNU 9.4.0
[0.455s] -- Check for working C compiler: /usr/bin/cc
[0.650s] -- Check for working C compiler: /usr/bin/cc -- works
[0.652s] -- Detecting C compiler ABI info
[0.845s] -- Detecting C compiler ABI info - done
[0.887s] -- Detecting C compile features
[0.888s] -- Detecting C compile features - done
[0.895s] -- Check for working CXX compiler: /usr/bin/c++
[1.121s] -- Check for working CXX compiler: /usr/bin/c++ -- works
[1.124s] -- Detecting CXX compiler ABI info
[1.347s] -- Detecting CXX compiler ABI info - done
[1.390s] -- Detecting CXX compile features
[1.392s] -- Detecting CXX compile features - done
[1.396s] -- Found ament_cmake: 0.9.11 (/opt/ros/foxy/share/ament_cmake/cmake)
[1.471s] -- Found PythonInterp: /usr/bin/python3 (found suitable version "3.8.10", minimum required is "3") 
[1.471s] -- Using PYTHON_EXECUTABLE: /usr/bin/python3
[2.340s] -- Configuring done
[2.346s] -- Generating done
[2.349s] -- Build files have been written to: /home/aggregator/ros2_ws/build/realsense2_description
[2.364s] Invoked command in '/home/aggregator/ros2_ws/build/realsense2_description' returned '0': AMENT_PREFIX_PATH=/home/aggregator/ros2_ws/install/realsense2_camera_msgs:${AMENT_PREFIX_PATH} CMAKE_PREFIX_PATH=/home/aggregator/ros2_ws/install/realsense2_camera_msgs:/opt/ros/foxy LD_LIBRARY_PATH=/home/aggregator/ros2_ws/install/realsense2_camera_msgs/lib:${LD_LIBRARY_PATH} PYTHONPATH=/home/aggregator/ros2_ws/install/realsense2_camera_msgs/lib/python3.8/site-packages:${PYTHONPATH} /usr/bin/cmake /home/aggregator/ros2_ws/src/realsense-ros/realsense2_description -DCMAKE_INSTALL_PREFIX=/home/aggregator/ros2_ws/install/realsense2_description
[2.366s] Invoking command in '/home/aggregator/ros2_ws/build/realsense2_description': AMENT_PREFIX_PATH=/home/aggregator/ros2_ws/install/realsense2_camera_msgs:${AMENT_PREFIX_PATH} CMAKE_PREFIX_PATH=/home/aggregator/ros2_ws/install/realsense2_camera_msgs:/opt/ros/foxy LD_LIBRARY_PATH=/home/aggregator/ros2_ws/install/realsense2_camera_msgs/lib:${LD_LIBRARY_PATH} PYTHONPATH=/home/aggregator/ros2_ws/install/realsense2_camera_msgs/lib/python3.8/site-packages:${PYTHONPATH} /usr/bin/cmake --build /home/aggregator/ros2_ws/build/realsense2_description -- -j2 -l2
[2.470s] Invoked command in '/home/aggregator/ros2_ws/build/realsense2_description' returned '0': AMENT_PREFIX_PATH=/home/aggregator/ros2_ws/install/realsense2_camera_msgs:${AMENT_PREFIX_PATH} CMAKE_PREFIX_PATH=/home/aggregator/ros2_ws/install/realsense2_camera_msgs:/opt/ros/foxy LD_LIBRARY_PATH=/home/aggregator/ros2_ws/install/realsense2_camera_msgs/lib:${LD_LIBRARY_PATH} PYTHONPATH=/home/aggregator/ros2_ws/install/realsense2_camera_msgs/lib/python3.8/site-packages:${PYTHONPATH} /usr/bin/cmake --build /home/aggregator/ros2_ws/build/realsense2_description -- -j2 -l2
[2.530s] Invoking command in '/home/aggregator/ros2_ws/build/realsense2_description': AMENT_PREFIX_PATH=/home/aggregator/ros2_ws/install/realsense2_camera_msgs:${AMENT_PREFIX_PATH} CMAKE_PREFIX_PATH=/home/aggregator/ros2_ws/install/realsense2_camera_msgs:/opt/ros/foxy LD_LIBRARY_PATH=/home/aggregator/ros2_ws/install/realsense2_camera_msgs/lib:${LD_LIBRARY_PATH} PYTHONPATH=/home/aggregator/ros2_ws/install/realsense2_camera_msgs/lib/python3.8/site-packages:${PYTHONPATH} /usr/bin/cmake --install /home/aggregator/ros2_ws/build/realsense2_description
[2.555s] -- Install configuration: ""
[2.556s] -- Installing: /home/aggregator/ros2_ws/install/realsense2_description/share/realsense2_description/launch
[2.593s] -- Installing: /home/aggregator/ros2_ws/install/realsense2_description/share/realsense2_description/launch/launch_utils.py
[2.594s] -- Installing: /home/aggregator/ros2_ws/install/realsense2_description/share/realsense2_description/launch/view_model.launch.py
[2.595s] -- Installing: /home/aggregator/ros2_ws/install/realsense2_description/share/realsense2_description/meshes
[2.596s] -- Installing: /home/aggregator/ros2_ws/install/realsense2_description/share/realsense2_description/meshes/l515.dae
[2.722s] -- Installing: /home/aggregator/ros2_ws/install/realsense2_description/share/realsense2_description/meshes/d415.stl
[2.808s] -- Installing: /home/aggregator/ros2_ws/install/realsense2_description/share/realsense2_description/meshes/plug_collision.stl
[2.809s] -- Installing: /home/aggregator/ros2_ws/install/realsense2_description/share/realsense2_description/meshes/d455.stl
[2.823s] -- Installing: /home/aggregator/ros2_ws/install/realsense2_description/share/realsense2_description/meshes/d435.dae
[2.892s] -- Installing: /home/aggregator/ros2_ws/install/realsense2_description/share/realsense2_description/meshes/plug.stl
[2.895s] -- Installing: /home/aggregator/ros2_ws/install/realsense2_description/share/realsense2_description/rviz
[2.896s] -- Installing: /home/aggregator/ros2_ws/install/realsense2_description/share/realsense2_description/rviz/urdf.rviz
[2.897s] -- Installing: /home/aggregator/ros2_ws/install/realsense2_description/share/realsense2_description/urdf
[2.898s] -- Installing: /home/aggregator/ros2_ws/install/realsense2_description/share/realsense2_description/urdf/_usb_plug.urdf.xacro
[2.900s] -- Installing: /home/aggregator/ros2_ws/install/realsense2_description/share/realsense2_description/urdf/_r430.urdf.xacro
[2.901s] -- Installing: /home/aggregator/ros2_ws/install/realsense2_description/share/realsense2_description/urdf/_l515.urdf.xacro
[2.902s] -- Installing: /home/aggregator/ros2_ws/install/realsense2_description/share/realsense2_description/urdf/test_d435i_camera.urdf.xacro
[2.904s] -- Installing: /home/aggregator/ros2_ws/install/realsense2_description/share/realsense2_description/urdf/test_d415_camera.urdf.xacro
[2.905s] -- Installing: /home/aggregator/ros2_ws/install/realsense2_description/share/realsense2_description/urdf/test_r410_camera.urdf.xacro
[2.906s] -- Installing: /home/aggregator/ros2_ws/install/realsense2_description/share/realsense2_description/urdf/test_d435_multiple_cameras.urdf.xacro
[2.907s] -- Installing: /home/aggregator/ros2_ws/install/realsense2_description/share/realsense2_description/urdf/_d435i_imu_modules.urdf.xacro
[2.909s] -- Installing: /home/aggregator/ros2_ws/install/realsense2_description/share/realsense2_description/urdf/test_d435_camera.urdf.xacro
[2.910s] -- Installing: /home/aggregator/ros2_ws/install/realsense2_description/share/realsense2_description/urdf/_d435i.urdf.xacro
[2.912s] -- Installing: /home/aggregator/ros2_ws/install/realsense2_description/share/realsense2_description/urdf/test_d455_camera.urdf.xacro
[2.913s] -- Installing: /home/aggregator/ros2_ws/install/realsense2_description/share/realsense2_description/urdf/test_r430_camera.urdf.xacro
[2.915s] -- Installing: /home/aggregator/ros2_ws/install/realsense2_description/share/realsense2_description/urdf/_d435.urdf.xacro
[2.916s] -- Installing: /home/aggregator/ros2_ws/install/realsense2_description/share/realsense2_description/urdf/_r410.urdf.xacro
[2.917s] -- Installing: /home/aggregator/ros2_ws/install/realsense2_description/share/realsense2_description/urdf/_d455.urdf.xacro
[2.918s] -- Installing: /home/aggregator/ros2_ws/install/realsense2_description/share/realsense2_description/urdf/_d415.urdf.xacro
[2.920s] -- Installing: /home/aggregator/ros2_ws/install/realsense2_description/share/realsense2_description/urdf/test_l515_camera.urdf.xacro
[2.921s] -- Installing: /home/aggregator/ros2_ws/install/realsense2_description/share/realsense2_description/urdf/_materials.urdf.xacro
[2.923s] -- Installing: /home/aggregator/ros2_ws/install/realsense2_description/share/ament_index/resource_index/package_run_dependencies/realsense2_description
[2.924s] -- Installing: /home/aggregator/ros2_ws/install/realsense2_description/share/ament_index/resource_index/parent_prefix_path/realsense2_description
[2.925s] -- Installing: /home/aggregator/ros2_ws/install/realsense2_description/share/realsense2_description/environment/ament_prefix_path.sh
[2.926s] -- Installing: /home/aggregator/ros2_ws/install/realsense2_description/share/realsense2_description/environment/ament_prefix_path.dsv
[2.928s] -- Installing: /home/aggregator/ros2_ws/install/realsense2_description/share/realsense2_description/environment/path.sh
[2.929s] -- Installing: /home/aggregator/ros2_ws/install/realsense2_description/share/realsense2_description/environment/path.dsv
[2.930s] -- Installing: /home/aggregator/ros2_ws/install/realsense2_description/share/realsense2_description/local_setup.bash
[2.931s] -- Installing: /home/aggregator/ros2_ws/install/realsense2_description/share/realsense2_description/local_setup.sh
[2.932s] -- Installing: /home/aggregator/ros2_ws/install/realsense2_description/share/realsense2_description/local_setup.zsh
[2.934s] -- Installing: /home/aggregator/ros2_ws/install/realsense2_description/share/realsense2_description/local_setup.dsv
[2.935s] -- Installing: /home/aggregator/ros2_ws/install/realsense2_description/share/realsense2_description/package.dsv
[2.936s] -- Installing: /home/aggregator/ros2_ws/install/realsense2_description/share/ament_index/resource_index/packages/realsense2_description
[2.938s] -- Installing: /home/aggregator/ros2_ws/install/realsense2_description/share/realsense2_description/cmake/realsense2_descriptionConfig.cmake
[2.938s] -- Installing: /home/aggregator/ros2_ws/install/realsense2_description/share/realsense2_description/cmake/realsense2_descriptionConfig-version.cmake
[2.940s] -- Installing: /home/aggregator/ros2_ws/install/realsense2_description/share/realsense2_description/package.xml
[2.956s] Invoked command in '/home/aggregator/ros2_ws/build/realsense2_description' returned '0': AMENT_PREFIX_PATH=/home/aggregator/ros2_ws/install/realsense2_camera_msgs:${AMENT_PREFIX_PATH} CMAKE_PREFIX_PATH=/home/aggregator/ros2_ws/install/realsense2_camera_msgs:/opt/ros/foxy LD_LIBRARY_PATH=/home/aggregator/ros2_ws/install/realsense2_camera_msgs/lib:${LD_LIBRARY_PATH} PYTHONPATH=/home/aggregator/ros2_ws/install/realsense2_camera_msgs/lib/python3.8/site-packages:${PYTHONPATH} /usr/bin/cmake --install /home/aggregator/ros2_ws/build/realsense2_description
