[0.117s] Invoking command in '/home/aggregator/ros2_ws/build/realsense2_camera_msgs': CMAKE_PREFIX_PATH=/opt/ros/foxy /usr/bin/cmake /home/aggregator/ros2_ws/src/realsense-ros/realsense2_camera_msgs -DCMAKE_INSTALL_PREFIX=/home/aggregator/ros2_ws/install/realsense2_camera_msgs
[0.494s] -- The C compiler identification is GNU 9.4.0
[0.788s] -- The CXX compiler identification is GNU 9.4.0
[0.806s] -- Check for working C compiler: /usr/bin/cc
[1.008s] -- Check for working C compiler: /usr/bin/cc -- works
[1.050s] -- Detecting C compiler ABI info
[1.246s] -- Detecting C compiler ABI info - done
[1.317s] -- Detecting C compile features
[1.319s] -- Detecting C compile features - done
[1.328s] -- Check for working CXX compiler: /usr/bin/c++
[1.562s] -- Check for working CXX compiler: /usr/bin/c++ -- works
[1.565s] -- Detecting CXX compiler ABI info
[1.792s] -- Detecting CXX compiler ABI info - done
[1.834s] -- Detecting CXX compile features
[1.840s] -- Detecting CXX compile features - done
[1.887s] -- Found ament_cmake: 0.9.11 (/opt/ros/foxy/share/ament_cmake/cmake)
[2.026s] -- Found PythonInterp: /usr/bin/python3 (found suitable version "3.8.10", minimum required is "3") 
[2.026s] -- Using PYTHON_EXECUTABLE: /usr/bin/python3
[2.770s] -- Found rosidl_default_generators: 1.0.1 (/opt/ros/foxy/share/rosidl_default_generators/cmake)
[2.780s] -- Using all available rosidl_typesupport_c: rosidl_typesupport_fastrtps_c;rosidl_typesupport_introspection_c
[2.799s] -- Found rosidl_adapter: 1.3.0 (/opt/ros/foxy/share/rosidl_adapter/cmake)
[3.132s] -- Found OpenSSL: /usr/lib/x86_64-linux-gnu/libcrypto.so (found version "1.1.1f")  
[3.211s] -- Found FastRTPS: /opt/ros/foxy/include  
[3.701s] -- Using all available rosidl_typesupport_cpp: rosidl_typesupport_fastrtps_cpp;rosidl_typesupport_introspection_cpp
[3.787s] -- Found builtin_interfaces: 1.0.0 (/opt/ros/foxy/share/builtin_interfaces/cmake)
[3.831s] -- Found std_msgs: 2.0.5 (/opt/ros/foxy/share/std_msgs/cmake)
[3.958s] -- Found PythonInterp: /usr/bin/python3 (found version "3.8.10") 
[4.606s] -- Found ament_cmake_cppcheck: 0.9.7 (/opt/ros/foxy/share/ament_cmake_cppcheck/cmake)
[4.611s] -- Found ament_cmake_cpplint: 0.9.7 (/opt/ros/foxy/share/ament_cmake_cpplint/cmake)
[4.616s] -- Found ament_cmake_uncrustify: 0.9.7 (/opt/ros/foxy/share/ament_cmake_uncrustify/cmake)
[4.622s] -- Found ament_cmake_ros: 0.9.2 (/opt/ros/foxy/share/ament_cmake_ros/cmake)
[5.350s] -- Using all available rosidl_typesupport_c: rosidl_typesupport_fastrtps_c;rosidl_typesupport_introspection_c
[5.611s] -- Using all available rosidl_typesupport_cpp: rosidl_typesupport_fastrtps_cpp;rosidl_typesupport_introspection_cpp
[5.688s] -- Found PythonInterp: /usr/bin/python3 (found suitable version "3.8.10", minimum required is "3.5") 
[5.744s] -- Found python_cmake_module: 0.8.1 (/opt/ros/foxy/share/python_cmake_module/cmake)
[5.884s] -- Found PythonLibs: /usr/lib/x86_64-linux-gnu/libpython3.8.so (found suitable version "3.8.10", minimum required is "3.5") 
[5.884s] -- Using PYTHON_EXECUTABLE: /usr/bin/python3
[5.884s] -- Using PYTHON_INCLUDE_DIRS: /usr/include/python3.8
[5.885s] -- Using PYTHON_LIBRARIES: /usr/lib/x86_64-linux-gnu/libpython3.8.so
[5.952s] -- Found PythonExtra: .so  
[6.238s] -- Found ament_cmake_flake8: 0.9.7 (/opt/ros/foxy/share/ament_cmake_flake8/cmake)
[6.243s] -- Found ament_cmake_pep257: 0.9.7 (/opt/ros/foxy/share/ament_cmake_pep257/cmake)
[6.280s] -- Configuring done
[6.422s] -- Generating done
[6.430s] -- Build files have been written to: /home/aggregator/ros2_ws/build/realsense2_camera_msgs
[6.461s] Invoked command in '/home/aggregator/ros2_ws/build/realsense2_camera_msgs' returned '0': CMAKE_PREFIX_PATH=/opt/ros/foxy /usr/bin/cmake /home/aggregator/ros2_ws/src/realsense-ros/realsense2_camera_msgs -DCMAKE_INSTALL_PREFIX=/home/aggregator/ros2_ws/install/realsense2_camera_msgs
[6.469s] Invoking command in '/home/aggregator/ros2_ws/build/realsense2_camera_msgs': CMAKE_PREFIX_PATH=/opt/ros/foxy /usr/bin/cmake --build /home/aggregator/ros2_ws/build/realsense2_camera_msgs -- -j2 -l2
[6.586s] [35m[1mScanning dependencies of target realsense2_camera_msgs__cpp[0m
[6.591s] [  1%] [34m[1mGenerating C code for ROS interfaces[0m
[6.615s] [  3%] [34m[1mGenerating C++ code for ROS interfaces[0m
[8.237s] [  3%] Built target realsense2_camera_msgs__cpp
[8.378s] [  5%] [34m[1mGenerating C++ type support dispatch for ROS interfaces[0m
[8.391s] [35m[1mScanning dependencies of target realsense2_camera_msgs__rosidl_generator_c[0m
[8.768s] [  7%] [32mBuilding C object CMakeFiles/realsense2_camera_msgs__rosidl_generator_c.dir/rosidl_generator_c/realsense2_camera_msgs/msg/detail/imu_info__functions.c.o[0m
[8.930s] [  9%] [32mBuilding C object CMakeFiles/realsense2_camera_msgs__rosidl_generator_c.dir/rosidl_generator_c/realsense2_camera_msgs/msg/detail/extrinsics__functions.c.o[0m
[9.081s] [ 10%] [32mBuilding C object CMakeFiles/realsense2_camera_msgs__rosidl_generator_c.dir/rosidl_generator_c/realsense2_camera_msgs/msg/detail/metadata__functions.c.o[0m
[9.238s] [ 12%] [32mBuilding C object CMakeFiles/realsense2_camera_msgs__rosidl_generator_c.dir/rosidl_generator_c/realsense2_camera_msgs/srv/detail/device_info__functions.c.o[0m
[9.433s] [ 14%] [32m[1mLinking C shared library librealsense2_camera_msgs__rosidl_generator_c.so[0m
[9.561s] [ 14%] Built target realsense2_camera_msgs__rosidl_generator_c
[9.590s] [ 16%] [34m[1mGenerating C++ type support for eProsima Fast-RTPS[0m
[9.667s] [35m[1mScanning dependencies of target realsense2_camera_msgs__rosidl_typesupport_cpp[0m
[9.703s] [ 18%] [32mBuilding CXX object CMakeFiles/realsense2_camera_msgs__rosidl_typesupport_cpp.dir/rosidl_typesupport_cpp/realsense2_camera_msgs/msg/imu_info__type_support.cpp.o[0m
[10.699s] [ 20%] [32mBuilding CXX object CMakeFiles/realsense2_camera_msgs__rosidl_typesupport_cpp.dir/rosidl_typesupport_cpp/realsense2_camera_msgs/msg/extrinsics__type_support.cpp.o[0m
[11.044s] [35m[1mScanning dependencies of target realsense2_camera_msgs__rosidl_typesupport_fastrtps_cpp[0m
[11.141s] [ 21%] [32mBuilding CXX object CMakeFiles/realsense2_camera_msgs__rosidl_typesupport_fastrtps_cpp.dir/rosidl_typesupport_fastrtps_cpp/realsense2_camera_msgs/msg/detail/dds_fastrtps/imu_info__type_support.cpp.o[0m
[11.669s] [ 23%] [32mBuilding CXX object CMakeFiles/realsense2_camera_msgs__rosidl_typesupport_cpp.dir/rosidl_typesupport_cpp/realsense2_camera_msgs/msg/metadata__type_support.cpp.o[0m
[12.646s] [ 25%] [32mBuilding CXX object CMakeFiles/realsense2_camera_msgs__rosidl_typesupport_cpp.dir/rosidl_typesupport_cpp/realsense2_camera_msgs/srv/device_info__type_support.cpp.o[0m
[12.722s] [ 27%] [32mBuilding CXX object CMakeFiles/realsense2_camera_msgs__rosidl_typesupport_fastrtps_cpp.dir/rosidl_typesupport_fastrtps_cpp/realsense2_camera_msgs/msg/detail/dds_fastrtps/extrinsics__type_support.cpp.o[0m
[13.716s] [ 29%] [32m[1mLinking CXX shared library librealsense2_camera_msgs__rosidl_typesupport_cpp.so[0m
[13.821s] [ 29%] Built target realsense2_camera_msgs__rosidl_typesupport_cpp
[13.850s] [ 30%] [34m[1mGenerating C introspection for ROS interfaces[0m
[14.209s] [ 32%] [32mBuilding CXX object CMakeFiles/realsense2_camera_msgs__rosidl_typesupport_fastrtps_cpp.dir/rosidl_typesupport_fastrtps_cpp/realsense2_camera_msgs/msg/detail/dds_fastrtps/metadata__type_support.cpp.o[0m
[15.182s] [35m[1mScanning dependencies of target realsense2_camera_msgs__rosidl_typesupport_introspection_c[0m
[15.262s] [ 34%] [32mBuilding C object CMakeFiles/realsense2_camera_msgs__rosidl_typesupport_introspection_c.dir/rosidl_typesupport_introspection_c/realsense2_camera_msgs/msg/detail/imu_info__type_support.c.o[0m
[15.373s] [ 36%] [32mBuilding C object CMakeFiles/realsense2_camera_msgs__rosidl_typesupport_introspection_c.dir/rosidl_typesupport_introspection_c/realsense2_camera_msgs/msg/detail/extrinsics__type_support.c.o[0m
[15.489s] [ 38%] [32mBuilding C object CMakeFiles/realsense2_camera_msgs__rosidl_typesupport_introspection_c.dir/rosidl_typesupport_introspection_c/realsense2_camera_msgs/msg/detail/metadata__type_support.c.o[0m
[15.606s] [ 40%] [32mBuilding C object CMakeFiles/realsense2_camera_msgs__rosidl_typesupport_introspection_c.dir/rosidl_typesupport_introspection_c/realsense2_camera_msgs/srv/detail/device_info__type_support.c.o[0m
[15.700s] [ 41%] [32mBuilding CXX object CMakeFiles/realsense2_camera_msgs__rosidl_typesupport_fastrtps_cpp.dir/rosidl_typesupport_fastrtps_cpp/realsense2_camera_msgs/srv/detail/dds_fastrtps/device_info__type_support.cpp.o[0m
[15.703s] [ 43%] [32m[1mLinking C shared library librealsense2_camera_msgs__rosidl_typesupport_introspection_c.so[0m
[15.788s] [ 43%] Built target realsense2_camera_msgs__rosidl_typesupport_introspection_c
[15.813s] [ 45%] [34m[1mGenerating C type support dispatch for ROS interfaces[0m
[16.922s] [35m[1mScanning dependencies of target realsense2_camera_msgs__rosidl_typesupport_c[0m
[16.997s] [ 47%] [32mBuilding CXX object CMakeFiles/realsense2_camera_msgs__rosidl_typesupport_c.dir/rosidl_typesupport_c/realsense2_camera_msgs/msg/imu_info__type_support.cpp.o[0m
[17.106s] [ 49%] [32mBuilding CXX object CMakeFiles/realsense2_camera_msgs__rosidl_typesupport_c.dir/rosidl_typesupport_c/realsense2_camera_msgs/msg/extrinsics__type_support.cpp.o[0m
[17.177s] [ 50%] [32m[1mLinking CXX shared library librealsense2_camera_msgs__rosidl_typesupport_fastrtps_cpp.so[0m
[17.192s] [ 52%] [32mBuilding CXX object CMakeFiles/realsense2_camera_msgs__rosidl_typesupport_c.dir/rosidl_typesupport_c/realsense2_camera_msgs/msg/metadata__type_support.cpp.o[0m
[17.291s] [ 54%] [32mBuilding CXX object CMakeFiles/realsense2_camera_msgs__rosidl_typesupport_c.dir/rosidl_typesupport_c/realsense2_camera_msgs/srv/device_info__type_support.cpp.o[0m
[17.416s] [ 56%] [32m[1mLinking CXX shared library librealsense2_camera_msgs__rosidl_typesupport_c.so[0m
[17.526s] [ 56%] Built target realsense2_camera_msgs__rosidl_typesupport_c
[17.530s] [ 56%] Built target realsense2_camera_msgs__rosidl_typesupport_fastrtps_cpp
[17.554s] [ 58%] [34m[1mGenerating C++ introspection for ROS interfaces[0m
[17.558s] [ 60%] [34m[1mGenerating C type support for eProsima Fast-RTPS[0m
[18.894s] [35m[1mScanning dependencies of target realsense2_camera_msgs__rosidl_typesupport_introspection_cpp[0m
[18.945s] [35m[1mScanning dependencies of target realsense2_camera_msgs__rosidl_typesupport_fastrtps_c[0m
[18.974s] [ 61%] [32mBuilding CXX object CMakeFiles/realsense2_camera_msgs__rosidl_typesupport_introspection_cpp.dir/rosidl_typesupport_introspection_cpp/realsense2_camera_msgs/msg/detail/imu_info__type_support.cpp.o[0m
[18.996s] [ 63%] [32mBuilding CXX object CMakeFiles/realsense2_camera_msgs__rosidl_typesupport_fastrtps_c.dir/rosidl_typesupport_fastrtps_c/realsense2_camera_msgs/msg/detail/imu_info__type_support_c.cpp.o[0m
[20.016s] [ 65%] [32mBuilding CXX object CMakeFiles/realsense2_camera_msgs__rosidl_typesupport_introspection_cpp.dir/rosidl_typesupport_introspection_cpp/realsense2_camera_msgs/msg/detail/extrinsics__type_support.cpp.o[0m
[20.262s] [ 67%] [32mBuilding CXX object CMakeFiles/realsense2_camera_msgs__rosidl_typesupport_fastrtps_c.dir/rosidl_typesupport_fastrtps_c/realsense2_camera_msgs/msg/detail/extrinsics__type_support_c.cpp.o[0m
[21.066s] [ 69%] [32mBuilding CXX object CMakeFiles/realsense2_camera_msgs__rosidl_typesupport_introspection_cpp.dir/rosidl_typesupport_introspection_cpp/realsense2_camera_msgs/msg/detail/metadata__type_support.cpp.o[0m
[21.466s] [ 70%] [32mBuilding CXX object CMakeFiles/realsense2_camera_msgs__rosidl_typesupport_fastrtps_c.dir/rosidl_typesupport_fastrtps_c/realsense2_camera_msgs/msg/detail/metadata__type_support_c.cpp.o[0m
[22.069s] [ 72%] [32mBuilding CXX object CMakeFiles/realsense2_camera_msgs__rosidl_typesupport_introspection_cpp.dir/rosidl_typesupport_introspection_cpp/realsense2_camera_msgs/srv/detail/device_info__type_support.cpp.o[0m
[22.714s] [ 74%] [32mBuilding CXX object CMakeFiles/realsense2_camera_msgs__rosidl_typesupport_fastrtps_c.dir/rosidl_typesupport_fastrtps_c/realsense2_camera_msgs/srv/detail/device_info__type_support_c.cpp.o[0m
[23.102s] [ 76%] [32m[1mLinking CXX shared library librealsense2_camera_msgs__rosidl_typesupport_introspection_cpp.so[0m
[23.394s] [ 76%] Built target realsense2_camera_msgs__rosidl_typesupport_introspection_cpp
[24.026s] [ 78%] [32m[1mLinking CXX shared library librealsense2_camera_msgs__rosidl_typesupport_fastrtps_c.so[0m
[24.346s] [ 78%] Built target realsense2_camera_msgs__rosidl_typesupport_fastrtps_c
[24.372s] [35m[1mScanning dependencies of target realsense2_camera_msgs[0m
[24.403s] [ 78%] Built target realsense2_camera_msgs
[24.435s] [35m[1mScanning dependencies of target realsense2_camera_msgs__py[0m
[24.465s] [ 80%] [34m[1mGenerating Python code for ROS interfaces[0m
[27.219s] [ 80%] Built target realsense2_camera_msgs__py
[27.250s] [35m[1mScanning dependencies of target realsense2_camera_msgs__python[0m
[27.332s] [ 81%] [32mBuilding C object CMakeFiles/realsense2_camera_msgs__python.dir/rosidl_generator_py/realsense2_camera_msgs/msg/_extrinsics_s.c.o[0m
[27.340s] [ 83%] [32mBuilding C object CMakeFiles/realsense2_camera_msgs__python.dir/rosidl_generator_py/realsense2_camera_msgs/msg/_imu_info_s.c.o[0m
[27.669s] [ 85%] [32mBuilding C object CMakeFiles/realsense2_camera_msgs__python.dir/rosidl_generator_py/realsense2_camera_msgs/msg/_metadata_s.c.o[0m
[27.691s] [ 87%] [32mBuilding C object CMakeFiles/realsense2_camera_msgs__python.dir/rosidl_generator_py/realsense2_camera_msgs/srv/_device_info_s.c.o[0m
[27.993s] [ 89%] [32m[1mLinking C shared library rosidl_generator_py/realsense2_camera_msgs/librealsense2_camera_msgs__python.so[0m
[28.141s] [ 89%] Built target realsense2_camera_msgs__python
[28.167s] [35m[1mScanning dependencies of target realsense2_camera_msgs__rosidl_typesupport_c__pyext[0m
[28.170s] [35m[1mScanning dependencies of target realsense2_camera_msgs__rosidl_typesupport_introspection_c__pyext[0m
[28.229s] [ 90%] [32mBuilding C object CMakeFiles/realsense2_camera_msgs__rosidl_typesupport_introspection_c__pyext.dir/rosidl_generator_py/realsense2_camera_msgs/_realsense2_camera_msgs_s.ep.rosidl_typesupport_introspection_c.c.o[0m
[28.233s] [ 92%] [32mBuilding C object CMakeFiles/realsense2_camera_msgs__rosidl_typesupport_c__pyext.dir/rosidl_generator_py/realsense2_camera_msgs/_realsense2_camera_msgs_s.ep.rosidl_typesupport_c.c.o[0m
[28.537s] [ 94%] [32m[1mLinking C shared library rosidl_generator_py/realsense2_camera_msgs/realsense2_camera_msgs_s__rosidl_typesupport_introspection_c.cpython-38-x86_64-linux-gnu.so[0m
[28.537s] [ 96%] [32m[1mLinking C shared library rosidl_generator_py/realsense2_camera_msgs/realsense2_camera_msgs_s__rosidl_typesupport_c.cpython-38-x86_64-linux-gnu.so[0m
[28.649s] [ 96%] Built target realsense2_camera_msgs__rosidl_typesupport_introspection_c__pyext
[28.654s] [ 96%] Built target realsense2_camera_msgs__rosidl_typesupport_c__pyext
[28.677s] [35m[1mScanning dependencies of target realsense2_camera_msgs__rosidl_typesupport_fastrtps_c__pyext[0m
[28.730s] [ 98%] [32mBuilding C object CMakeFiles/realsense2_camera_msgs__rosidl_typesupport_fastrtps_c__pyext.dir/rosidl_generator_py/realsense2_camera_msgs/_realsense2_camera_msgs_s.ep.rosidl_typesupport_fastrtps_c.c.o[0m
[29.034s] [100%] [32m[1mLinking CXX shared library rosidl_generator_py/realsense2_camera_msgs/realsense2_camera_msgs_s__rosidl_typesupport_fastrtps_c.cpython-38-x86_64-linux-gnu.so[0m
[29.237s] [100%] Built target realsense2_camera_msgs__rosidl_typesupport_fastrtps_c__pyext
[29.286s] Invoked command in '/home/aggregator/ros2_ws/build/realsense2_camera_msgs' returned '0': CMAKE_PREFIX_PATH=/opt/ros/foxy /usr/bin/cmake --build /home/aggregator/ros2_ws/build/realsense2_camera_msgs -- -j2 -l2
[29.579s] Invoking command in '/home/aggregator/ros2_ws/build/realsense2_camera_msgs': CMAKE_PREFIX_PATH=/opt/ros/foxy /usr/bin/cmake --install /home/aggregator/ros2_ws/build/realsense2_camera_msgs
[29.605s] -- Install configuration: ""
[29.607s] -- Installing: /home/aggregator/ros2_ws/install/realsense2_camera_msgs/share/ament_index/resource_index/rosidl_interfaces/realsense2_camera_msgs
[29.608s] -- Installing: /home/aggregator/ros2_ws/install/realsense2_camera_msgs/include/realsense2_camera_msgs
[29.609s] -- Installing: /home/aggregator/ros2_ws/install/realsense2_camera_msgs/include/realsense2_camera_msgs/msg
[29.610s] -- Installing: /home/aggregator/ros2_ws/install/realsense2_camera_msgs/include/realsense2_camera_msgs/msg/extrinsics.h
[29.612s] -- Installing: /home/aggregator/ros2_ws/install/realsense2_camera_msgs/include/realsense2_camera_msgs/msg/metadata.h
[29.613s] -- Installing: /home/aggregator/ros2_ws/install/realsense2_camera_msgs/include/realsense2_camera_msgs/msg/rosidl_generator_c__visibility_control.h
[29.614s] -- Installing: /home/aggregator/ros2_ws/install/realsense2_camera_msgs/include/realsense2_camera_msgs/msg/detail
[29.615s] -- Installing: /home/aggregator/ros2_ws/install/realsense2_camera_msgs/include/realsense2_camera_msgs/msg/detail/extrinsics__functions.h
[29.616s] -- Installing: /home/aggregator/ros2_ws/install/realsense2_camera_msgs/include/realsense2_camera_msgs/msg/detail/imu_info__functions.c
[29.617s] -- Installing: /home/aggregator/ros2_ws/install/realsense2_camera_msgs/include/realsense2_camera_msgs/msg/detail/metadata__functions.c
[29.619s] -- Installing: /home/aggregator/ros2_ws/install/realsense2_camera_msgs/include/realsense2_camera_msgs/msg/detail/extrinsics__struct.h
[29.619s] -- Installing: /home/aggregator/ros2_ws/install/realsense2_camera_msgs/include/realsense2_camera_msgs/msg/detail/extrinsics__type_support.h
[29.620s] -- Installing: /home/aggregator/ros2_ws/install/realsense2_camera_msgs/include/realsense2_camera_msgs/msg/detail/metadata__functions.h
[29.620s] -- Installing: /home/aggregator/ros2_ws/install/realsense2_camera_msgs/include/realsense2_camera_msgs/msg/detail/metadata__type_support.h
[29.621s] -- Installing: /home/aggregator/ros2_ws/install/realsense2_camera_msgs/include/realsense2_camera_msgs/msg/detail/imu_info__type_support.h
[29.621s] -- Installing: /home/aggregator/ros2_ws/install/realsense2_camera_msgs/include/realsense2_camera_msgs/msg/detail/extrinsics__functions.c
[29.622s] -- Installing: /home/aggregator/ros2_ws/install/realsense2_camera_msgs/include/realsense2_camera_msgs/msg/detail/metadata__struct.h
[29.622s] -- Installing: /home/aggregator/ros2_ws/install/realsense2_camera_msgs/include/realsense2_camera_msgs/msg/detail/imu_info__struct.h
[29.622s] -- Installing: /home/aggregator/ros2_ws/install/realsense2_camera_msgs/include/realsense2_camera_msgs/msg/detail/imu_info__functions.h
[29.622s] -- Installing: /home/aggregator/ros2_ws/install/realsense2_camera_msgs/include/realsense2_camera_msgs/msg/imu_info.h
[29.623s] -- Installing: /home/aggregator/ros2_ws/install/realsense2_camera_msgs/include/realsense2_camera_msgs/srv
[29.623s] -- Installing: /home/aggregator/ros2_ws/install/realsense2_camera_msgs/include/realsense2_camera_msgs/srv/detail
[29.623s] -- Installing: /home/aggregator/ros2_ws/install/realsense2_camera_msgs/include/realsense2_camera_msgs/srv/detail/device_info__functions.h
[29.624s] -- Installing: /home/aggregator/ros2_ws/install/realsense2_camera_msgs/include/realsense2_camera_msgs/srv/detail/device_info__functions.c
[29.624s] -- Installing: /home/aggregator/ros2_ws/install/realsense2_camera_msgs/include/realsense2_camera_msgs/srv/detail/device_info__struct.h
[29.625s] -- Installing: /home/aggregator/ros2_ws/install/realsense2_camera_msgs/include/realsense2_camera_msgs/srv/detail/device_info__type_support.h
[29.625s] -- Installing: /home/aggregator/ros2_ws/install/realsense2_camera_msgs/include/realsense2_camera_msgs/srv/device_info.h
[29.625s] -- Installing: /home/aggregator/ros2_ws/install/realsense2_camera_msgs/share/realsense2_camera_msgs/environment/library_path.sh
[29.626s] -- Installing: /home/aggregator/ros2_ws/install/realsense2_camera_msgs/share/realsense2_camera_msgs/environment/library_path.dsv
[29.626s] -- Installing: /home/aggregator/ros2_ws/install/realsense2_camera_msgs/lib/librealsense2_camera_msgs__rosidl_generator_c.so
[29.626s] -- Set runtime path of "/home/aggregator/ros2_ws/install/realsense2_camera_msgs/lib/librealsense2_camera_msgs__rosidl_generator_c.so" to ""
[29.630s] -- Up-to-date: /home/aggregator/ros2_ws/install/realsense2_camera_msgs/include/realsense2_camera_msgs
[29.631s] -- Up-to-date: /home/aggregator/ros2_ws/install/realsense2_camera_msgs/include/realsense2_camera_msgs/msg
[29.631s] -- Installing: /home/aggregator/ros2_ws/install/realsense2_camera_msgs/include/realsense2_camera_msgs/msg/rosidl_typesupport_fastrtps_c__visibility_control.h
[29.632s] -- Up-to-date: /home/aggregator/ros2_ws/install/realsense2_camera_msgs/include/realsense2_camera_msgs/msg/detail
[29.632s] -- Installing: /home/aggregator/ros2_ws/install/realsense2_camera_msgs/include/realsense2_camera_msgs/msg/detail/imu_info__rosidl_typesupport_fastrtps_c.h
[29.632s] -- Installing: /home/aggregator/ros2_ws/install/realsense2_camera_msgs/include/realsense2_camera_msgs/msg/detail/metadata__rosidl_typesupport_fastrtps_c.h
[29.632s] -- Installing: /home/aggregator/ros2_ws/install/realsense2_camera_msgs/include/realsense2_camera_msgs/msg/detail/extrinsics__rosidl_typesupport_fastrtps_c.h
[29.633s] -- Up-to-date: /home/aggregator/ros2_ws/install/realsense2_camera_msgs/include/realsense2_camera_msgs/srv
[29.633s] -- Up-to-date: /home/aggregator/ros2_ws/install/realsense2_camera_msgs/include/realsense2_camera_msgs/srv/detail
[29.633s] -- Installing: /home/aggregator/ros2_ws/install/realsense2_camera_msgs/include/realsense2_camera_msgs/srv/detail/device_info__rosidl_typesupport_fastrtps_c.h
[29.634s] -- Installing: /home/aggregator/ros2_ws/install/realsense2_camera_msgs/lib/librealsense2_camera_msgs__rosidl_typesupport_fastrtps_c.so
[29.634s] -- Set runtime path of "/home/aggregator/ros2_ws/install/realsense2_camera_msgs/lib/librealsense2_camera_msgs__rosidl_typesupport_fastrtps_c.so" to ""
[29.634s] -- Up-to-date: /home/aggregator/ros2_ws/install/realsense2_camera_msgs/include/realsense2_camera_msgs
[29.635s] -- Up-to-date: /home/aggregator/ros2_ws/install/realsense2_camera_msgs/include/realsense2_camera_msgs/msg
[29.635s] -- Installing: /home/aggregator/ros2_ws/install/realsense2_camera_msgs/include/realsense2_camera_msgs/msg/rosidl_typesupport_fastrtps_cpp__visibility_control.h
[29.636s] -- Up-to-date: /home/aggregator/ros2_ws/install/realsense2_camera_msgs/include/realsense2_camera_msgs/msg/detail
[29.636s] -- Installing: /home/aggregator/ros2_ws/install/realsense2_camera_msgs/include/realsense2_camera_msgs/msg/detail/extrinsics__rosidl_typesupport_fastrtps_cpp.hpp
[29.637s] -- Installing: /home/aggregator/ros2_ws/install/realsense2_camera_msgs/include/realsense2_camera_msgs/msg/detail/imu_info__rosidl_typesupport_fastrtps_cpp.hpp
[29.637s] -- Installing: /home/aggregator/ros2_ws/install/realsense2_camera_msgs/include/realsense2_camera_msgs/msg/detail/metadata__rosidl_typesupport_fastrtps_cpp.hpp
[29.637s] -- Installing: /home/aggregator/ros2_ws/install/realsense2_camera_msgs/include/realsense2_camera_msgs/msg/detail/dds_fastrtps
[29.638s] -- Up-to-date: /home/aggregator/ros2_ws/install/realsense2_camera_msgs/include/realsense2_camera_msgs/srv
[29.638s] -- Up-to-date: /home/aggregator/ros2_ws/install/realsense2_camera_msgs/include/realsense2_camera_msgs/srv/detail
[29.639s] -- Installing: /home/aggregator/ros2_ws/install/realsense2_camera_msgs/include/realsense2_camera_msgs/srv/detail/dds_fastrtps
[29.639s] -- Installing: /home/aggregator/ros2_ws/install/realsense2_camera_msgs/include/realsense2_camera_msgs/srv/detail/device_info__rosidl_typesupport_fastrtps_cpp.hpp
[29.639s] -- Installing: /home/aggregator/ros2_ws/install/realsense2_camera_msgs/lib/librealsense2_camera_msgs__rosidl_typesupport_fastrtps_cpp.so
[29.640s] -- Set runtime path of "/home/aggregator/ros2_ws/install/realsense2_camera_msgs/lib/librealsense2_camera_msgs__rosidl_typesupport_fastrtps_cpp.so" to ""
[29.640s] -- Up-to-date: /home/aggregator/ros2_ws/install/realsense2_camera_msgs/include/realsense2_camera_msgs
[29.641s] -- Up-to-date: /home/aggregator/ros2_ws/install/realsense2_camera_msgs/include/realsense2_camera_msgs/msg
[29.641s] -- Installing: /home/aggregator/ros2_ws/install/realsense2_camera_msgs/include/realsense2_camera_msgs/msg/rosidl_typesupport_introspection_c__visibility_control.h
[29.641s] -- Up-to-date: /home/aggregator/ros2_ws/install/realsense2_camera_msgs/include/realsense2_camera_msgs/msg/detail
[29.641s] -- Installing: /home/aggregator/ros2_ws/install/realsense2_camera_msgs/include/realsense2_camera_msgs/msg/detail/imu_info__rosidl_typesupport_introspection_c.h
[29.642s] -- Installing: /home/aggregator/ros2_ws/install/realsense2_camera_msgs/include/realsense2_camera_msgs/msg/detail/metadata__rosidl_typesupport_introspection_c.h
[29.642s] -- Installing: /home/aggregator/ros2_ws/install/realsense2_camera_msgs/include/realsense2_camera_msgs/msg/detail/imu_info__type_support.c
[29.642s] -- Installing: /home/aggregator/ros2_ws/install/realsense2_camera_msgs/include/realsense2_camera_msgs/msg/detail/extrinsics__rosidl_typesupport_introspection_c.h
[29.642s] -- Installing: /home/aggregator/ros2_ws/install/realsense2_camera_msgs/include/realsense2_camera_msgs/msg/detail/extrinsics__type_support.c
[29.643s] -- Installing: /home/aggregator/ros2_ws/install/realsense2_camera_msgs/include/realsense2_camera_msgs/msg/detail/metadata__type_support.c
[29.643s] -- Up-to-date: /home/aggregator/ros2_ws/install/realsense2_camera_msgs/include/realsense2_camera_msgs/srv
[29.643s] -- Up-to-date: /home/aggregator/ros2_ws/install/realsense2_camera_msgs/include/realsense2_camera_msgs/srv/detail
[29.644s] -- Installing: /home/aggregator/ros2_ws/install/realsense2_camera_msgs/include/realsense2_camera_msgs/srv/detail/device_info__type_support.c
[29.644s] -- Installing: /home/aggregator/ros2_ws/install/realsense2_camera_msgs/include/realsense2_camera_msgs/srv/detail/device_info__rosidl_typesupport_introspection_c.h
[29.644s] -- Installing: /home/aggregator/ros2_ws/install/realsense2_camera_msgs/lib/librealsense2_camera_msgs__rosidl_typesupport_introspection_c.so
[29.645s] -- Set runtime path of "/home/aggregator/ros2_ws/install/realsense2_camera_msgs/lib/librealsense2_camera_msgs__rosidl_typesupport_introspection_c.so" to ""
[29.646s] -- Installing: /home/aggregator/ros2_ws/install/realsense2_camera_msgs/lib/librealsense2_camera_msgs__rosidl_typesupport_c.so
[29.646s] -- Set runtime path of "/home/aggregator/ros2_ws/install/realsense2_camera_msgs/lib/librealsense2_camera_msgs__rosidl_typesupport_c.so" to ""
[29.646s] -- Up-to-date: /home/aggregator/ros2_ws/install/realsense2_camera_msgs/include/realsense2_camera_msgs
[29.646s] -- Up-to-date: /home/aggregator/ros2_ws/install/realsense2_camera_msgs/include/realsense2_camera_msgs/msg
[29.647s] -- Installing: /home/aggregator/ros2_ws/install/realsense2_camera_msgs/include/realsense2_camera_msgs/msg/imu_info.hpp
[29.647s] -- Installing: /home/aggregator/ros2_ws/install/realsense2_camera_msgs/include/realsense2_camera_msgs/msg/extrinsics.hpp
[29.647s] -- Installing: /home/aggregator/ros2_ws/install/realsense2_camera_msgs/include/realsense2_camera_msgs/msg/metadata.hpp
[29.647s] -- Up-to-date: /home/aggregator/ros2_ws/install/realsense2_camera_msgs/include/realsense2_camera_msgs/msg/detail
[29.648s] -- Installing: /home/aggregator/ros2_ws/install/realsense2_camera_msgs/include/realsense2_camera_msgs/msg/detail/metadata__struct.hpp
[29.648s] -- Installing: /home/aggregator/ros2_ws/install/realsense2_camera_msgs/include/realsense2_camera_msgs/msg/detail/extrinsics__builder.hpp
[29.648s] -- Installing: /home/aggregator/ros2_ws/install/realsense2_camera_msgs/include/realsense2_camera_msgs/msg/detail/imu_info__struct.hpp
[29.648s] -- Installing: /home/aggregator/ros2_ws/install/realsense2_camera_msgs/include/realsense2_camera_msgs/msg/detail/imu_info__builder.hpp
[29.648s] -- Installing: /home/aggregator/ros2_ws/install/realsense2_camera_msgs/include/realsense2_camera_msgs/msg/detail/extrinsics__traits.hpp
[29.649s] -- Installing: /home/aggregator/ros2_ws/install/realsense2_camera_msgs/include/realsense2_camera_msgs/msg/detail/metadata__traits.hpp
[29.649s] -- Installing: /home/aggregator/ros2_ws/install/realsense2_camera_msgs/include/realsense2_camera_msgs/msg/detail/imu_info__traits.hpp
[29.649s] -- Installing: /home/aggregator/ros2_ws/install/realsense2_camera_msgs/include/realsense2_camera_msgs/msg/detail/metadata__builder.hpp
[29.649s] -- Installing: /home/aggregator/ros2_ws/install/realsense2_camera_msgs/include/realsense2_camera_msgs/msg/detail/extrinsics__struct.hpp
[29.649s] -- Up-to-date: /home/aggregator/ros2_ws/install/realsense2_camera_msgs/include/realsense2_camera_msgs/srv
[29.650s] -- Installing: /home/aggregator/ros2_ws/install/realsense2_camera_msgs/include/realsense2_camera_msgs/srv/device_info.hpp
[29.650s] -- Up-to-date: /home/aggregator/ros2_ws/install/realsense2_camera_msgs/include/realsense2_camera_msgs/srv/detail
[29.650s] -- Installing: /home/aggregator/ros2_ws/install/realsense2_camera_msgs/include/realsense2_camera_msgs/srv/detail/device_info__builder.hpp
[29.650s] -- Installing: /home/aggregator/ros2_ws/install/realsense2_camera_msgs/include/realsense2_camera_msgs/srv/detail/device_info__struct.hpp
[29.650s] -- Installing: /home/aggregator/ros2_ws/install/realsense2_camera_msgs/include/realsense2_camera_msgs/srv/detail/device_info__traits.hpp
[29.651s] -- Up-to-date: /home/aggregator/ros2_ws/install/realsense2_camera_msgs/include/realsense2_camera_msgs
[29.652s] -- Up-to-date: /home/aggregator/ros2_ws/install/realsense2_camera_msgs/include/realsense2_camera_msgs/msg
[29.652s] -- Up-to-date: /home/aggregator/ros2_ws/install/realsense2_camera_msgs/include/realsense2_camera_msgs/msg/detail
[29.652s] -- Installing: /home/aggregator/ros2_ws/install/realsense2_camera_msgs/include/realsense2_camera_msgs/msg/detail/imu_info__rosidl_typesupport_introspection_cpp.hpp
[29.653s] -- Installing: /home/aggregator/ros2_ws/install/realsense2_camera_msgs/include/realsense2_camera_msgs/msg/detail/extrinsics__rosidl_typesupport_introspection_cpp.hpp
[29.653s] -- Installing: /home/aggregator/ros2_ws/install/realsense2_camera_msgs/include/realsense2_camera_msgs/msg/detail/extrinsics__type_support.cpp
[29.653s] -- Installing: /home/aggregator/ros2_ws/install/realsense2_camera_msgs/include/realsense2_camera_msgs/msg/detail/metadata__rosidl_typesupport_introspection_cpp.hpp
[29.653s] -- Installing: /home/aggregator/ros2_ws/install/realsense2_camera_msgs/include/realsense2_camera_msgs/msg/detail/imu_info__type_support.cpp
[29.653s] -- Installing: /home/aggregator/ros2_ws/install/realsense2_camera_msgs/include/realsense2_camera_msgs/msg/detail/metadata__type_support.cpp
[29.654s] -- Up-to-date: /home/aggregator/ros2_ws/install/realsense2_camera_msgs/include/realsense2_camera_msgs/srv
[29.654s] -- Up-to-date: /home/aggregator/ros2_ws/install/realsense2_camera_msgs/include/realsense2_camera_msgs/srv/detail
[29.654s] -- Installing: /home/aggregator/ros2_ws/install/realsense2_camera_msgs/include/realsense2_camera_msgs/srv/detail/device_info__type_support.cpp
[29.654s] -- Installing: /home/aggregator/ros2_ws/install/realsense2_camera_msgs/include/realsense2_camera_msgs/srv/detail/device_info__rosidl_typesupport_introspection_cpp.hpp
[29.654s] -- Installing: /home/aggregator/ros2_ws/install/realsense2_camera_msgs/lib/librealsense2_camera_msgs__rosidl_typesupport_introspection_cpp.so
[29.655s] -- Set runtime path of "/home/aggregator/ros2_ws/install/realsense2_camera_msgs/lib/librealsense2_camera_msgs__rosidl_typesupport_introspection_cpp.so" to ""
[29.655s] -- Installing: /home/aggregator/ros2_ws/install/realsense2_camera_msgs/lib/librealsense2_camera_msgs__rosidl_typesupport_cpp.so
[29.655s] -- Set runtime path of "/home/aggregator/ros2_ws/install/realsense2_camera_msgs/lib/librealsense2_camera_msgs__rosidl_typesupport_cpp.so" to ""
[29.655s] -- Installing: /home/aggregator/ros2_ws/install/realsense2_camera_msgs/share/realsense2_camera_msgs/environment/pythonpath.sh
[29.656s] -- Installing: /home/aggregator/ros2_ws/install/realsense2_camera_msgs/share/realsense2_camera_msgs/environment/pythonpath.dsv
[29.656s] -- Installing: /home/aggregator/ros2_ws/install/realsense2_camera_msgs/lib/python3.8/site-packages/realsense2_camera_msgs/__init__.py
[29.770s] Compiling '/home/aggregator/ros2_ws/install/realsense2_camera_msgs/lib/python3.8/site-packages/realsense2_camera_msgs/__init__.py'...
[29.785s] -- Installing: /home/aggregator/ros2_ws/install/realsense2_camera_msgs/lib/python3.8/site-packages/realsense2_camera_msgs/msg
[29.785s] -- Installing: /home/aggregator/ros2_ws/install/realsense2_camera_msgs/lib/python3.8/site-packages/realsense2_camera_msgs/msg/_metadata_s.c
[29.785s] -- Installing: /home/aggregator/ros2_ws/install/realsense2_camera_msgs/lib/python3.8/site-packages/realsense2_camera_msgs/msg/_metadata.py
[29.786s] -- Installing: /home/aggregator/ros2_ws/install/realsense2_camera_msgs/lib/python3.8/site-packages/realsense2_camera_msgs/msg/__init__.py
[29.786s] -- Installing: /home/aggregator/ros2_ws/install/realsense2_camera_msgs/lib/python3.8/site-packages/realsense2_camera_msgs/msg/_imu_info.py
[29.786s] -- Installing: /home/aggregator/ros2_ws/install/realsense2_camera_msgs/lib/python3.8/site-packages/realsense2_camera_msgs/msg/_extrinsics.py
[29.787s] -- Installing: /home/aggregator/ros2_ws/install/realsense2_camera_msgs/lib/python3.8/site-packages/realsense2_camera_msgs/msg/_extrinsics_s.c
[29.787s] -- Installing: /home/aggregator/ros2_ws/install/realsense2_camera_msgs/lib/python3.8/site-packages/realsense2_camera_msgs/msg/_imu_info_s.c
[29.787s] -- Installing: /home/aggregator/ros2_ws/install/realsense2_camera_msgs/lib/python3.8/site-packages/realsense2_camera_msgs/srv
[29.787s] -- Installing: /home/aggregator/ros2_ws/install/realsense2_camera_msgs/lib/python3.8/site-packages/realsense2_camera_msgs/srv/__init__.py
[29.788s] -- Installing: /home/aggregator/ros2_ws/install/realsense2_camera_msgs/lib/python3.8/site-packages/realsense2_camera_msgs/srv/_device_info_s.c
[29.788s] -- Installing: /home/aggregator/ros2_ws/install/realsense2_camera_msgs/lib/python3.8/site-packages/realsense2_camera_msgs/srv/_device_info.py
[29.788s] -- Installing: /home/aggregator/ros2_ws/install/realsense2_camera_msgs/lib/python3.8/site-packages/realsense2_camera_msgs/realsense2_camera_msgs_s__rosidl_typesupport_fastrtps_c.cpython-38-x86_64-linux-gnu.so
[29.789s] -- Set runtime path of "/home/aggregator/ros2_ws/install/realsense2_camera_msgs/lib/python3.8/site-packages/realsense2_camera_msgs/realsense2_camera_msgs_s__rosidl_typesupport_fastrtps_c.cpython-38-x86_64-linux-gnu.so" to ""
[29.789s] -- Installing: /home/aggregator/ros2_ws/install/realsense2_camera_msgs/lib/python3.8/site-packages/realsense2_camera_msgs/realsense2_camera_msgs_s__rosidl_typesupport_introspection_c.cpython-38-x86_64-linux-gnu.so
[29.790s] -- Set runtime path of "/home/aggregator/ros2_ws/install/realsense2_camera_msgs/lib/python3.8/site-packages/realsense2_camera_msgs/realsense2_camera_msgs_s__rosidl_typesupport_introspection_c.cpython-38-x86_64-linux-gnu.so" to ""
[29.791s] -- Installing: /home/aggregator/ros2_ws/install/realsense2_camera_msgs/lib/python3.8/site-packages/realsense2_camera_msgs/realsense2_camera_msgs_s__rosidl_typesupport_c.cpython-38-x86_64-linux-gnu.so
[29.792s] -- Set runtime path of "/home/aggregator/ros2_ws/install/realsense2_camera_msgs/lib/python3.8/site-packages/realsense2_camera_msgs/realsense2_camera_msgs_s__rosidl_typesupport_c.cpython-38-x86_64-linux-gnu.so" to ""
[29.793s] -- Installing: /home/aggregator/ros2_ws/install/realsense2_camera_msgs/lib/librealsense2_camera_msgs__python.so
[29.794s] -- Set runtime path of "/home/aggregator/ros2_ws/install/realsense2_camera_msgs/lib/librealsense2_camera_msgs__python.so" to ""
[29.794s] -- Installing: /home/aggregator/ros2_ws/install/realsense2_camera_msgs/share/realsense2_camera_msgs/msg/IMUInfo.idl
[29.795s] -- Installing: /home/aggregator/ros2_ws/install/realsense2_camera_msgs/share/realsense2_camera_msgs/msg/Extrinsics.idl
[29.795s] -- Installing: /home/aggregator/ros2_ws/install/realsense2_camera_msgs/share/realsense2_camera_msgs/msg/Metadata.idl
[29.795s] -- Installing: /home/aggregator/ros2_ws/install/realsense2_camera_msgs/share/realsense2_camera_msgs/srv/DeviceInfo.idl
[29.796s] -- Installing: /home/aggregator/ros2_ws/install/realsense2_camera_msgs/share/realsense2_camera_msgs/msg/IMUInfo.msg
[29.796s] -- Installing: /home/aggregator/ros2_ws/install/realsense2_camera_msgs/share/realsense2_camera_msgs/msg/Extrinsics.msg
[29.797s] -- Installing: /home/aggregator/ros2_ws/install/realsense2_camera_msgs/share/realsense2_camera_msgs/msg/Metadata.msg
[29.797s] -- Installing: /home/aggregator/ros2_ws/install/realsense2_camera_msgs/share/realsense2_camera_msgs/srv/DeviceInfo.srv
[29.797s] -- Installing: /home/aggregator/ros2_ws/install/realsense2_camera_msgs/share/realsense2_camera_msgs/srv/DeviceInfo_Request.msg
[29.798s] -- Installing: /home/aggregator/ros2_ws/install/realsense2_camera_msgs/share/realsense2_camera_msgs/srv/DeviceInfo_Response.msg
[29.798s] -- Installing: /home/aggregator/ros2_ws/install/realsense2_camera_msgs/share/ament_index/resource_index/package_run_dependencies/realsense2_camera_msgs
[29.798s] -- Installing: /home/aggregator/ros2_ws/install/realsense2_camera_msgs/share/ament_index/resource_index/parent_prefix_path/realsense2_camera_msgs
[29.799s] -- Installing: /home/aggregator/ros2_ws/install/realsense2_camera_msgs/share/realsense2_camera_msgs/environment/ament_prefix_path.sh
[29.799s] -- Installing: /home/aggregator/ros2_ws/install/realsense2_camera_msgs/share/realsense2_camera_msgs/environment/ament_prefix_path.dsv
[29.799s] -- Installing: /home/aggregator/ros2_ws/install/realsense2_camera_msgs/share/realsense2_camera_msgs/environment/path.sh
[29.800s] -- Installing: /home/aggregator/ros2_ws/install/realsense2_camera_msgs/share/realsense2_camera_msgs/environment/path.dsv
[29.800s] -- Installing: /home/aggregator/ros2_ws/install/realsense2_camera_msgs/share/realsense2_camera_msgs/local_setup.bash
[29.800s] -- Installing: /home/aggregator/ros2_ws/install/realsense2_camera_msgs/share/realsense2_camera_msgs/local_setup.sh
[29.801s] -- Installing: /home/aggregator/ros2_ws/install/realsense2_camera_msgs/share/realsense2_camera_msgs/local_setup.zsh
[29.801s] -- Installing: /home/aggregator/ros2_ws/install/realsense2_camera_msgs/share/realsense2_camera_msgs/local_setup.dsv
[29.801s] -- Installing: /home/aggregator/ros2_ws/install/realsense2_camera_msgs/share/realsense2_camera_msgs/package.dsv
[29.802s] -- Installing: /home/aggregator/ros2_ws/install/realsense2_camera_msgs/share/ament_index/resource_index/packages/realsense2_camera_msgs
[29.802s] -- Installing: /home/aggregator/ros2_ws/install/realsense2_camera_msgs/share/realsense2_camera_msgs/cmake/realsense2_camera_msgs__rosidl_generator_cExport.cmake
[29.802s] -- Installing: /home/aggregator/ros2_ws/install/realsense2_camera_msgs/share/realsense2_camera_msgs/cmake/realsense2_camera_msgs__rosidl_generator_cExport-noconfig.cmake
[29.803s] -- Installing: /home/aggregator/ros2_ws/install/realsense2_camera_msgs/share/realsense2_camera_msgs/cmake/realsense2_camera_msgs__rosidl_typesupport_introspection_cExport.cmake
[29.803s] -- Installing: /home/aggregator/ros2_ws/install/realsense2_camera_msgs/share/realsense2_camera_msgs/cmake/realsense2_camera_msgs__rosidl_typesupport_introspection_cExport-noconfig.cmake
[29.803s] -- Installing: /home/aggregator/ros2_ws/install/realsense2_camera_msgs/share/realsense2_camera_msgs/cmake/realsense2_camera_msgs__rosidl_typesupport_cExport.cmake
[29.804s] -- Installing: /home/aggregator/ros2_ws/install/realsense2_camera_msgs/share/realsense2_camera_msgs/cmake/realsense2_camera_msgs__rosidl_typesupport_cExport-noconfig.cmake
[29.804s] -- Installing: /home/aggregator/ros2_ws/install/realsense2_camera_msgs/share/realsense2_camera_msgs/cmake/realsense2_camera_msgs__rosidl_generator_cppExport.cmake
[29.805s] -- Installing: /home/aggregator/ros2_ws/install/realsense2_camera_msgs/share/realsense2_camera_msgs/cmake/realsense2_camera_msgs__rosidl_typesupport_introspection_cppExport.cmake
[29.806s] -- Installing: /home/aggregator/ros2_ws/install/realsense2_camera_msgs/share/realsense2_camera_msgs/cmake/realsense2_camera_msgs__rosidl_typesupport_introspection_cppExport-noconfig.cmake
[29.806s] -- Installing: /home/aggregator/ros2_ws/install/realsense2_camera_msgs/share/realsense2_camera_msgs/cmake/realsense2_camera_msgs__rosidl_typesupport_cppExport.cmake
[29.806s] -- Installing: /home/aggregator/ros2_ws/install/realsense2_camera_msgs/share/realsense2_camera_msgs/cmake/realsense2_camera_msgs__rosidl_typesupport_cppExport-noconfig.cmake
[29.807s] -- Installing: /home/aggregator/ros2_ws/install/realsense2_camera_msgs/share/realsense2_camera_msgs/cmake/rosidl_cmake-extras.cmake
[29.807s] -- Installing: /home/aggregator/ros2_ws/install/realsense2_camera_msgs/share/realsense2_camera_msgs/cmake/ament_cmake_export_dependencies-extras.cmake
[29.807s] -- Installing: /home/aggregator/ros2_ws/install/realsense2_camera_msgs/share/realsense2_camera_msgs/cmake/ament_cmake_export_libraries-extras.cmake
[29.808s] -- Installing: /home/aggregator/ros2_ws/install/realsense2_camera_msgs/share/realsense2_camera_msgs/cmake/ament_cmake_export_targets-extras.cmake
[29.808s] -- Installing: /home/aggregator/ros2_ws/install/realsense2_camera_msgs/share/realsense2_camera_msgs/cmake/ament_cmake_export_include_directories-extras.cmake
[29.808s] -- Installing: /home/aggregator/ros2_ws/install/realsense2_camera_msgs/share/realsense2_camera_msgs/cmake/rosidl_cmake_export_typesupport_libraries-extras.cmake
[29.809s] -- Installing: /home/aggregator/ros2_ws/install/realsense2_camera_msgs/share/realsense2_camera_msgs/cmake/rosidl_cmake_export_typesupport_targets-extras.cmake
[29.809s] -- Installing: /home/aggregator/ros2_ws/install/realsense2_camera_msgs/share/realsense2_camera_msgs/cmake/realsense2_camera_msgsConfig.cmake
[29.809s] -- Installing: /home/aggregator/ros2_ws/install/realsense2_camera_msgs/share/realsense2_camera_msgs/cmake/realsense2_camera_msgsConfig-version.cmake
[29.809s] -- Installing: /home/aggregator/ros2_ws/install/realsense2_camera_msgs/share/realsense2_camera_msgs/package.xml
[29.820s] Invoked command in '/home/aggregator/ros2_ws/build/realsense2_camera_msgs' returned '0': CMAKE_PREFIX_PATH=/opt/ros/foxy /usr/bin/cmake --install /home/aggregator/ros2_ws/build/realsense2_camera_msgs
