running develop
Removing /home/aggregator/ros2_ws/install/perception_navigation/lib/python3.8/site-packages/perception-navigation.egg-link (link to .)
running egg_info
writing ../../build/perception_navigation/perception_navigation.egg-info/PKG-INFO
writing dependency_links to ../../build/perception_navigation/perception_navigation.egg-info/dependency_links.txt
writing entry points to ../../build/perception_navigation/perception_navigation.egg-info/entry_points.txt
writing requirements to ../../build/perception_navigation/perception_navigation.egg-info/requires.txt
writing top-level names to ../../build/perception_navigation/perception_navigation.egg-info/top_level.txt
reading manifest file '../../build/perception_navigation/perception_navigation.egg-info/SOURCES.txt'
writing manifest file '../../build/perception_navigation/perception_navigation.egg-info/SOURCES.txt'
running build
running build_py
copying perception_navigation/intel_image_subber.py -> /home/aggregator/ros2_ws/build/perception_navigation/build/lib/perception_navigation
running install
running install_lib
creating /home/aggregator/ros2_ws/install/perception_navigation/lib/python3.8/site-packages/perception_navigation
copying /home/aggregator/ros2_ws/build/perception_navigation/build/lib/perception_navigation/intel_image_subber.py -> /home/aggregator/ros2_ws/install/perception_navigation/lib/python3.8/site-packages/perception_navigation
copying /home/aggregator/ros2_ws/build/perception_navigation/build/lib/perception_navigation/__init__.py -> /home/aggregator/ros2_ws/install/perception_navigation/lib/python3.8/site-packages/perception_navigation
byte-compiling /home/aggregator/ros2_ws/install/perception_navigation/lib/python3.8/site-packages/perception_navigation/intel_image_subber.py to intel_image_subber.cpython-38.pyc
byte-compiling /home/aggregator/ros2_ws/install/perception_navigation/lib/python3.8/site-packages/perception_navigation/__init__.py to __init__.cpython-38.pyc
running install_data
running install_egg_info
Copying ../../build/perception_navigation/perception_navigation.egg-info to /home/aggregator/ros2_ws/install/perception_navigation/lib/python3.8/site-packages/perception_navigation-0.0.0-py3.8.egg-info
running install_scripts
Installing intel_image_subber script to /home/aggregator/ros2_ws/install/perception_navigation/lib/perception_navigation
writing list of installed files to '/home/aggregator/ros2_ws/build/perception_navigation/install.log'
