[2.005s] DEBUG:colcon:Command line arguments: ['/usr/local/bin/colcon', 'build', '--symlink-install']
[2.005s] DEBUG:colcon:Parsed command line arguments: Namespace(allow_overriding=[], ament_cmake_args=None, base_paths=['.'], build_base='build', catkin_cmake_args=None, catkin_skip_building_tests=False, cmake_args=None, cmake_clean_cache=False, cmake_clean_first=False, cmake_force_configure=False, cmake_target=None, cmake_target_skip_unavailable=False, continue_on_error=False, event_handlers=None, executor='parallel', ignore_user_meta=False, install_base='install', log_base=None, log_level=None, main=<bound method BuildVerb.main of <colcon_core.verb.build.BuildVerb object at 0x7fa58efc4fd0>>, merge_install=False, metas=['./colcon.meta'], packages_above=None, packages_above_and_dependencies=None, packages_above_depth=None, packages_end=None, packages_ignore=None, packages_ignore_regex=None, packages_select=None, packages_select_build_failed=False, packages_select_by_dep=None, packages_select_regex=None, packages_select_test_failures=False, packages_skip=None, packages_skip_build_finished=False, packages_skip_by_dep=None, packages_skip_regex=None, packages_skip_test_passed=False, packages_skip_up_to=None, packages_start=None, packages_up_to=None, packages_up_to_regex=None, parallel_workers=2, paths=None, symlink_install=True, test_result_base=None, verb_extension=<colcon_core.verb.build.BuildVerb object at 0x7fa58efc4fd0>, verb_name='build', verb_parser=<colcon_defaults.argument_parser.defaults.DefaultArgumentsDecorator object at 0x7fa58efd0490>)
[2.062s] Level 1:colcon.colcon_core.package_discovery:discover_packages(colcon_meta) check parameters
[2.062s] Level 1:colcon.colcon_core.package_discovery:discover_packages(recursive) check parameters
[2.062s] Level 1:colcon.colcon_core.package_discovery:discover_packages(ignore) check parameters
[2.062s] Level 1:colcon.colcon_core.package_discovery:discover_packages(path) check parameters
[2.062s] Level 1:colcon.colcon_core.package_discovery:discover_packages(colcon_meta) discover
[2.063s] Level 1:colcon.colcon_core.package_discovery:discover_packages(recursive) discover
[2.063s] INFO:colcon.colcon_core.package_discovery:Crawling recursively for packages in '/home/aggregator/ros2_ws'
[2.063s] Level 1:colcon.colcon_core.package_identification:_identify(.) by extensions ['ignore', 'ignore_ament_install']
[2.064s] Level 1:colcon.colcon_core.package_identification:_identify(.) by extension 'ignore'
[2.064s] Level 1:colcon.colcon_core.package_identification:_identify(.) by extension 'ignore_ament_install'
[2.064s] Level 1:colcon.colcon_core.package_identification:_identify(.) by extensions ['colcon_pkg']
[2.064s] Level 1:colcon.colcon_core.package_identification:_identify(.) by extension 'colcon_pkg'
[2.064s] Level 1:colcon.colcon_core.package_identification:_identify(.) by extensions ['colcon_meta']
[2.064s] Level 1:colcon.colcon_core.package_identification:_identify(.) by extension 'colcon_meta'
[2.065s] Level 1:colcon.colcon_core.package_identification:_identify(.) by extensions ['ros']
[2.065s] Level 1:colcon.colcon_core.package_identification:_identify(.) by extension 'ros'
[2.131s] Level 1:colcon.colcon_core.package_identification:_identify(.) by extensions ['cmake', 'python']
[2.131s] Level 1:colcon.colcon_core.package_identification:_identify(.) by extension 'cmake'
[2.131s] Level 1:colcon.colcon_core.package_identification:_identify(.) by extension 'python'
[2.131s] Level 1:colcon.colcon_core.package_identification:_identify(.) by extensions ['python_setup_py']
[2.132s] Level 1:colcon.colcon_core.package_identification:_identify(.) by extension 'python_setup_py'
[2.132s] Level 1:colcon.colcon_core.package_identification:_identify(build) by extensions ['ignore', 'ignore_ament_install']
[2.132s] Level 1:colcon.colcon_core.package_identification:_identify(build) by extension 'ignore'
[2.133s] Level 1:colcon.colcon_core.package_identification:_identify(build) ignored
[2.133s] Level 1:colcon.colcon_core.package_identification:_identify(install) by extensions ['ignore', 'ignore_ament_install']
[2.133s] Level 1:colcon.colcon_core.package_identification:_identify(install) by extension 'ignore'
[2.134s] Level 1:colcon.colcon_core.package_identification:_identify(install) ignored
[2.134s] Level 1:colcon.colcon_core.package_identification:_identify(log) by extensions ['ignore', 'ignore_ament_install']
[2.134s] Level 1:colcon.colcon_core.package_identification:_identify(log) by extension 'ignore'
[2.135s] Level 1:colcon.colcon_core.package_identification:_identify(log) ignored
[2.135s] Level 1:colcon.colcon_core.package_identification:_identify(src) by extensions ['ignore', 'ignore_ament_install']
[2.135s] Level 1:colcon.colcon_core.package_identification:_identify(src) by extension 'ignore'
[2.135s] Level 1:colcon.colcon_core.package_identification:_identify(src) by extension 'ignore_ament_install'
[2.135s] Level 1:colcon.colcon_core.package_identification:_identify(src) by extensions ['colcon_pkg']
[2.136s] Level 1:colcon.colcon_core.package_identification:_identify(src) by extension 'colcon_pkg'
[2.136s] Level 1:colcon.colcon_core.package_identification:_identify(src) by extensions ['colcon_meta']
[2.136s] Level 1:colcon.colcon_core.package_identification:_identify(src) by extension 'colcon_meta'
[2.136s] Level 1:colcon.colcon_core.package_identification:_identify(src) by extensions ['ros']
[2.136s] Level 1:colcon.colcon_core.package_identification:_identify(src) by extension 'ros'
[2.136s] Level 1:colcon.colcon_core.package_identification:_identify(src) by extensions ['cmake', 'python']
[2.137s] Level 1:colcon.colcon_core.package_identification:_identify(src) by extension 'cmake'
[2.137s] Level 1:colcon.colcon_core.package_identification:_identify(src) by extension 'python'
[2.137s] Level 1:colcon.colcon_core.package_identification:_identify(src) by extensions ['python_setup_py']
[2.137s] Level 1:colcon.colcon_core.package_identification:_identify(src) by extension 'python_setup_py'
[2.137s] Level 1:colcon.colcon_core.package_identification:_identify(src/py_pubsub) by extensions ['ignore', 'ignore_ament_install']
[2.138s] Level 1:colcon.colcon_core.package_identification:_identify(src/py_pubsub) by extension 'ignore'
[2.138s] Level 1:colcon.colcon_core.package_identification:_identify(src/py_pubsub) by extension 'ignore_ament_install'
[2.138s] Level 1:colcon.colcon_core.package_identification:_identify(src/py_pubsub) by extensions ['colcon_pkg']
[2.138s] Level 1:colcon.colcon_core.package_identification:_identify(src/py_pubsub) by extension 'colcon_pkg'
[2.138s] Level 1:colcon.colcon_core.package_identification:_identify(src/py_pubsub) by extensions ['colcon_meta']
[2.138s] Level 1:colcon.colcon_core.package_identification:_identify(src/py_pubsub) by extension 'colcon_meta'
[2.139s] Level 1:colcon.colcon_core.package_identification:_identify(src/py_pubsub) by extensions ['ros']
[2.139s] Level 1:colcon.colcon_core.package_identification:_identify(src/py_pubsub) by extension 'ros'
[2.147s] DEBUG:colcon.colcon_core.package_identification:Package 'src/py_pubsub' with type 'ros.ament_python' and name 'py_pubsub'
[2.147s] Level 1:colcon.colcon_core.package_identification:_identify(src/realsense-ros) by extensions ['ignore', 'ignore_ament_install']
[2.148s] Level 1:colcon.colcon_core.package_identification:_identify(src/realsense-ros) by extension 'ignore'
[2.148s] Level 1:colcon.colcon_core.package_identification:_identify(src/realsense-ros) by extension 'ignore_ament_install'
[2.148s] Level 1:colcon.colcon_core.package_identification:_identify(src/realsense-ros) by extensions ['colcon_pkg']
[2.148s] Level 1:colcon.colcon_core.package_identification:_identify(src/realsense-ros) by extension 'colcon_pkg'
[2.149s] Level 1:colcon.colcon_core.package_identification:_identify(src/realsense-ros) by extensions ['colcon_meta']
[2.149s] Level 1:colcon.colcon_core.package_identification:_identify(src/realsense-ros) by extension 'colcon_meta'
[2.149s] Level 1:colcon.colcon_core.package_identification:_identify(src/realsense-ros) by extensions ['ros']
[2.149s] Level 1:colcon.colcon_core.package_identification:_identify(src/realsense-ros) by extension 'ros'
[2.149s] Level 1:colcon.colcon_core.package_identification:_identify(src/realsense-ros) by extensions ['cmake', 'python']
[2.149s] Level 1:colcon.colcon_core.package_identification:_identify(src/realsense-ros) by extension 'cmake'
[2.150s] Level 1:colcon.colcon_core.package_identification:_identify(src/realsense-ros) by extension 'python'
[2.150s] Level 1:colcon.colcon_core.package_identification:_identify(src/realsense-ros) by extensions ['python_setup_py']
[2.150s] Level 1:colcon.colcon_core.package_identification:_identify(src/realsense-ros) by extension 'python_setup_py'
[2.150s] Level 1:colcon.colcon_core.package_identification:_identify(src/realsense-ros/realsense2_camera) by extensions ['ignore', 'ignore_ament_install']
[2.151s] Level 1:colcon.colcon_core.package_identification:_identify(src/realsense-ros/realsense2_camera) by extension 'ignore'
[2.151s] Level 1:colcon.colcon_core.package_identification:_identify(src/realsense-ros/realsense2_camera) by extension 'ignore_ament_install'
[2.151s] Level 1:colcon.colcon_core.package_identification:_identify(src/realsense-ros/realsense2_camera) by extensions ['colcon_pkg']
[2.151s] Level 1:colcon.colcon_core.package_identification:_identify(src/realsense-ros/realsense2_camera) by extension 'colcon_pkg'
[2.151s] Level 1:colcon.colcon_core.package_identification:_identify(src/realsense-ros/realsense2_camera) by extensions ['colcon_meta']
[2.151s] Level 1:colcon.colcon_core.package_identification:_identify(src/realsense-ros/realsense2_camera) by extension 'colcon_meta'
[2.152s] Level 1:colcon.colcon_core.package_identification:_identify(src/realsense-ros/realsense2_camera) by extensions ['ros']
[2.152s] Level 1:colcon.colcon_core.package_identification:_identify(src/realsense-ros/realsense2_camera) by extension 'ros'
[2.158s] DEBUG:colcon.colcon_core.package_identification:Package 'src/realsense-ros/realsense2_camera' with type 'ros.ament_cmake' and name 'realsense2_camera'
[2.159s] Level 1:colcon.colcon_core.package_identification:_identify(src/realsense-ros/realsense2_camera_msgs) by extensions ['ignore', 'ignore_ament_install']
[2.159s] Level 1:colcon.colcon_core.package_identification:_identify(src/realsense-ros/realsense2_camera_msgs) by extension 'ignore'
[2.159s] Level 1:colcon.colcon_core.package_identification:_identify(src/realsense-ros/realsense2_camera_msgs) by extension 'ignore_ament_install'
[2.160s] Level 1:colcon.colcon_core.package_identification:_identify(src/realsense-ros/realsense2_camera_msgs) by extensions ['colcon_pkg']
[2.160s] Level 1:colcon.colcon_core.package_identification:_identify(src/realsense-ros/realsense2_camera_msgs) by extension 'colcon_pkg'
[2.160s] Level 1:colcon.colcon_core.package_identification:_identify(src/realsense-ros/realsense2_camera_msgs) by extensions ['colcon_meta']
[2.160s] Level 1:colcon.colcon_core.package_identification:_identify(src/realsense-ros/realsense2_camera_msgs) by extension 'colcon_meta'
[2.160s] Level 1:colcon.colcon_core.package_identification:_identify(src/realsense-ros/realsense2_camera_msgs) by extensions ['ros']
[2.160s] Level 1:colcon.colcon_core.package_identification:_identify(src/realsense-ros/realsense2_camera_msgs) by extension 'ros'
[2.162s] DEBUG:colcon.colcon_core.package_identification:Package 'src/realsense-ros/realsense2_camera_msgs' with type 'ros.ament_cmake' and name 'realsense2_camera_msgs'
[2.163s] Level 1:colcon.colcon_core.package_identification:_identify(src/realsense-ros/realsense2_description) by extensions ['ignore', 'ignore_ament_install']
[2.163s] Level 1:colcon.colcon_core.package_identification:_identify(src/realsense-ros/realsense2_description) by extension 'ignore'
[2.164s] Level 1:colcon.colcon_core.package_identification:_identify(src/realsense-ros/realsense2_description) by extension 'ignore_ament_install'
[2.164s] Level 1:colcon.colcon_core.package_identification:_identify(src/realsense-ros/realsense2_description) by extensions ['colcon_pkg']
[2.164s] Level 1:colcon.colcon_core.package_identification:_identify(src/realsense-ros/realsense2_description) by extension 'colcon_pkg'
[2.164s] Level 1:colcon.colcon_core.package_identification:_identify(src/realsense-ros/realsense2_description) by extensions ['colcon_meta']
[2.164s] Level 1:colcon.colcon_core.package_identification:_identify(src/realsense-ros/realsense2_description) by extension 'colcon_meta'
[2.164s] Level 1:colcon.colcon_core.package_identification:_identify(src/realsense-ros/realsense2_description) by extensions ['ros']
[2.165s] Level 1:colcon.colcon_core.package_identification:_identify(src/realsense-ros/realsense2_description) by extension 'ros'
[2.167s] DEBUG:colcon.colcon_core.package_identification:Package 'src/realsense-ros/realsense2_description' with type 'ros.ament_cmake' and name 'realsense2_description'
[2.168s] Level 1:colcon.colcon_core.package_identification:_identify(src/realsense-ros/scripts) by extensions ['ignore', 'ignore_ament_install']
[2.168s] Level 1:colcon.colcon_core.package_identification:_identify(src/realsense-ros/scripts) by extension 'ignore'
[2.168s] Level 1:colcon.colcon_core.package_identification:_identify(src/realsense-ros/scripts) by extension 'ignore_ament_install'
[2.169s] Level 1:colcon.colcon_core.package_identification:_identify(src/realsense-ros/scripts) by extensions ['colcon_pkg']
[2.169s] Level 1:colcon.colcon_core.package_identification:_identify(src/realsense-ros/scripts) by extension 'colcon_pkg'
[2.169s] Level 1:colcon.colcon_core.package_identification:_identify(src/realsense-ros/scripts) by extensions ['colcon_meta']
[2.169s] Level 1:colcon.colcon_core.package_identification:_identify(src/realsense-ros/scripts) by extension 'colcon_meta'
[2.169s] Level 1:colcon.colcon_core.package_identification:_identify(src/realsense-ros/scripts) by extensions ['ros']
[2.169s] Level 1:colcon.colcon_core.package_identification:_identify(src/realsense-ros/scripts) by extension 'ros'
[2.170s] Level 1:colcon.colcon_core.package_identification:_identify(src/realsense-ros/scripts) by extensions ['cmake', 'python']
[2.170s] Level 1:colcon.colcon_core.package_identification:_identify(src/realsense-ros/scripts) by extension 'cmake'
[2.170s] Level 1:colcon.colcon_core.package_identification:_identify(src/realsense-ros/scripts) by extension 'python'
[2.170s] Level 1:colcon.colcon_core.package_identification:_identify(src/realsense-ros/scripts) by extensions ['python_setup_py']
[2.170s] Level 1:colcon.colcon_core.package_identification:_identify(src/realsense-ros/scripts) by extension 'python_setup_py'
[2.170s] Level 1:colcon.colcon_core.package_discovery:discover_packages(recursive) using defaults
[2.171s] Level 1:colcon.colcon_core.package_discovery:discover_packages(ignore) discover
[2.171s] Level 1:colcon.colcon_core.package_discovery:discover_packages(ignore) using defaults
[2.171s] Level 1:colcon.colcon_core.package_discovery:discover_packages(path) discover
[2.171s] Level 1:colcon.colcon_core.package_discovery:discover_packages(path) using defaults
[2.321s] Level 1:colcon.colcon_core.package_discovery:discover_packages(prefix_path) check parameters
[2.321s] Level 1:colcon.colcon_core.package_discovery:discover_packages(prefix_path) discover
[2.339s] Level 1:colcon.colcon_core.package_discovery:discover_packages(prefix_path) using defaults
[2.371s] Level 5:colcon.colcon_core.verb:set package 'py_pubsub' build argument 'cmake_args' from command line to 'None'
[2.371s] Level 5:colcon.colcon_core.verb:set package 'py_pubsub' build argument 'cmake_target' from command line to 'None'
[2.371s] Level 5:colcon.colcon_core.verb:set package 'py_pubsub' build argument 'cmake_target_skip_unavailable' from command line to 'False'
[2.371s] Level 5:colcon.colcon_core.verb:set package 'py_pubsub' build argument 'cmake_clean_cache' from command line to 'False'
[2.371s] Level 5:colcon.colcon_core.verb:set package 'py_pubsub' build argument 'cmake_clean_first' from command line to 'False'
[2.371s] Level 5:colcon.colcon_core.verb:set package 'py_pubsub' build argument 'cmake_force_configure' from command line to 'False'
[2.371s] Level 5:colcon.colcon_core.verb:set package 'py_pubsub' build argument 'ament_cmake_args' from command line to 'None'
[2.371s] Level 5:colcon.colcon_core.verb:set package 'py_pubsub' build argument 'catkin_cmake_args' from command line to 'None'
[2.371s] Level 5:colcon.colcon_core.verb:set package 'py_pubsub' build argument 'catkin_skip_building_tests' from command line to 'False'
[2.372s] DEBUG:colcon.colcon_core.verb:Building package 'py_pubsub' with the following arguments: {'ament_cmake_args': None, 'build_base': '/home/aggregator/ros2_ws/build/py_pubsub', 'catkin_cmake_args': None, 'catkin_skip_building_tests': False, 'cmake_args': None, 'cmake_clean_cache': False, 'cmake_clean_first': False, 'cmake_force_configure': False, 'cmake_target': None, 'cmake_target_skip_unavailable': False, 'install_base': '/home/aggregator/ros2_ws/install/py_pubsub', 'merge_install': False, 'path': '/home/aggregator/ros2_ws/src/py_pubsub', 'symlink_install': True, 'test_result_base': None}
[2.398s] Level 5:colcon.colcon_core.verb:set package 'realsense2_camera_msgs' build argument 'cmake_args' from command line to 'None'
[2.398s] Level 5:colcon.colcon_core.verb:set package 'realsense2_camera_msgs' build argument 'cmake_target' from command line to 'None'
[2.398s] Level 5:colcon.colcon_core.verb:set package 'realsense2_camera_msgs' build argument 'cmake_target_skip_unavailable' from command line to 'False'
[2.398s] Level 5:colcon.colcon_core.verb:set package 'realsense2_camera_msgs' build argument 'cmake_clean_cache' from command line to 'False'
[2.398s] Level 5:colcon.colcon_core.verb:set package 'realsense2_camera_msgs' build argument 'cmake_clean_first' from command line to 'False'
[2.398s] Level 5:colcon.colcon_core.verb:set package 'realsense2_camera_msgs' build argument 'cmake_force_configure' from command line to 'False'
[2.398s] Level 5:colcon.colcon_core.verb:set package 'realsense2_camera_msgs' build argument 'ament_cmake_args' from command line to 'None'
[2.399s] Level 5:colcon.colcon_core.verb:set package 'realsense2_camera_msgs' build argument 'catkin_cmake_args' from command line to 'None'
[2.399s] Level 5:colcon.colcon_core.verb:set package 'realsense2_camera_msgs' build argument 'catkin_skip_building_tests' from command line to 'False'
[2.399s] DEBUG:colcon.colcon_core.verb:Building package 'realsense2_camera_msgs' with the following arguments: {'ament_cmake_args': None, 'build_base': '/home/aggregator/ros2_ws/build/realsense2_camera_msgs', 'catkin_cmake_args': None, 'catkin_skip_building_tests': False, 'cmake_args': None, 'cmake_clean_cache': False, 'cmake_clean_first': False, 'cmake_force_configure': False, 'cmake_target': None, 'cmake_target_skip_unavailable': False, 'install_base': '/home/aggregator/ros2_ws/install/realsense2_camera_msgs', 'merge_install': False, 'path': '/home/aggregator/ros2_ws/src/realsense-ros/realsense2_camera_msgs', 'symlink_install': True, 'test_result_base': None}
[2.423s] Level 5:colcon.colcon_core.verb:set package 'realsense2_camera' build argument 'cmake_args' from command line to 'None'
[2.424s] Level 5:colcon.colcon_core.verb:set package 'realsense2_camera' build argument 'cmake_target' from command line to 'None'
[2.424s] Level 5:colcon.colcon_core.verb:set package 'realsense2_camera' build argument 'cmake_target_skip_unavailable' from command line to 'False'
[2.424s] Level 5:colcon.colcon_core.verb:set package 'realsense2_camera' build argument 'cmake_clean_cache' from command line to 'False'
[2.424s] Level 5:colcon.colcon_core.verb:set package 'realsense2_camera' build argument 'cmake_clean_first' from command line to 'False'
[2.424s] Level 5:colcon.colcon_core.verb:set package 'realsense2_camera' build argument 'cmake_force_configure' from command line to 'False'
[2.424s] Level 5:colcon.colcon_core.verb:set package 'realsense2_camera' build argument 'ament_cmake_args' from command line to 'None'
[2.424s] Level 5:colcon.colcon_core.verb:set package 'realsense2_camera' build argument 'catkin_cmake_args' from command line to 'None'
[2.424s] Level 5:colcon.colcon_core.verb:set package 'realsense2_camera' build argument 'catkin_skip_building_tests' from command line to 'False'
[2.424s] DEBUG:colcon.colcon_core.verb:Building package 'realsense2_camera' with the following arguments: {'ament_cmake_args': None, 'build_base': '/home/aggregator/ros2_ws/build/realsense2_camera', 'catkin_cmake_args': None, 'catkin_skip_building_tests': False, 'cmake_args': None, 'cmake_clean_cache': False, 'cmake_clean_first': False, 'cmake_force_configure': False, 'cmake_target': None, 'cmake_target_skip_unavailable': False, 'install_base': '/home/aggregator/ros2_ws/install/realsense2_camera', 'merge_install': False, 'path': '/home/aggregator/ros2_ws/src/realsense-ros/realsense2_camera', 'symlink_install': True, 'test_result_base': None}
[2.450s] Level 5:colcon.colcon_core.verb:set package 'realsense2_description' build argument 'cmake_args' from command line to 'None'
[2.451s] Level 5:colcon.colcon_core.verb:set package 'realsense2_description' build argument 'cmake_target' from command line to 'None'
[2.451s] Level 5:colcon.colcon_core.verb:set package 'realsense2_description' build argument 'cmake_target_skip_unavailable' from command line to 'False'
[2.451s] Level 5:colcon.colcon_core.verb:set package 'realsense2_description' build argument 'cmake_clean_cache' from command line to 'False'
[2.451s] Level 5:colcon.colcon_core.verb:set package 'realsense2_description' build argument 'cmake_clean_first' from command line to 'False'
[2.451s] Level 5:colcon.colcon_core.verb:set package 'realsense2_description' build argument 'cmake_force_configure' from command line to 'False'
[2.451s] Level 5:colcon.colcon_core.verb:set package 'realsense2_description' build argument 'ament_cmake_args' from command line to 'None'
[2.451s] Level 5:colcon.colcon_core.verb:set package 'realsense2_description' build argument 'catkin_cmake_args' from command line to 'None'
[2.451s] Level 5:colcon.colcon_core.verb:set package 'realsense2_description' build argument 'catkin_skip_building_tests' from command line to 'False'
[2.451s] DEBUG:colcon.colcon_core.verb:Building package 'realsense2_description' with the following arguments: {'ament_cmake_args': None, 'build_base': '/home/aggregator/ros2_ws/build/realsense2_description', 'catkin_cmake_args': None, 'catkin_skip_building_tests': False, 'cmake_args': None, 'cmake_clean_cache': False, 'cmake_clean_first': False, 'cmake_force_configure': False, 'cmake_target': None, 'cmake_target_skip_unavailable': False, 'install_base': '/home/aggregator/ros2_ws/install/realsense2_description', 'merge_install': False, 'path': '/home/aggregator/ros2_ws/src/realsense-ros/realsense2_description', 'symlink_install': True, 'test_result_base': None}
[2.457s] INFO:colcon.colcon_core.executor:Executing jobs using 'parallel' executor
[2.497s] DEBUG:colcon.colcon_parallel_executor.executor.parallel:run_until_complete
[2.498s] INFO:colcon.colcon_ros.task.ament_cmake.build:Building ROS package in '/home/aggregator/ros2_ws/src/realsense-ros/realsense2_camera_msgs' with build type 'ament_cmake'
[2.499s] INFO:colcon.colcon_cmake.task.cmake.build:Building CMake package in '/home/aggregator/ros2_ws/src/realsense-ros/realsense2_camera_msgs'
[2.575s] INFO:colcon.colcon_core.plugin_system:Skipping extension 'colcon_core.shell.bat': Not used on non-Windows systems
[2.575s] INFO:colcon.colcon_core.shell:Skip shell extension 'powershell' for command environment: Not usable outside of PowerShell
[2.576s] DEBUG:colcon.colcon_core.shell:Skip shell extension 'dsv' for command environment
[2.589s] DEBUG:colcon.colcon_core.shell:Ignoring prefix path '/opt/ros/foxy'
[2.601s] INFO:colcon.colcon_ros.task.ament_python.build:Building ROS package in '/home/aggregator/ros2_ws/src/py_pubsub' with build type 'ament_python'
[2.602s] Level 1:colcon.colcon_core.shell:create_environment_hook('py_pubsub', 'ament_prefix_path')
[2.630s] INFO:colcon.colcon_core.shell:Creating environment hook '/home/aggregator/ros2_ws/install/py_pubsub/share/py_pubsub/hook/ament_prefix_path.ps1'
[2.634s] INFO:colcon.colcon_core.shell:Creating environment descriptor '/home/aggregator/ros2_ws/install/py_pubsub/share/py_pubsub/hook/ament_prefix_path.dsv'
[2.643s] INFO:colcon.colcon_core.shell:Creating environment hook '/home/aggregator/ros2_ws/install/py_pubsub/share/py_pubsub/hook/ament_prefix_path.sh'
[2.672s] INFO:colcon.colcon_core.shell:Skip shell extension 'powershell' for command environment: Not usable outside of PowerShell
[2.672s] DEBUG:colcon.colcon_core.shell:Skip shell extension 'dsv' for command environment
[2.685s] DEBUG:colcon.colcon_core.shell:Ignoring prefix path '/opt/ros/foxy'
[2.716s] DEBUG:colcon.colcon_core.event_handler.log_command:Invoking command in '/home/aggregator/ros2_ws/build/realsense2_camera_msgs': CMAKE_PREFIX_PATH=/opt/ros/foxy /usr/bin/cmake /home/aggregator/ros2_ws/src/realsense-ros/realsense2_camera_msgs -DAMENT_CMAKE_SYMLINK_INSTALL=1 -DCMAKE_INSTALL_PREFIX=/home/aggregator/ros2_ws/install/realsense2_camera_msgs
[3.702s] INFO:colcon.colcon_core.task.python.build:Building Python package in '/home/aggregator/ros2_ws/src/py_pubsub'
[3.722s] INFO:colcon.colcon_core.shell:Skip shell extension 'powershell' for command environment: Not usable outside of PowerShell
[3.723s] DEBUG:colcon.colcon_core.shell:Skip shell extension 'dsv' for command environment
[3.737s] DEBUG:colcon.colcon_core.shell:Ignoring prefix path '/opt/ros/foxy'
[3.762s] DEBUG:colcon.colcon_core.task.python.build:While undoing a previous installation files outside the Python library path are being ignored: /home/aggregator/ros2_ws/install/py_pubsub/share/ament_index/resource_index/packages/py_pubsub
[3.762s] DEBUG:colcon.colcon_core.task.python.build:While undoing a previous installation files outside the Python library path are being ignored: /home/aggregator/ros2_ws/install/py_pubsub/share/py_pubsub/package.xml
[3.764s] DEBUG:colcon.colcon_core.task.python.build:While undoing a previous installation files outside the Python library path are being ignored: /home/aggregator/ros2_ws/install/py_pubsub/lib/py_pubsub/listener
[3.764s] DEBUG:colcon.colcon_core.task.python.build:While undoing a previous installation files outside the Python library path are being ignored: /home/aggregator/ros2_ws/install/py_pubsub/lib/py_pubsub/talker
[3.768s] DEBUG:colcon.colcon_core.event_handler.log_command:Invoking command in '/home/aggregator/ros2_ws/build/py_pubsub': PYTHONPATH=/home/aggregator/ros2_ws/install/py_pubsub/lib/python3.8/site-packages:${PYTHONPATH} /usr/bin/python3 setup.py develop --prefix /home/aggregator/ros2_ws/install/py_pubsub --editable --build-directory /home/aggregator/ros2_ws/build/py_pubsub/build --no-deps install_data --install-dir /home/aggregator/ros2_ws/install/py_pubsub
[6.331s] Level 1:colcon.colcon_core.shell:create_environment_hook('py_pubsub', 'pythonpath_develop')
[6.338s] DEBUG:colcon.colcon_core.event_handler.log_command:Invoked command in '/home/aggregator/ros2_ws/build/py_pubsub' returned '0': PYTHONPATH=/home/aggregator/ros2_ws/install/py_pubsub/lib/python3.8/site-packages:${PYTHONPATH} /usr/bin/python3 setup.py develop --prefix /home/aggregator/ros2_ws/install/py_pubsub --editable --build-directory /home/aggregator/ros2_ws/build/py_pubsub/build --no-deps install_data --install-dir /home/aggregator/ros2_ws/install/py_pubsub
[6.354s] INFO:colcon.colcon_core.shell:Creating environment hook '/home/aggregator/ros2_ws/build/py_pubsub/share/py_pubsub/hook/pythonpath_develop.ps1'
[6.356s] INFO:colcon.colcon_core.shell:Creating environment descriptor '/home/aggregator/ros2_ws/build/py_pubsub/share/py_pubsub/hook/pythonpath_develop.dsv'
[6.358s] INFO:colcon.colcon_core.shell:Creating environment hook '/home/aggregator/ros2_ws/build/py_pubsub/share/py_pubsub/hook/pythonpath_develop.sh'
[6.395s] Level 1:colcon.colcon_core.environment:checking '/home/aggregator/ros2_ws/install/py_pubsub' for CMake module files
[6.397s] Level 1:colcon.colcon_core.environment:checking '/home/aggregator/ros2_ws/install/py_pubsub' for CMake config files
[6.400s] Level 1:colcon.colcon_core.environment:checking '/home/aggregator/ros2_ws/install/py_pubsub/lib'
[6.401s] Level 1:colcon.colcon_core.environment:checking '/home/aggregator/ros2_ws/install/py_pubsub/bin'
[6.402s] Level 1:colcon.colcon_core.environment:checking '/home/aggregator/ros2_ws/install/py_pubsub/lib/pkgconfig/py_pubsub.pc'
[6.402s] Level 1:colcon.colcon_core.environment:checking '/home/aggregator/ros2_ws/install/py_pubsub/lib/python3.8/site-packages'
[6.403s] Level 1:colcon.colcon_core.shell:create_environment_hook('py_pubsub', 'pythonpath')
[6.422s] INFO:colcon.colcon_core.shell:Creating environment hook '/home/aggregator/ros2_ws/install/py_pubsub/share/py_pubsub/hook/pythonpath.ps1'
[6.425s] INFO:colcon.colcon_core.shell:Creating environment descriptor '/home/aggregator/ros2_ws/install/py_pubsub/share/py_pubsub/hook/pythonpath.dsv'
[6.427s] INFO:colcon.colcon_core.shell:Creating environment hook '/home/aggregator/ros2_ws/install/py_pubsub/share/py_pubsub/hook/pythonpath.sh'
[6.429s] Level 1:colcon.colcon_core.environment:create_environment_scripts_only(py_pubsub)
[6.449s] INFO:colcon.colcon_core.shell:Creating package script '/home/aggregator/ros2_ws/install/py_pubsub/share/py_pubsub/package.ps1'
[6.453s] INFO:colcon.colcon_core.shell:Creating package descriptor '/home/aggregator/ros2_ws/install/py_pubsub/share/py_pubsub/package.dsv'
[6.457s] INFO:colcon.colcon_core.shell:Creating package script '/home/aggregator/ros2_ws/install/py_pubsub/share/py_pubsub/package.sh'
[6.462s] INFO:colcon.colcon_core.shell:Creating package script '/home/aggregator/ros2_ws/install/py_pubsub/share/py_pubsub/package.bash'
[6.467s] INFO:colcon.colcon_core.shell:Creating package script '/home/aggregator/ros2_ws/install/py_pubsub/share/py_pubsub/package.zsh'
[6.472s] Level 1:colcon.colcon_core.environment:create_file_with_runtime_dependencies(/home/aggregator/ros2_ws/install/py_pubsub/share/colcon-core/packages/py_pubsub)
[7.397s] DEBUG:colcon.colcon_core.event_handler.log_command:Invoked command in '/home/aggregator/ros2_ws/build/realsense2_camera_msgs' returned '0': CMAKE_PREFIX_PATH=/opt/ros/foxy /usr/bin/cmake /home/aggregator/ros2_ws/src/realsense-ros/realsense2_camera_msgs -DAMENT_CMAKE_SYMLINK_INSTALL=1 -DCMAKE_INSTALL_PREFIX=/home/aggregator/ros2_ws/install/realsense2_camera_msgs
[7.407s] DEBUG:colcon.colcon_core.event_handler.log_command:Invoking command in '/home/aggregator/ros2_ws/build/realsense2_camera_msgs': CMAKE_PREFIX_PATH=/opt/ros/foxy /usr/bin/cmake --build /home/aggregator/ros2_ws/build/realsense2_camera_msgs -- -j2 -l2
[11.052s] DEBUG:colcon.colcon_core.event_handler.log_command:Invoked command in '/home/aggregator/ros2_ws/build/realsense2_camera_msgs' returned '0': CMAKE_PREFIX_PATH=/opt/ros/foxy /usr/bin/cmake --build /home/aggregator/ros2_ws/build/realsense2_camera_msgs -- -j2 -l2
[11.466s] DEBUG:colcon.colcon_core.event_handler.log_command:Invoking command in '/home/aggregator/ros2_ws/build/realsense2_camera_msgs': CMAKE_PREFIX_PATH=/opt/ros/foxy /usr/bin/cmake --install /home/aggregator/ros2_ws/build/realsense2_camera_msgs
[15.149s] Level 1:colcon.colcon_core.environment:create_environment_scripts_only(realsense2_camera_msgs)
[15.156s] DEBUG:colcon.colcon_core.event_handler.log_command:Invoked command in '/home/aggregator/ros2_ws/build/realsense2_camera_msgs' returned '0': CMAKE_PREFIX_PATH=/opt/ros/foxy /usr/bin/cmake --install /home/aggregator/ros2_ws/build/realsense2_camera_msgs
[15.171s] Level 1:colcon.colcon_core.environment:checking '/home/aggregator/ros2_ws/install/realsense2_camera_msgs' for CMake module files
[15.175s] Level 1:colcon.colcon_core.environment:checking '/home/aggregator/ros2_ws/install/realsense2_camera_msgs' for CMake config files
[15.180s] Level 1:colcon.colcon_core.shell:create_environment_hook('realsense2_camera_msgs', 'cmake_prefix_path')
[15.202s] INFO:colcon.colcon_core.shell:Creating environment hook '/home/aggregator/ros2_ws/install/realsense2_camera_msgs/share/realsense2_camera_msgs/hook/cmake_prefix_path.ps1'
[15.204s] INFO:colcon.colcon_core.shell:Creating environment descriptor '/home/aggregator/ros2_ws/install/realsense2_camera_msgs/share/realsense2_camera_msgs/hook/cmake_prefix_path.dsv'
[15.207s] INFO:colcon.colcon_core.shell:Creating environment hook '/home/aggregator/ros2_ws/install/realsense2_camera_msgs/share/realsense2_camera_msgs/hook/cmake_prefix_path.sh'
[15.210s] Level 1:colcon.colcon_core.environment:checking '/home/aggregator/ros2_ws/install/realsense2_camera_msgs/lib'
[15.211s] Level 1:colcon.colcon_core.shell:create_environment_hook('realsense2_camera_msgs', 'ld_library_path_lib')
[15.230s] INFO:colcon.colcon_core.shell:Creating environment hook '/home/aggregator/ros2_ws/install/realsense2_camera_msgs/share/realsense2_camera_msgs/hook/ld_library_path_lib.ps1'
[15.232s] INFO:colcon.colcon_core.shell:Creating environment descriptor '/home/aggregator/ros2_ws/install/realsense2_camera_msgs/share/realsense2_camera_msgs/hook/ld_library_path_lib.dsv'
[15.234s] INFO:colcon.colcon_core.shell:Creating environment hook '/home/aggregator/ros2_ws/install/realsense2_camera_msgs/share/realsense2_camera_msgs/hook/ld_library_path_lib.sh'
[15.236s] Level 1:colcon.colcon_core.environment:checking '/home/aggregator/ros2_ws/install/realsense2_camera_msgs/bin'
[15.237s] Level 1:colcon.colcon_core.environment:checking '/home/aggregator/ros2_ws/install/realsense2_camera_msgs/lib/pkgconfig/realsense2_camera_msgs.pc'
[15.237s] Level 1:colcon.colcon_core.environment:checking '/home/aggregator/ros2_ws/install/realsense2_camera_msgs/lib/python3.8/site-packages'
[15.237s] Level 1:colcon.colcon_core.shell:create_environment_hook('realsense2_camera_msgs', 'pythonpath')
[15.258s] INFO:colcon.colcon_core.shell:Creating environment hook '/home/aggregator/ros2_ws/install/realsense2_camera_msgs/share/realsense2_camera_msgs/hook/pythonpath.ps1'
[15.260s] INFO:colcon.colcon_core.shell:Creating environment descriptor '/home/aggregator/ros2_ws/install/realsense2_camera_msgs/share/realsense2_camera_msgs/hook/pythonpath.dsv'
[15.262s] INFO:colcon.colcon_core.shell:Creating environment hook '/home/aggregator/ros2_ws/install/realsense2_camera_msgs/share/realsense2_camera_msgs/hook/pythonpath.sh'
[15.283s] INFO:colcon.colcon_core.shell:Creating package script '/home/aggregator/ros2_ws/install/realsense2_camera_msgs/share/realsense2_camera_msgs/package.ps1'
[15.285s] INFO:colcon.colcon_core.shell:Creating package descriptor '/home/aggregator/ros2_ws/install/realsense2_camera_msgs/share/realsense2_camera_msgs/package.dsv'
[15.288s] INFO:colcon.colcon_core.shell:Creating package script '/home/aggregator/ros2_ws/install/realsense2_camera_msgs/share/realsense2_camera_msgs/package.sh'
[15.291s] INFO:colcon.colcon_core.shell:Creating package script '/home/aggregator/ros2_ws/install/realsense2_camera_msgs/share/realsense2_camera_msgs/package.bash'
[15.292s] INFO:colcon.colcon_core.shell:Creating package script '/home/aggregator/ros2_ws/install/realsense2_camera_msgs/share/realsense2_camera_msgs/package.zsh'
[15.294s] Level 1:colcon.colcon_core.environment:create_file_with_runtime_dependencies(/home/aggregator/ros2_ws/install/realsense2_camera_msgs/share/colcon-core/packages/realsense2_camera_msgs)
[15.640s] Level 1:colcon.colcon_core.environment:create_environment_scripts_only(realsense2_camera_msgs)
[15.659s] Level 1:colcon.colcon_core.environment:checking '/home/aggregator/ros2_ws/install/realsense2_camera_msgs' for CMake module files
[15.661s] Level 1:colcon.colcon_core.environment:checking '/home/aggregator/ros2_ws/install/realsense2_camera_msgs' for CMake config files
[15.664s] Level 1:colcon.colcon_core.shell:create_environment_hook('realsense2_camera_msgs', 'cmake_prefix_path')
[15.680s] INFO:colcon.colcon_core.shell:Creating environment hook '/home/aggregator/ros2_ws/install/realsense2_camera_msgs/share/realsense2_camera_msgs/hook/cmake_prefix_path.ps1'
[15.683s] INFO:colcon.colcon_core.shell:Creating environment descriptor '/home/aggregator/ros2_ws/install/realsense2_camera_msgs/share/realsense2_camera_msgs/hook/cmake_prefix_path.dsv'
[15.685s] INFO:colcon.colcon_core.shell:Creating environment hook '/home/aggregator/ros2_ws/install/realsense2_camera_msgs/share/realsense2_camera_msgs/hook/cmake_prefix_path.sh'
[15.687s] Level 1:colcon.colcon_core.environment:checking '/home/aggregator/ros2_ws/install/realsense2_camera_msgs/lib'
[15.688s] Level 1:colcon.colcon_core.shell:create_environment_hook('realsense2_camera_msgs', 'ld_library_path_lib')
[15.708s] INFO:colcon.colcon_core.shell:Creating environment hook '/home/aggregator/ros2_ws/install/realsense2_camera_msgs/share/realsense2_camera_msgs/hook/ld_library_path_lib.ps1'
[15.711s] INFO:colcon.colcon_core.shell:Creating environment descriptor '/home/aggregator/ros2_ws/install/realsense2_camera_msgs/share/realsense2_camera_msgs/hook/ld_library_path_lib.dsv'
[15.713s] INFO:colcon.colcon_core.shell:Creating environment hook '/home/aggregator/ros2_ws/install/realsense2_camera_msgs/share/realsense2_camera_msgs/hook/ld_library_path_lib.sh'
[15.715s] Level 1:colcon.colcon_core.environment:checking '/home/aggregator/ros2_ws/install/realsense2_camera_msgs/bin'
[15.715s] Level 1:colcon.colcon_core.environment:checking '/home/aggregator/ros2_ws/install/realsense2_camera_msgs/lib/pkgconfig/realsense2_camera_msgs.pc'
[15.716s] Level 1:colcon.colcon_core.environment:checking '/home/aggregator/ros2_ws/install/realsense2_camera_msgs/lib/python3.8/site-packages'
[15.716s] Level 1:colcon.colcon_core.shell:create_environment_hook('realsense2_camera_msgs', 'pythonpath')
[15.739s] INFO:colcon.colcon_core.shell:Creating environment hook '/home/aggregator/ros2_ws/install/realsense2_camera_msgs/share/realsense2_camera_msgs/hook/pythonpath.ps1'
[15.742s] INFO:colcon.colcon_core.shell:Creating environment descriptor '/home/aggregator/ros2_ws/install/realsense2_camera_msgs/share/realsense2_camera_msgs/hook/pythonpath.dsv'
[15.744s] INFO:colcon.colcon_core.shell:Creating environment hook '/home/aggregator/ros2_ws/install/realsense2_camera_msgs/share/realsense2_camera_msgs/hook/pythonpath.sh'
[15.765s] INFO:colcon.colcon_core.shell:Creating package script '/home/aggregator/ros2_ws/install/realsense2_camera_msgs/share/realsense2_camera_msgs/package.ps1'
[15.767s] INFO:colcon.colcon_core.shell:Creating package descriptor '/home/aggregator/ros2_ws/install/realsense2_camera_msgs/share/realsense2_camera_msgs/package.dsv'
[15.771s] INFO:colcon.colcon_core.shell:Creating package script '/home/aggregator/ros2_ws/install/realsense2_camera_msgs/share/realsense2_camera_msgs/package.sh'
[15.773s] INFO:colcon.colcon_core.shell:Creating package script '/home/aggregator/ros2_ws/install/realsense2_camera_msgs/share/realsense2_camera_msgs/package.bash'
[15.776s] INFO:colcon.colcon_core.shell:Creating package script '/home/aggregator/ros2_ws/install/realsense2_camera_msgs/share/realsense2_camera_msgs/package.zsh'
[15.778s] Level 1:colcon.colcon_core.environment:create_file_with_runtime_dependencies(/home/aggregator/ros2_ws/install/realsense2_camera_msgs/share/colcon-core/packages/realsense2_camera_msgs)
[15.782s] INFO:colcon.colcon_ros.task.ament_cmake.build:Building ROS package in '/home/aggregator/ros2_ws/src/realsense-ros/realsense2_camera' with build type 'ament_cmake'
[15.782s] INFO:colcon.colcon_cmake.task.cmake.build:Building CMake package in '/home/aggregator/ros2_ws/src/realsense-ros/realsense2_camera'
[15.814s] INFO:colcon.colcon_core.shell:Skip shell extension 'powershell' for command environment: Not usable outside of PowerShell
[15.815s] DEBUG:colcon.colcon_core.shell:Skip shell extension 'dsv' for command environment
[15.830s] DEBUG:colcon.colcon_core.shell:Ignoring prefix path '/opt/ros/foxy'
[15.842s] INFO:colcon.colcon_ros.task.ament_cmake.build:Building ROS package in '/home/aggregator/ros2_ws/src/realsense-ros/realsense2_description' with build type 'ament_cmake'
[15.844s] INFO:colcon.colcon_cmake.task.cmake.build:Building CMake package in '/home/aggregator/ros2_ws/src/realsense-ros/realsense2_description'
[15.867s] INFO:colcon.colcon_core.shell:Skip shell extension 'powershell' for command environment: Not usable outside of PowerShell
[15.868s] DEBUG:colcon.colcon_core.shell:Skip shell extension 'dsv' for command environment
[15.888s] DEBUG:colcon.colcon_core.shell:Ignoring prefix path '/opt/ros/foxy'
[15.917s] DEBUG:colcon.colcon_core.event_handler.log_command:Invoking command in '/home/aggregator/ros2_ws/build/realsense2_camera': AMENT_PREFIX_PATH=/home/aggregator/ros2_ws/install/realsense2_camera_msgs:${AMENT_PREFIX_PATH} CMAKE_PREFIX_PATH=/home/aggregator/ros2_ws/install/realsense2_camera_msgs:/opt/ros/foxy LD_LIBRARY_PATH=/home/aggregator/ros2_ws/install/realsense2_camera_msgs/lib:${LD_LIBRARY_PATH} PYTHONPATH=/home/aggregator/ros2_ws/install/realsense2_camera_msgs/lib/python3.8/site-packages:${PYTHONPATH} /usr/bin/cmake /home/aggregator/ros2_ws/src/realsense-ros/realsense2_camera -DAMENT_CMAKE_SYMLINK_INSTALL=1 -DCMAKE_INSTALL_PREFIX=/home/aggregator/ros2_ws/install/realsense2_camera
[15.949s] DEBUG:colcon.colcon_core.event_handler.log_command:Invoking command in '/home/aggregator/ros2_ws/build/realsense2_description': AMENT_PREFIX_PATH=/home/aggregator/ros2_ws/install/realsense2_camera_msgs:${AMENT_PREFIX_PATH} CMAKE_PREFIX_PATH=/home/aggregator/ros2_ws/install/realsense2_camera_msgs:/opt/ros/foxy LD_LIBRARY_PATH=/home/aggregator/ros2_ws/install/realsense2_camera_msgs/lib:${LD_LIBRARY_PATH} PYTHONPATH=/home/aggregator/ros2_ws/install/realsense2_camera_msgs/lib/python3.8/site-packages:${PYTHONPATH} /usr/bin/cmake /home/aggregator/ros2_ws/src/realsense-ros/realsense2_description -DAMENT_CMAKE_SYMLINK_INSTALL=1 -DCMAKE_INSTALL_PREFIX=/home/aggregator/ros2_ws/install/realsense2_description
[17.274s] DEBUG:colcon.colcon_core.event_handler.log_command:Invoked command in '/home/aggregator/ros2_ws/build/realsense2_description' returned '0': AMENT_PREFIX_PATH=/home/aggregator/ros2_ws/install/realsense2_camera_msgs:${AMENT_PREFIX_PATH} CMAKE_PREFIX_PATH=/home/aggregator/ros2_ws/install/realsense2_camera_msgs:/opt/ros/foxy LD_LIBRARY_PATH=/home/aggregator/ros2_ws/install/realsense2_camera_msgs/lib:${LD_LIBRARY_PATH} PYTHONPATH=/home/aggregator/ros2_ws/install/realsense2_camera_msgs/lib/python3.8/site-packages:${PYTHONPATH} /usr/bin/cmake /home/aggregator/ros2_ws/src/realsense-ros/realsense2_description -DAMENT_CMAKE_SYMLINK_INSTALL=1 -DCMAKE_INSTALL_PREFIX=/home/aggregator/ros2_ws/install/realsense2_description
[17.276s] DEBUG:colcon.colcon_core.event_handler.log_command:Invoking command in '/home/aggregator/ros2_ws/build/realsense2_description': AMENT_PREFIX_PATH=/home/aggregator/ros2_ws/install/realsense2_camera_msgs:${AMENT_PREFIX_PATH} CMAKE_PREFIX_PATH=/home/aggregator/ros2_ws/install/realsense2_camera_msgs:/opt/ros/foxy LD_LIBRARY_PATH=/home/aggregator/ros2_ws/install/realsense2_camera_msgs/lib:${LD_LIBRARY_PATH} PYTHONPATH=/home/aggregator/ros2_ws/install/realsense2_camera_msgs/lib/python3.8/site-packages:${PYTHONPATH} /usr/bin/cmake --build /home/aggregator/ros2_ws/build/realsense2_description -- -j2 -l2
[17.414s] DEBUG:colcon.colcon_core.event_handler.log_command:Invoked command in '/home/aggregator/ros2_ws/build/realsense2_description' returned '0': AMENT_PREFIX_PATH=/home/aggregator/ros2_ws/install/realsense2_camera_msgs:${AMENT_PREFIX_PATH} CMAKE_PREFIX_PATH=/home/aggregator/ros2_ws/install/realsense2_camera_msgs:/opt/ros/foxy LD_LIBRARY_PATH=/home/aggregator/ros2_ws/install/realsense2_camera_msgs/lib:${LD_LIBRARY_PATH} PYTHONPATH=/home/aggregator/ros2_ws/install/realsense2_camera_msgs/lib/python3.8/site-packages:${PYTHONPATH} /usr/bin/cmake --build /home/aggregator/ros2_ws/build/realsense2_description -- -j2 -l2
[17.485s] DEBUG:colcon.colcon_core.event_handler.log_command:Invoking command in '/home/aggregator/ros2_ws/build/realsense2_description': AMENT_PREFIX_PATH=/home/aggregator/ros2_ws/install/realsense2_camera_msgs:${AMENT_PREFIX_PATH} CMAKE_PREFIX_PATH=/home/aggregator/ros2_ws/install/realsense2_camera_msgs:/opt/ros/foxy LD_LIBRARY_PATH=/home/aggregator/ros2_ws/install/realsense2_camera_msgs/lib:${LD_LIBRARY_PATH} PYTHONPATH=/home/aggregator/ros2_ws/install/realsense2_camera_msgs/lib/python3.8/site-packages:${PYTHONPATH} /usr/bin/cmake --install /home/aggregator/ros2_ws/build/realsense2_description
[19.351s] Level 1:colcon.colcon_core.environment:create_environment_scripts_only(realsense2_description)
[19.359s] DEBUG:colcon.colcon_core.event_handler.log_command:Invoked command in '/home/aggregator/ros2_ws/build/realsense2_description' returned '0': AMENT_PREFIX_PATH=/home/aggregator/ros2_ws/install/realsense2_camera_msgs:${AMENT_PREFIX_PATH} CMAKE_PREFIX_PATH=/home/aggregator/ros2_ws/install/realsense2_camera_msgs:/opt/ros/foxy LD_LIBRARY_PATH=/home/aggregator/ros2_ws/install/realsense2_camera_msgs/lib:${LD_LIBRARY_PATH} PYTHONPATH=/home/aggregator/ros2_ws/install/realsense2_camera_msgs/lib/python3.8/site-packages:${PYTHONPATH} /usr/bin/cmake --install /home/aggregator/ros2_ws/build/realsense2_description
[19.382s] Level 1:colcon.colcon_core.environment:checking '/home/aggregator/ros2_ws/install/realsense2_description' for CMake module files
[19.390s] Level 1:colcon.colcon_core.environment:checking '/home/aggregator/ros2_ws/install/realsense2_description' for CMake config files
[19.392s] Level 1:colcon.colcon_core.shell:create_environment_hook('realsense2_description', 'cmake_prefix_path')
[19.429s] INFO:colcon.colcon_core.shell:Creating environment hook '/home/aggregator/ros2_ws/install/realsense2_description/share/realsense2_description/hook/cmake_prefix_path.ps1'
[19.431s] INFO:colcon.colcon_core.shell:Creating environment descriptor '/home/aggregator/ros2_ws/install/realsense2_description/share/realsense2_description/hook/cmake_prefix_path.dsv'
[19.434s] INFO:colcon.colcon_core.shell:Creating environment hook '/home/aggregator/ros2_ws/install/realsense2_description/share/realsense2_description/hook/cmake_prefix_path.sh'
[19.437s] Level 1:colcon.colcon_core.environment:checking '/home/aggregator/ros2_ws/install/realsense2_description/bin'
[19.437s] Level 1:colcon.colcon_core.environment:checking '/home/aggregator/ros2_ws/install/realsense2_description/lib/pkgconfig/realsense2_description.pc'
[19.438s] Level 1:colcon.colcon_core.environment:checking '/home/aggregator/ros2_ws/install/realsense2_description/lib/python3.8/site-packages'
[19.612s] INFO:colcon.colcon_core.shell:Creating package script '/home/aggregator/ros2_ws/install/realsense2_description/share/realsense2_description/package.ps1'
[19.622s] INFO:colcon.colcon_core.shell:Creating package descriptor '/home/aggregator/ros2_ws/install/realsense2_description/share/realsense2_description/package.dsv'
[19.630s] INFO:colcon.colcon_core.shell:Creating package script '/home/aggregator/ros2_ws/install/realsense2_description/share/realsense2_description/package.sh'
[19.643s] INFO:colcon.colcon_core.shell:Creating package script '/home/aggregator/ros2_ws/install/realsense2_description/share/realsense2_description/package.bash'
[19.665s] INFO:colcon.colcon_core.shell:Creating package script '/home/aggregator/ros2_ws/install/realsense2_description/share/realsense2_description/package.zsh'
[19.695s] Level 1:colcon.colcon_core.environment:create_file_with_runtime_dependencies(/home/aggregator/ros2_ws/install/realsense2_description/share/colcon-core/packages/realsense2_description)
[19.979s] Level 1:colcon.colcon_core.environment:create_environment_scripts_only(realsense2_description)
[20.031s] Level 1:colcon.colcon_core.environment:checking '/home/aggregator/ros2_ws/install/realsense2_description' for CMake module files
[20.035s] Level 1:colcon.colcon_core.environment:checking '/home/aggregator/ros2_ws/install/realsense2_description' for CMake config files
[20.036s] Level 1:colcon.colcon_core.shell:create_environment_hook('realsense2_description', 'cmake_prefix_path')
[20.054s] INFO:colcon.colcon_core.shell:Creating environment hook '/home/aggregator/ros2_ws/install/realsense2_description/share/realsense2_description/hook/cmake_prefix_path.ps1'
[20.057s] INFO:colcon.colcon_core.shell:Creating environment descriptor '/home/aggregator/ros2_ws/install/realsense2_description/share/realsense2_description/hook/cmake_prefix_path.dsv'
[20.060s] INFO:colcon.colcon_core.shell:Creating environment hook '/home/aggregator/ros2_ws/install/realsense2_description/share/realsense2_description/hook/cmake_prefix_path.sh'
[20.062s] Level 1:colcon.colcon_core.environment:checking '/home/aggregator/ros2_ws/install/realsense2_description/bin'
[20.062s] Level 1:colcon.colcon_core.environment:checking '/home/aggregator/ros2_ws/install/realsense2_description/lib/pkgconfig/realsense2_description.pc'
[20.063s] Level 1:colcon.colcon_core.environment:checking '/home/aggregator/ros2_ws/install/realsense2_description/lib/python3.8/site-packages'
[20.080s] INFO:colcon.colcon_core.shell:Creating package script '/home/aggregator/ros2_ws/install/realsense2_description/share/realsense2_description/package.ps1'
[20.083s] INFO:colcon.colcon_core.shell:Creating package descriptor '/home/aggregator/ros2_ws/install/realsense2_description/share/realsense2_description/package.dsv'
[20.085s] INFO:colcon.colcon_core.shell:Creating package script '/home/aggregator/ros2_ws/install/realsense2_description/share/realsense2_description/package.sh'
[20.087s] INFO:colcon.colcon_core.shell:Creating package script '/home/aggregator/ros2_ws/install/realsense2_description/share/realsense2_description/package.bash'
[20.090s] INFO:colcon.colcon_core.shell:Creating package script '/home/aggregator/ros2_ws/install/realsense2_description/share/realsense2_description/package.zsh'
[20.092s] Level 1:colcon.colcon_core.environment:create_file_with_runtime_dependencies(/home/aggregator/ros2_ws/install/realsense2_description/share/colcon-core/packages/realsense2_description)
[23.374s] DEBUG:colcon.colcon_core.event_handler.log_command:Invoked command in '/home/aggregator/ros2_ws/build/realsense2_camera' returned '0': AMENT_PREFIX_PATH=/home/aggregator/ros2_ws/install/realsense2_camera_msgs:${AMENT_PREFIX_PATH} CMAKE_PREFIX_PATH=/home/aggregator/ros2_ws/install/realsense2_camera_msgs:/opt/ros/foxy LD_LIBRARY_PATH=/home/aggregator/ros2_ws/install/realsense2_camera_msgs/lib:${LD_LIBRARY_PATH} PYTHONPATH=/home/aggregator/ros2_ws/install/realsense2_camera_msgs/lib/python3.8/site-packages:${PYTHONPATH} /usr/bin/cmake /home/aggregator/ros2_ws/src/realsense-ros/realsense2_camera -DAMENT_CMAKE_SYMLINK_INSTALL=1 -DCMAKE_INSTALL_PREFIX=/home/aggregator/ros2_ws/install/realsense2_camera
[23.384s] DEBUG:colcon.colcon_core.event_handler.log_command:Invoking command in '/home/aggregator/ros2_ws/build/realsense2_camera': AMENT_PREFIX_PATH=/home/aggregator/ros2_ws/install/realsense2_camera_msgs:${AMENT_PREFIX_PATH} CMAKE_PREFIX_PATH=/home/aggregator/ros2_ws/install/realsense2_camera_msgs:/opt/ros/foxy LD_LIBRARY_PATH=/home/aggregator/ros2_ws/install/realsense2_camera_msgs/lib:${LD_LIBRARY_PATH} PYTHONPATH=/home/aggregator/ros2_ws/install/realsense2_camera_msgs/lib/python3.8/site-packages:${PYTHONPATH} /usr/bin/cmake --build /home/aggregator/ros2_ws/build/realsense2_camera -- -j2 -l2
[43.744s] DEBUG:colcon.colcon_core.event_handler.log_command:Invoked command in '/home/aggregator/ros2_ws/build/realsense2_camera' returned '0': AMENT_PREFIX_PATH=/home/aggregator/ros2_ws/install/realsense2_camera_msgs:${AMENT_PREFIX_PATH} CMAKE_PREFIX_PATH=/home/aggregator/ros2_ws/install/realsense2_camera_msgs:/opt/ros/foxy LD_LIBRARY_PATH=/home/aggregator/ros2_ws/install/realsense2_camera_msgs/lib:${LD_LIBRARY_PATH} PYTHONPATH=/home/aggregator/ros2_ws/install/realsense2_camera_msgs/lib/python3.8/site-packages:${PYTHONPATH} /usr/bin/cmake --build /home/aggregator/ros2_ws/build/realsense2_camera -- -j2 -l2
[43.980s] DEBUG:colcon.colcon_core.event_handler.log_command:Invoking command in '/home/aggregator/ros2_ws/build/realsense2_camera': AMENT_PREFIX_PATH=/home/aggregator/ros2_ws/install/realsense2_camera_msgs:${AMENT_PREFIX_PATH} CMAKE_PREFIX_PATH=/home/aggregator/ros2_ws/install/realsense2_camera_msgs:/opt/ros/foxy LD_LIBRARY_PATH=/home/aggregator/ros2_ws/install/realsense2_camera_msgs/lib:${LD_LIBRARY_PATH} PYTHONPATH=/home/aggregator/ros2_ws/install/realsense2_camera_msgs/lib/python3.8/site-packages:${PYTHONPATH} /usr/bin/cmake --install /home/aggregator/ros2_ws/build/realsense2_camera
[45.529s] Level 1:colcon.colcon_core.environment:create_environment_scripts_only(realsense2_camera)
[45.540s] DEBUG:colcon.colcon_core.event_handler.log_command:Invoked command in '/home/aggregator/ros2_ws/build/realsense2_camera' returned '0': AMENT_PREFIX_PATH=/home/aggregator/ros2_ws/install/realsense2_camera_msgs:${AMENT_PREFIX_PATH} CMAKE_PREFIX_PATH=/home/aggregator/ros2_ws/install/realsense2_camera_msgs:/opt/ros/foxy LD_LIBRARY_PATH=/home/aggregator/ros2_ws/install/realsense2_camera_msgs/lib:${LD_LIBRARY_PATH} PYTHONPATH=/home/aggregator/ros2_ws/install/realsense2_camera_msgs/lib/python3.8/site-packages:${PYTHONPATH} /usr/bin/cmake --install /home/aggregator/ros2_ws/build/realsense2_camera
[45.558s] Level 1:colcon.colcon_core.environment:checking '/home/aggregator/ros2_ws/install/realsense2_camera' for CMake module files
[45.560s] Level 1:colcon.colcon_core.environment:checking '/home/aggregator/ros2_ws/install/realsense2_camera' for CMake config files
[45.608s] Level 1:colcon.colcon_core.shell:create_environment_hook('realsense2_camera', 'cmake_prefix_path')
[45.626s] INFO:colcon.colcon_core.shell:Creating environment hook '/home/aggregator/ros2_ws/install/realsense2_camera/share/realsense2_camera/hook/cmake_prefix_path.ps1'
[45.628s] INFO:colcon.colcon_core.shell:Creating environment descriptor '/home/aggregator/ros2_ws/install/realsense2_camera/share/realsense2_camera/hook/cmake_prefix_path.dsv'
[45.630s] INFO:colcon.colcon_core.shell:Creating environment hook '/home/aggregator/ros2_ws/install/realsense2_camera/share/realsense2_camera/hook/cmake_prefix_path.sh'
[45.632s] Level 1:colcon.colcon_core.environment:checking '/home/aggregator/ros2_ws/install/realsense2_camera/lib'
[45.633s] Level 1:colcon.colcon_core.shell:create_environment_hook('realsense2_camera', 'ld_library_path_lib')
[45.650s] INFO:colcon.colcon_core.shell:Creating environment hook '/home/aggregator/ros2_ws/install/realsense2_camera/share/realsense2_camera/hook/ld_library_path_lib.ps1'
[45.655s] INFO:colcon.colcon_core.shell:Creating environment descriptor '/home/aggregator/ros2_ws/install/realsense2_camera/share/realsense2_camera/hook/ld_library_path_lib.dsv'
[45.657s] INFO:colcon.colcon_core.shell:Creating environment hook '/home/aggregator/ros2_ws/install/realsense2_camera/share/realsense2_camera/hook/ld_library_path_lib.sh'
[45.659s] Level 1:colcon.colcon_core.environment:checking '/home/aggregator/ros2_ws/install/realsense2_camera/bin'
[45.659s] Level 1:colcon.colcon_core.environment:checking '/home/aggregator/ros2_ws/install/realsense2_camera/lib/pkgconfig/realsense2_camera.pc'
[45.660s] Level 1:colcon.colcon_core.environment:checking '/home/aggregator/ros2_ws/install/realsense2_camera/lib/python3.8/site-packages'
[45.681s] INFO:colcon.colcon_core.shell:Creating package script '/home/aggregator/ros2_ws/install/realsense2_camera/share/realsense2_camera/package.ps1'
[45.684s] INFO:colcon.colcon_core.shell:Creating package descriptor '/home/aggregator/ros2_ws/install/realsense2_camera/share/realsense2_camera/package.dsv'
[45.686s] INFO:colcon.colcon_core.shell:Creating package script '/home/aggregator/ros2_ws/install/realsense2_camera/share/realsense2_camera/package.sh'
[45.688s] INFO:colcon.colcon_core.shell:Creating package script '/home/aggregator/ros2_ws/install/realsense2_camera/share/realsense2_camera/package.bash'
[45.690s] INFO:colcon.colcon_core.shell:Creating package script '/home/aggregator/ros2_ws/install/realsense2_camera/share/realsense2_camera/package.zsh'
[45.691s] Level 1:colcon.colcon_core.environment:create_file_with_runtime_dependencies(/home/aggregator/ros2_ws/install/realsense2_camera/share/colcon-core/packages/realsense2_camera)
[45.896s] Level 1:colcon.colcon_core.environment:create_environment_scripts_only(realsense2_camera)
[45.914s] Level 1:colcon.colcon_core.environment:checking '/home/aggregator/ros2_ws/install/realsense2_camera' for CMake module files
[45.916s] Level 1:colcon.colcon_core.environment:checking '/home/aggregator/ros2_ws/install/realsense2_camera' for CMake config files
[45.917s] Level 1:colcon.colcon_core.shell:create_environment_hook('realsense2_camera', 'cmake_prefix_path')
[45.936s] INFO:colcon.colcon_core.shell:Creating environment hook '/home/aggregator/ros2_ws/install/realsense2_camera/share/realsense2_camera/hook/cmake_prefix_path.ps1'
[45.938s] INFO:colcon.colcon_core.shell:Creating environment descriptor '/home/aggregator/ros2_ws/install/realsense2_camera/share/realsense2_camera/hook/cmake_prefix_path.dsv'
[45.940s] INFO:colcon.colcon_core.shell:Creating environment hook '/home/aggregator/ros2_ws/install/realsense2_camera/share/realsense2_camera/hook/cmake_prefix_path.sh'
[45.943s] Level 1:colcon.colcon_core.environment:checking '/home/aggregator/ros2_ws/install/realsense2_camera/lib'
[45.943s] Level 1:colcon.colcon_core.shell:create_environment_hook('realsense2_camera', 'ld_library_path_lib')
[45.965s] INFO:colcon.colcon_core.shell:Creating environment hook '/home/aggregator/ros2_ws/install/realsense2_camera/share/realsense2_camera/hook/ld_library_path_lib.ps1'
[45.967s] INFO:colcon.colcon_core.shell:Creating environment descriptor '/home/aggregator/ros2_ws/install/realsense2_camera/share/realsense2_camera/hook/ld_library_path_lib.dsv'
[45.968s] INFO:colcon.colcon_core.shell:Creating environment hook '/home/aggregator/ros2_ws/install/realsense2_camera/share/realsense2_camera/hook/ld_library_path_lib.sh'
[45.971s] Level 1:colcon.colcon_core.environment:checking '/home/aggregator/ros2_ws/install/realsense2_camera/bin'
[45.972s] Level 1:colcon.colcon_core.environment:checking '/home/aggregator/ros2_ws/install/realsense2_camera/lib/pkgconfig/realsense2_camera.pc'
[45.972s] Level 1:colcon.colcon_core.environment:checking '/home/aggregator/ros2_ws/install/realsense2_camera/lib/python3.8/site-packages'
[45.991s] INFO:colcon.colcon_core.shell:Creating package script '/home/aggregator/ros2_ws/install/realsense2_camera/share/realsense2_camera/package.ps1'
[45.994s] INFO:colcon.colcon_core.shell:Creating package descriptor '/home/aggregator/ros2_ws/install/realsense2_camera/share/realsense2_camera/package.dsv'
[45.996s] INFO:colcon.colcon_core.shell:Creating package script '/home/aggregator/ros2_ws/install/realsense2_camera/share/realsense2_camera/package.sh'
[45.998s] INFO:colcon.colcon_core.shell:Creating package script '/home/aggregator/ros2_ws/install/realsense2_camera/share/realsense2_camera/package.bash'
[46.000s] INFO:colcon.colcon_core.shell:Creating package script '/home/aggregator/ros2_ws/install/realsense2_camera/share/realsense2_camera/package.zsh'
[46.002s] Level 1:colcon.colcon_core.environment:create_file_with_runtime_dependencies(/home/aggregator/ros2_ws/install/realsense2_camera/share/colcon-core/packages/realsense2_camera)
[46.006s] DEBUG:colcon.colcon_parallel_executor.executor.parallel:closing loop
[46.007s] DEBUG:colcon.colcon_parallel_executor.executor.parallel:loop closed
[46.007s] DEBUG:colcon.colcon_parallel_executor.executor.parallel:run_until_complete finished with '0'
[46.008s] DEBUG:colcon.colcon_core.event_reactor:joining thread
[46.060s] INFO:colcon.colcon_core.plugin_system:Skipping extension 'colcon_notification.desktop_notification.terminal_notifier': Not used on non-Darwin systems
[46.060s] INFO:colcon.colcon_core.plugin_system:Skipping extension 'colcon_notification.desktop_notification.win32': Not used on non-Windows systems
[46.060s] INFO:colcon.colcon_notification.desktop_notification:Sending desktop notification using 'notify2'
[46.258s] DEBUG:colcon.colcon_core.event_reactor:joined thread
[46.277s] INFO:colcon.colcon_core.shell:Creating prefix script '/home/aggregator/ros2_ws/install/local_setup.ps1'
[46.281s] INFO:colcon.colcon_core.shell:Creating prefix util module '/home/aggregator/ros2_ws/install/_local_setup_util_ps1.py'
[46.294s] INFO:colcon.colcon_core.shell:Creating prefix chain script '/home/aggregator/ros2_ws/install/setup.ps1'
[46.321s] INFO:colcon.colcon_core.shell:Creating prefix script '/home/aggregator/ros2_ws/install/local_setup.sh'
[46.325s] INFO:colcon.colcon_core.shell:Creating prefix util module '/home/aggregator/ros2_ws/install/_local_setup_util_sh.py'
[46.327s] INFO:colcon.colcon_core.shell:Creating prefix chain script '/home/aggregator/ros2_ws/install/setup.sh'
[46.345s] INFO:colcon.colcon_core.shell:Creating prefix script '/home/aggregator/ros2_ws/install/local_setup.bash'
[46.348s] INFO:colcon.colcon_core.shell:Creating prefix chain script '/home/aggregator/ros2_ws/install/setup.bash'
[46.367s] INFO:colcon.colcon_core.shell:Creating prefix script '/home/aggregator/ros2_ws/install/local_setup.zsh'
[46.370s] INFO:colcon.colcon_core.shell:Creating prefix chain script '/home/aggregator/ros2_ws/install/setup.zsh'
